Using pre-set license
Built from '2021.2/staging' branch; Version is '2021.2.14f1 (bcb93e5482d2) revision 12368190'; Using compiler version '192829333'; Build Type 'Release'
OS: 'Windows 10  (10.0.19041) 64bit Enterprise' Language: 'en' Physical Memory: 8078 MB
BatchMode: 1, IsHumanControllingUs: 0, StartBugReporterOnCrash: 0, Is64bit: 1, IsPro: 1

COMMAND LINE ARGUMENTS:
C:\Program Files\Unity\Hub\Editor\2021.2.14f1\Editor\Unity.exe
-adb2
-batchMode
-noUpm
-name
AssetImportWorker8
-projectPath
C:/Users/user/Desktop/Project1/Project1-Game-Programming/Animals
-logFile
Logs/AssetImportWorker8.log
-srvPort
51333
Successfully changed project path to: C:/Users/user/Desktop/Project1/Project1-Game-Programming/Animals
C:/Users/user/Desktop/Project1/Project1-Game-Programming/Animals
[UnityMemory] Configuration Parameters - Can be set up in boot.config
    "memorysetup-bucket-allocator-granularity=16"
    "memorysetup-bucket-allocator-bucket-count=8"
    "memorysetup-bucket-allocator-block-size=33554432"
    "memorysetup-bucket-allocator-block-count=8"
    "memorysetup-main-allocator-block-size=16777216"
    "memorysetup-thread-allocator-block-size=16777216"
    "memorysetup-gfx-main-allocator-block-size=16777216"
    "memorysetup-gfx-thread-allocator-block-size=16777216"
    "memorysetup-cache-allocator-block-size=4194304"
    "memorysetup-typetree-allocator-block-size=2097152"
    "memorysetup-profiler-bucket-allocator-granularity=16"
    "memorysetup-profiler-bucket-allocator-bucket-count=8"
    "memorysetup-profiler-bucket-allocator-block-size=33554432"
    "memorysetup-profiler-bucket-allocator-block-count=8"
    "memorysetup-profiler-allocator-block-size=16777216"
    "memorysetup-profiler-editor-allocator-block-size=1048576"
    "memorysetup-temp-allocator-size-main=16777216"
    "memorysetup-job-temp-allocator-block-size=2097152"
    "memorysetup-job-temp-allocator-block-size-background=1048576"
    "memorysetup-job-temp-allocator-reduction-small-platforms=262144"
    "memorysetup-temp-allocator-size-background-worker=32768"
    "memorysetup-temp-allocator-size-job-worker=262144"
    "memorysetup-temp-allocator-size-preload-manager=33554432"
    "memorysetup-temp-allocator-size-nav-mesh-worker=65536"
    "memorysetup-temp-allocator-size-audio-worker=65536"
    "memorysetup-temp-allocator-size-cloud-worker=32768"
    "memorysetup-temp-allocator-size-gi-baking-worker=262144"
    "memorysetup-temp-allocator-size-gfx=262144"
Refreshing native plugins compatible for Editor in 355.41 ms, found 3 plugins.
Preloading 0 native plugins for Editor in 0.00 ms.
Initialize engine version: 2021.2.14f1 (bcb93e5482d2)
[Subsystems] Discovering subsystems at path C:/Program Files/Unity/Hub/Editor/2021.2.14f1/Editor/Data/Resources/UnitySubsystems
[Subsystems] Discovering subsystems at path C:/Users/user/Desktop/Project1/Project1-Game-Programming/Animals/Assets
GfxDevice: creating device client; threaded=0; jobified=0
Direct3D:
    Version:  Direct3D 11.0 [level 11.0]
    Renderer: NVIDIA GeForce MX130 (ID=0x174d)
    Vendor:   NVIDIA
    VRAM:     4055 MB
    Driver:   26.21.14.3086
Initialize mono
Mono path[0] = 'C:/Program Files/Unity/Hub/Editor/2021.2.14f1/Editor/Data/Managed'
Mono path[1] = 'C:/Program Files/Unity/Hub/Editor/2021.2.14f1/Editor/Data/MonoBleedingEdge/lib/mono/unityjit-win32'
Mono config path = 'C:/Program Files/Unity/Hub/Editor/2021.2.14f1/Editor/Data/MonoBleedingEdge/etc'
Using monoOptions --debugger-agent=transport=dt_socket,embedding=1,server=y,suspend=n,address=127.0.0.1:56424
Begin MonoManager ReloadAssembly
Registering precompiled unity dll's ...
Register platform support module: C:/Program Files/Unity/Hub/Editor/2021.2.14f1/Editor/Data/PlaybackEngines/WindowsStandaloneSupport/UnityEditor.WindowsStandalone.Extensions.dll
Registered in 0.017461 seconds.
Native extension for WindowsStandalone target not found
Refreshing native plugins compatible for Editor in 377.98 ms, found 3 plugins.
Preloading 0 native plugins for Editor in 0.00 ms.
Mono: successfully reloaded assembly
- Completed reload, in  1.917 seconds
Domain Reload Profiling:
	ReloadAssembly (1919ms)
		BeginReloadAssembly (183ms)
			ExecutionOrderSort (0ms)
			DisableScriptedObjects (0ms)
			BackupInstance (0ms)
			ReleaseScriptingObjects (0ms)
			CreateAndSetChildDomain (1ms)
		EndReloadAssembly (1408ms)
			LoadAssemblies (177ms)
			RebuildTransferFunctionScriptingTraits (0ms)
			SetupTypeCache (260ms)
			ReleaseScriptCaches (0ms)
			RebuildScriptCaches (83ms)
			SetupLoadedEditorAssemblies (937ms)
				LogAssemblyErrors (0ms)
				InitializePlatformSupportModulesInManaged (21ms)
				SetLoadedEditorAssemblies (1ms)
				RefreshPlugins (378ms)
				BeforeProcessingInitializeOnLoad (3ms)
				ProcessInitializeOnLoadAttributes (404ms)
				ProcessInitializeOnLoadMethodAttributes (129ms)
				AfterProcessingInitializeOnLoad (0ms)
				EditorAssembliesLoaded (0ms)
			ExecutionOrderSort2 (0ms)
			AwakeInstancesAfterBackupRestoration (0ms)
Platform modules already initialized, skipping
Registering precompiled user dll's ...
Registered in 0.023182 seconds.
Begin MonoManager ReloadAssembly
Symbol file LoadedFromMemory doesn't match image C:\Users\user\Desktop\Project1\Project1-Game-Programming\Animals\Library\PackageCache\com.unity.visualscripting@1.7.7\Editor\VisualScripting.Core\Dependencies\YamlDotNet\Unity.VisualScripting.YamlDotNet.dll
Symbol file LoadedFromMemory doesn't match image C:\Users\user\Desktop\Project1\Project1-Game-Programming\Animals\Library\PackageCache\com.unity.visualscripting@1.7.7\Editor\VisualScripting.Core\Dependencies\DotNetZip\Unity.VisualScripting.IonicZip.dll
Native extension for WindowsStandalone target not found
Refreshing native plugins compatible for Editor in 406.91 ms, found 3 plugins.
Preloading 0 native plugins for Editor in 0.00 ms.
Mono: successfully reloaded assembly
- Completed reload, in  5.564 seconds
Domain Reload Profiling:
	ReloadAssembly (5566ms)
		BeginReloadAssembly (288ms)
			ExecutionOrderSort (0ms)
			DisableScriptedObjects (19ms)
			BackupInstance (0ms)
			ReleaseScriptingObjects (0ms)
			CreateAndSetChildDomain (46ms)
		EndReloadAssembly (4930ms)
			LoadAssemblies (229ms)
			RebuildTransferFunctionScriptingTraits (0ms)
			SetupTypeCache (961ms)
			ReleaseScriptCaches (2ms)
			RebuildScriptCaches (286ms)
			SetupLoadedEditorAssemblies (3328ms)
				LogAssemblyErrors (0ms)
				InitializePlatformSupportModulesInManaged (13ms)
				SetLoadedEditorAssemblies (0ms)
				RefreshPlugins (407ms)
				BeforeProcessingInitializeOnLoad (361ms)
				ProcessInitializeOnLoadAttributes (2419ms)
				ProcessInitializeOnLoadMethodAttributes (100ms)
				AfterProcessingInitializeOnLoad (27ms)
				EditorAssembliesLoaded (0ms)
			ExecutionOrderSort2 (0ms)
			AwakeInstancesAfterBackupRestoration (14ms)
Platform modules already initialized, skipping
========================================================================
Worker process is ready to serve import requests
Launched and connected shader compiler UnityShaderCompiler.exe after 1.36 seconds
Refreshing native plugins compatible for Editor in 2.71 ms, found 3 plugins.
Preloading 0 native plugins for Editor in 0.00 ms.
Unloading 6630 Unused Serialized files (Serialized files now loaded: 0)
Unloading 158 unused Assets / (11.7 MB). Loaded Objects now: 6993.
Memory consumption went from 308.8 MB to 297.1 MB.
Total: 12.702800 ms (FindLiveObjects: 0.857900 ms CreateObjectMapping: 0.968700 ms MarkObjects: 7.332100 ms  DeleteObjects: 3.542300 ms)

AssetImportParameters requested are different than current active one (requested -> active):
  custom:video-decoder-ogg-theora: a1e56fd34408186e4bbccfd4996cb3dc -> 
  custom:container-muxer-webm: aa71ff27fc2769a1b78a27578f13a17b -> 
  custom:container-demuxer-webm: 4f35f7cbe854078d1ac9338744f61a02 -> 
  custom:video-encoder-webm-vp8: eb34c28f22e8b96e1ab97ce403110664 -> 
  custom:audio-encoder-webm-vorbis: bf7c407c2cedff20999df2af8eb42d56 -> 
  custom:framework-win-MediaFoundation: 216162199b28c13a410421893ffa2e32 -> 
  custom:container-demuxer-ogg: 62fdf1f143b41e24485cea50d1cbac27 -> 
  custom:video-decoder-webm-vp8: 9c59270c3fd7afecdb556c50c9e8de78 -> 
  custom:audio-decoder-ogg-vorbis: bf7c407c2cedff20999df2af8eb42d56 -> 
========================================================================
Received Import Request.
  Time since last request: 18082.774972 seconds.
  path: Assets/all_characters/Tiger/Animation/animal_movement.anim
  artifactKey: Guid(5c8263b7bd249254ba4f7fec3f1f715c) Importer(815301076,1909f56bfc062723c751e8b465ee728b)
Start importing Assets/all_characters/Tiger/Animation/animal_movement.anim using Guid(5c8263b7bd249254ba4f7fec3f1f715c) Importer(815301076,1909f56bfc062723c751e8b465ee728b)  -> (artifact id: '934809495d8b22da93d1554e122b8887') in 0.279410 seconds 
========================================================================
Received Import Request.
  Time since last request: 0.000045 seconds.
  path: Assets/all_characters/Tiger/Animation/Tiger.controller
  artifactKey: Guid(98ead382011a0a14cb9edd1e437205ff) Importer(815301076,1909f56bfc062723c751e8b465ee728b)
Start importing Assets/all_characters/Tiger/Animation/Tiger.controller using Guid(98ead382011a0a14cb9edd1e437205ff) Importer(815301076,1909f56bfc062723c751e8b465ee728b)  -> (artifact id: 'bb712d6bcc47a5b3c17201a2f8cd5765') in 0.097968 seconds 
========================================================================
Received Import Request.
  Time since last request: 0.000056 seconds.
  path: Assets/all_characters/Tiger/Animation/Hit.fbx
  artifactKey: Guid(3ba44afe9035c5e409c30bae1ec51c36) Importer(815301076,1909f56bfc062723c751e8b465ee728b)
Start importing Assets/all_characters/Tiger/Animation/Hit.fbx using Guid(3ba44afe9035c5e409c30bae1ec51c36) Importer(815301076,1909f56bfc062723c751e8b465ee728b)  -> (artifact id: '56b5260aa6b8e428ded0b9344c49ad8b') in 3.201451 seconds 
========================================================================
Received Import Request.
  Time since last request: 0.000043 seconds.
  path: Assets/all_characters/Tiger/Animation/tiger_idle.fbx
  artifactKey: Guid(0faaca137bc5a794098e6b71f8bb22f6) Importer(815301076,1909f56bfc062723c751e8b465ee728b)
Start importing Assets/all_characters/Tiger/Animation/tiger_idle.fbx using Guid(0faaca137bc5a794098e6b71f8bb22f6) Importer(815301076,1909f56bfc062723c751e8b465ee728b)  -> (artifact id: 'e17420c37e3308bd556865e3e7cda34c') in 0.253906 seconds 
========================================================================
Received Import Request.
  Time since last request: 0.000059 seconds.
  path: Assets/all_characters/Tiger/Animation
  artifactKey: Guid(b2d3e523d71e2e647aad91d024c4a004) Importer(815301076,1909f56bfc062723c751e8b465ee728b)
Start importing Assets/all_characters/Tiger/Animation using Guid(b2d3e523d71e2e647aad91d024c4a004) Importer(815301076,1909f56bfc062723c751e8b465ee728b)  -> (artifact id: '14bf8f20f52ab204715eaf3b2b8c45b6') in 0.012553 seconds 
========================================================================
Received Import Request.
  Time since last request: 0.000044 seconds.
  path: Assets/all_characters/Tiger/Animation/Walk.fbx
  artifactKey: Guid(427f72e3e110e5145bf4956336b40f6f) Importer(815301076,1909f56bfc062723c751e8b465ee728b)
Start importing Assets/all_characters/Tiger/Animation/Walk.fbx using Guid(427f72e3e110e5145bf4956336b40f6f) Importer(815301076,1909f56bfc062723c751e8b465ee728b)  -> (artifact id: '29c7bf74fa767cbd91d0b7a5e68c9fea') in 0.127496 seconds 
========================================================================
Received Import Request.
  Time since last request: 315.284943 seconds.
  path: Assets/all_characters/Tiger/Materials
  artifactKey: Guid(f42469215bbf01a4a9052b48d4072b9c) Importer(815301076,1909f56bfc062723c751e8b465ee728b)
Start importing Assets/all_characters/Tiger/Materials using Guid(f42469215bbf01a4a9052b48d4072b9c) Importer(815301076,1909f56bfc062723c751e8b465ee728b)  -> (artifact id: '82e24881efd0835db15591f98d4b1942') in 0.012759 seconds 
========================================================================
Received Import Request.
  Time since last request: 0.139082 seconds.
  path: Assets/all_characters/Tiger/Materials/Eyes_outer.mat
  artifactKey: Guid(9b8877a3e2f704646b9c12b53edc3ab7) Importer(815301076,1909f56bfc062723c751e8b465ee728b)
Start importing Assets/all_characters/Tiger/Materials/Eyes_outer.mat using Guid(9b8877a3e2f704646b9c12b53edc3ab7) Importer(815301076,1909f56bfc062723c751e8b465ee728b)  -> (artifact id: 'cb613e5f0e1cf0db212ae6c45a5cb729') in 3.345264 seconds 
========================================================================
Received Import Request.
  Time since last request: 340.779785 seconds.
  path: Assets/all_characters/Elephant_Jahaziel/Model
  artifactKey: Guid(2f9c59f14b4e37e4184bfaa8fb483d40) Importer(815301076,1909f56bfc062723c751e8b465ee728b)
Start importing Assets/all_characters/Elephant_Jahaziel/Model using Guid(2f9c59f14b4e37e4184bfaa8fb483d40) Importer(815301076,1909f56bfc062723c751e8b465ee728b)  -> (artifact id: 'fe38908c143e553936bc8836f15ddf35') in 0.024040 seconds 
========================================================================
Received Import Request.
  Time since last request: 14.184957 seconds.
  path: Assets/all_characters/Elephant_Jahaziel/Model/Elephant.controller
  artifactKey: Guid(af472812a384a2d4582ffde45dfb0e89) Importer(815301076,1909f56bfc062723c751e8b465ee728b)
Start importing Assets/all_characters/Elephant_Jahaziel/Model/Elephant.controller using Guid(af472812a384a2d4582ffde45dfb0e89) Importer(815301076,1909f56bfc062723c751e8b465ee728b)  -> (artifact id: '2cf142670bc8d78208cb4ed467d9b709') in 0.040798 seconds 
========================================================================
Received Import Request.
  Time since last request: 72.554147 seconds.
  path: Assets/all_characters/Tiger/Animation/animal_movement.anim
  artifactKey: Guid(5c8263b7bd249254ba4f7fec3f1f715c) Importer(815301076,1909f56bfc062723c751e8b465ee728b)
Start importing Assets/all_characters/Tiger/Animation/animal_movement.anim using Guid(5c8263b7bd249254ba4f7fec3f1f715c) Importer(815301076,1909f56bfc062723c751e8b465ee728b)  -> (artifact id: 'a468b0ee4858db48c113af1908437478') in 0.031659 seconds 
========================================================================
Received Import Request.
  Time since last request: 13.086837 seconds.
  path: Assets/all_characters/Elephant_Jahaziel/Model/Materials/blinn2.mat
  artifactKey: Guid(2e8145b2ba23c1840badbfa218feecad) Importer(815301076,1909f56bfc062723c751e8b465ee728b)
Start importing Assets/all_characters/Elephant_Jahaziel/Model/Materials/blinn2.mat using Guid(2e8145b2ba23c1840badbfa218feecad) Importer(815301076,1909f56bfc062723c751e8b465ee728b)  -> (artifact id: '29130f26b9e973a896af05b76e0625c3') in 0.041237 seconds 
========================================================================
Received Import Request.
  Time since last request: 0.000034 seconds.
  path: Assets/all_characters/Elephant_Jahaziel/Model/Materials/Elephant01.mat
  artifactKey: Guid(cf7dd014c1e8288408e27ac9087b15ca) Importer(815301076,1909f56bfc062723c751e8b465ee728b)
Start importing Assets/all_characters/Elephant_Jahaziel/Model/Materials/Elephant01.mat using Guid(cf7dd014c1e8288408e27ac9087b15ca) Importer(815301076,1909f56bfc062723c751e8b465ee728b)  -> (artifact id: '4aa8148ea5daafff1e57f62828fe05bd') in 0.175663 seconds 
========================================================================
Received Import Request.
  Time since last request: 13.358042 seconds.
  path: Assets/all_characters/Tiger/Animation/animal_movement 1.anim
  artifactKey: Guid(af0aef64da68fb641ac17d68a331b6aa) Importer(815301076,1909f56bfc062723c751e8b465ee728b)
Start importing Assets/all_characters/Tiger/Animation/animal_movement 1.anim using Guid(af0aef64da68fb641ac17d68a331b6aa) Importer(815301076,1909f56bfc062723c751e8b465ee728b)  -> (artifact id: '799f9d299b115bee808f7232383ec2b6') in 0.008413 seconds 
========================================================================
Received Import Request.
  Time since last request: 6.190131 seconds.
  path: Assets/all_characters/Elephant_Jahaziel/Model/Elephant.fbx
  artifactKey: Guid(9e9c8c5bbda655a48b36b528b5561630) Importer(815301076,1909f56bfc062723c751e8b465ee728b)
Start importing Assets/all_characters/Elephant_Jahaziel/Model/Elephant.fbx using Guid(9e9c8c5bbda655a48b36b528b5561630) Importer(815301076,1909f56bfc062723c751e8b465ee728b)  -> (artifact id: 'e6ad3edac4b79964ae977437820a792d') in 0.108190 seconds 
========================================================================
Received Import Request.
  Time since last request: 3.608370 seconds.
  path: Assets/all_characters/Elephant_Jahaziel/Model/Elephant.controller
  artifactKey: Guid(af472812a384a2d4582ffde45dfb0e89) Importer(815301076,1909f56bfc062723c751e8b465ee728b)
Start importing Assets/all_characters/Elephant_Jahaziel/Model/Elephant.controller using Guid(af472812a384a2d4582ffde45dfb0e89) Importer(815301076,1909f56bfc062723c751e8b465ee728b)  -> (artifact id: 'b33e43a75dd57a17c851d43e922b6b72') in 0.009388 seconds 
========================================================================
Received Import Request.
  Time since last request: 160.046829 seconds.
  path: Assets/all_characters/Elephant_Jahaziel/Model/Materials/UV_elefante.mat
  artifactKey: Guid(7881ec0c99b29a241a16cc9777582602) Importer(815301076,1909f56bfc062723c751e8b465ee728b)
Start importing Assets/all_characters/Elephant_Jahaziel/Model/Materials/UV_elefante.mat using Guid(7881ec0c99b29a241a16cc9777582602) Importer(815301076,1909f56bfc062723c751e8b465ee728b)  -> (artifact id: '966e5d109734e3d11e13916e3d25cdcf') in 0.151863 seconds 
========================================================================
Received Prepare
Registering precompiled user dll's ...
Registered in 0.006840 seconds.
Begin MonoManager ReloadAssembly
Symbol file LoadedFromMemory doesn't match image C:\Users\user\Desktop\Project1\Project1-Game-Programming\Animals\Library\PackageCache\com.unity.visualscripting@1.7.7\Editor\VisualScripting.Core\Dependencies\YamlDotNet\Unity.VisualScripting.YamlDotNet.dll
Symbol file LoadedFromMemory doesn't match image C:\Users\user\Desktop\Project1\Project1-Game-Programming\Animals\Library\PackageCache\com.unity.visualscripting@1.7.7\Editor\VisualScripting.Core\Dependencies\DotNetZip\Unity.VisualScripting.IonicZip.dll
Native extension for WindowsStandalone target not found
Refreshing native plugins compatible for Editor in 2.34 ms, found 3 plugins.
Preloading 0 native plugins for Editor in 0.00 ms.
Mono: successfully reloaded assembly
- Completed reload, in  4.283 seconds
Domain Reload Profiling:
	ReloadAssembly (4284ms)
		BeginReloadAssembly (387ms)
			ExecutionOrderSort (0ms)
			DisableScriptedObjects (13ms)
			BackupInstance (0ms)
			ReleaseScriptingObjects (0ms)
			CreateAndSetChildDomain (122ms)
		EndReloadAssembly (3594ms)
			LoadAssemblies (268ms)
			RebuildTransferFunctionScriptingTraits (0ms)
			SetupTypeCache (1023ms)
			ReleaseScriptCaches (5ms)
			RebuildScriptCaches (219ms)
			SetupLoadedEditorAssemblies (1936ms)
				LogAssemblyErrors (0ms)
				InitializePlatformSupportModulesInManaged (35ms)
				SetLoadedEditorAssemblies (2ms)
				RefreshPlugins (3ms)
				BeforeProcessingInitializeOnLoad (279ms)
				ProcessInitializeOnLoadAttributes (1498ms)
				ProcessInitializeOnLoadMethodAttributes (95ms)
				AfterProcessingInitializeOnLoad (23ms)
				EditorAssembliesLoaded (1ms)
			ExecutionOrderSort2 (0ms)
			AwakeInstancesAfterBackupRestoration (14ms)
Platform modules already initialized, skipping
Refreshing native plugins compatible for Editor in 5.86 ms, found 3 plugins.
Preloading 0 native plugins for Editor in 0.00 ms.
Unloading 6431 Unused Serialized files (Serialized files now loaded: 0)
Unloading 137 unused Assets / (11.7 MB). Loaded Objects now: 7050.
Memory consumption went from 309.8 MB to 298.1 MB.
Total: 15.150200 ms (FindLiveObjects: 1.274200 ms CreateObjectMapping: 1.022200 ms MarkObjects: 9.285200 ms  DeleteObjects: 3.566600 ms)

AssetImportParameters requested are different than current active one (requested -> active):
  custom:video-decoder-ogg-theora: a1e56fd34408186e4bbccfd4996cb3dc -> 
  custom:container-muxer-webm: aa71ff27fc2769a1b78a27578f13a17b -> 
  custom:container-demuxer-webm: 4f35f7cbe854078d1ac9338744f61a02 -> 
  custom:video-encoder-webm-vp8: eb34c28f22e8b96e1ab97ce403110664 -> 
  custom:audio-encoder-webm-vorbis: bf7c407c2cedff20999df2af8eb42d56 -> 
  custom:framework-win-MediaFoundation: 216162199b28c13a410421893ffa2e32 -> 
  custom:container-demuxer-ogg: 62fdf1f143b41e24485cea50d1cbac27 -> 
  custom:video-decoder-webm-vp8: 9c59270c3fd7afecdb556c50c9e8de78 -> 
  custom:audio-decoder-ogg-vorbis: bf7c407c2cedff20999df2af8eb42d56 -> 
========================================================================
Received Prepare
Registering precompiled user dll's ...
Registered in 0.025882 seconds.
Begin MonoManager ReloadAssembly
Symbol file LoadedFromMemory doesn't match image C:\Users\user\Desktop\Project1\Project1-Game-Programming\Animals\Library\PackageCache\com.unity.visualscripting@1.7.7\Editor\VisualScripting.Core\Dependencies\YamlDotNet\Unity.VisualScripting.YamlDotNet.dll
Symbol file LoadedFromMemory doesn't match image C:\Users\user\Desktop\Project1\Project1-Game-Programming\Animals\Library\PackageCache\com.unity.visualscripting@1.7.7\Editor\VisualScripting.Core\Dependencies\DotNetZip\Unity.VisualScripting.IonicZip.dll
Native extension for WindowsStandalone target not found
Refreshing native plugins compatible for Editor in 2.77 ms, found 3 plugins.
Preloading 0 native plugins for Editor in 0.00 ms.
Mono: successfully reloaded assembly
- Completed reload, in  3.788 seconds
Domain Reload Profiling:
	ReloadAssembly (3790ms)
		BeginReloadAssembly (351ms)
			ExecutionOrderSort (0ms)
			DisableScriptedObjects (17ms)
			BackupInstance (0ms)
			ReleaseScriptingObjects (0ms)
			CreateAndSetChildDomain (101ms)
		EndReloadAssembly (3185ms)
			LoadAssemblies (221ms)
			RebuildTransferFunctionScriptingTraits (0ms)
			SetupTypeCache (939ms)
			ReleaseScriptCaches (5ms)
			RebuildScriptCaches (211ms)
			SetupLoadedEditorAssemblies (1676ms)
				LogAssemblyErrors (0ms)
				InitializePlatformSupportModulesInManaged (35ms)
				SetLoadedEditorAssemblies (1ms)
				RefreshPlugins (3ms)
				BeforeProcessingInitializeOnLoad (262ms)
				ProcessInitializeOnLoadAttributes (1271ms)
				ProcessInitializeOnLoadMethodAttributes (83ms)
				AfterProcessingInitializeOnLoad (20ms)
				EditorAssembliesLoaded (1ms)
			ExecutionOrderSort2 (0ms)
			AwakeInstancesAfterBackupRestoration (14ms)
Platform modules already initialized, skipping
Refreshing native plugins compatible for Editor in 6.19 ms, found 3 plugins.
Preloading 0 native plugins for Editor in 0.00 ms.
Unloading 6431 Unused Serialized files (Serialized files now loaded: 0)
Unloading 137 unused Assets / (11.7 MB). Loaded Objects now: 7064.
Memory consumption went from 309.8 MB to 298.1 MB.
Total: 10.265200 ms (FindLiveObjects: 0.773100 ms CreateObjectMapping: 0.746000 ms MarkObjects: 5.808900 ms  DeleteObjects: 2.935500 ms)

AssetImportParameters requested are different than current active one (requested -> active):
  custom:video-decoder-ogg-theora: a1e56fd34408186e4bbccfd4996cb3dc -> 
  custom:container-muxer-webm: aa71ff27fc2769a1b78a27578f13a17b -> 
  custom:container-demuxer-webm: 4f35f7cbe854078d1ac9338744f61a02 -> 
  custom:video-encoder-webm-vp8: eb34c28f22e8b96e1ab97ce403110664 -> 
  custom:audio-encoder-webm-vorbis: bf7c407c2cedff20999df2af8eb42d56 -> 
  custom:framework-win-MediaFoundation: 216162199b28c13a410421893ffa2e32 -> 
  custom:container-demuxer-ogg: 62fdf1f143b41e24485cea50d1cbac27 -> 
  custom:video-decoder-webm-vp8: 9c59270c3fd7afecdb556c50c9e8de78 -> 
  custom:audio-decoder-ogg-vorbis: bf7c407c2cedff20999df2af8eb42d56 -> 
========================================================================
Received Prepare
Registering precompiled user dll's ...
Registered in 0.015260 seconds.
Begin MonoManager ReloadAssembly
Symbol file LoadedFromMemory doesn't match image C:\Users\user\Desktop\Project1\Project1-Game-Programming\Animals\Library\PackageCache\com.unity.visualscripting@1.7.7\Editor\VisualScripting.Core\Dependencies\YamlDotNet\Unity.VisualScripting.YamlDotNet.dll
Symbol file LoadedFromMemory doesn't match image C:\Users\user\Desktop\Project1\Project1-Game-Programming\Animals\Library\PackageCache\com.unity.visualscripting@1.7.7\Editor\VisualScripting.Core\Dependencies\DotNetZip\Unity.VisualScripting.IonicZip.dll
Native extension for WindowsStandalone target not found
Refreshing native plugins compatible for Editor in 3.01 ms, found 3 plugins.
Preloading 0 native plugins for Editor in 0.00 ms.
Mono: successfully reloaded assembly
- Completed reload, in  4.210 seconds
Domain Reload Profiling:
	ReloadAssembly (4212ms)
		BeginReloadAssembly (383ms)
			ExecutionOrderSort (0ms)
			DisableScriptedObjects (12ms)
			BackupInstance (0ms)
			ReleaseScriptingObjects (0ms)
			CreateAndSetChildDomain (115ms)
		EndReloadAssembly (3532ms)
			LoadAssemblies (256ms)
			RebuildTransferFunctionScriptingTraits (0ms)
			SetupTypeCache (1040ms)
			ReleaseScriptCaches (5ms)
			RebuildScriptCaches (230ms)
			SetupLoadedEditorAssemblies (1853ms)
				LogAssemblyErrors (0ms)
				InitializePlatformSupportModulesInManaged (36ms)
				SetLoadedEditorAssemblies (2ms)
				RefreshPlugins (3ms)
				BeforeProcessingInitializeOnLoad (286ms)
				ProcessInitializeOnLoadAttributes (1397ms)
				ProcessInitializeOnLoadMethodAttributes (104ms)
				AfterProcessingInitializeOnLoad (24ms)
				EditorAssembliesLoaded (1ms)
			ExecutionOrderSort2 (0ms)
			AwakeInstancesAfterBackupRestoration (14ms)
Platform modules already initialized, skipping
Refreshing native plugins compatible for Editor in 4.57 ms, found 3 plugins.
Preloading 0 native plugins for Editor in 0.00 ms.
Unloading 6431 Unused Serialized files (Serialized files now loaded: 0)
Unloading 137 unused Assets / (11.7 MB). Loaded Objects now: 7078.
Memory consumption went from 309.8 MB to 298.1 MB.
Total: 13.880600 ms (FindLiveObjects: 0.925700 ms CreateObjectMapping: 0.874400 ms MarkObjects: 8.787700 ms  DeleteObjects: 3.290600 ms)

AssetImportParameters requested are different than current active one (requested -> active):
  custom:video-decoder-ogg-theora: a1e56fd34408186e4bbccfd4996cb3dc -> 
  custom:container-muxer-webm: aa71ff27fc2769a1b78a27578f13a17b -> 
  custom:container-demuxer-webm: 4f35f7cbe854078d1ac9338744f61a02 -> 
  custom:video-encoder-webm-vp8: eb34c28f22e8b96e1ab97ce403110664 -> 
  custom:audio-encoder-webm-vorbis: bf7c407c2cedff20999df2af8eb42d56 -> 
  custom:framework-win-MediaFoundation: 216162199b28c13a410421893ffa2e32 -> 
  custom:container-demuxer-ogg: 62fdf1f143b41e24485cea50d1cbac27 -> 
  custom:video-decoder-webm-vp8: 9c59270c3fd7afecdb556c50c9e8de78 -> 
  custom:audio-decoder-ogg-vorbis: bf7c407c2cedff20999df2af8eb42d56 -> 
========================================================================
Received Prepare
Registering precompiled user dll's ...
Registered in 0.019410 seconds.
Begin MonoManager ReloadAssembly
Symbol file LoadedFromMemory doesn't match image C:\Users\user\Desktop\Project1\Project1-Game-Programming\Animals\Library\PackageCache\com.unity.visualscripting@1.7.7\Editor\VisualScripting.Core\Dependencies\YamlDotNet\Unity.VisualScripting.YamlDotNet.dll
Symbol file LoadedFromMemory doesn't match image C:\Users\user\Desktop\Project1\Project1-Game-Programming\Animals\Library\PackageCache\com.unity.visualscripting@1.7.7\Editor\VisualScripting.Core\Dependencies\DotNetZip\Unity.VisualScripting.IonicZip.dll
Native extension for WindowsStandalone target not found
Refreshing native plugins compatible for Editor in 2.13 ms, found 3 plugins.
Preloading 0 native plugins for Editor in 0.00 ms.
Mono: successfully reloaded assembly
- Completed reload, in  4.180 seconds
Domain Reload Profiling:
	ReloadAssembly (4182ms)
		BeginReloadAssembly (368ms)
			ExecutionOrderSort (0ms)
			DisableScriptedObjects (16ms)
			BackupInstance (0ms)
			ReleaseScriptingObjects (0ms)
			CreateAndSetChildDomain (106ms)
		EndReloadAssembly (3515ms)
			LoadAssemblies (267ms)
			RebuildTransferFunctionScriptingTraits (0ms)
			SetupTypeCache (1025ms)
			ReleaseScriptCaches (5ms)
			RebuildScriptCaches (228ms)
			SetupLoadedEditorAssemblies (1848ms)
				LogAssemblyErrors (0ms)
				InitializePlatformSupportModulesInManaged (35ms)
				SetLoadedEditorAssemblies (1ms)
				RefreshPlugins (2ms)
				BeforeProcessingInitializeOnLoad (286ms)
				ProcessInitializeOnLoadAttributes (1395ms)
				ProcessInitializeOnLoadMethodAttributes (103ms)
				AfterProcessingInitializeOnLoad (24ms)
				EditorAssembliesLoaded (1ms)
			ExecutionOrderSort2 (0ms)
			AwakeInstancesAfterBackupRestoration (15ms)
Platform modules already initialized, skipping
Refreshing native plugins compatible for Editor in 4.89 ms, found 3 plugins.
Preloading 0 native plugins for Editor in 0.00 ms.
Unloading 6431 Unused Serialized files (Serialized files now loaded: 0)
Unloading 137 unused Assets / (11.7 MB). Loaded Objects now: 7092.
Memory consumption went from 309.8 MB to 298.2 MB.
Total: 12.763700 ms (FindLiveObjects: 1.071100 ms CreateObjectMapping: 0.961300 ms MarkObjects: 6.848700 ms  DeleteObjects: 3.878900 ms)

AssetImportParameters requested are different than current active one (requested -> active):
  custom:video-decoder-ogg-theora: a1e56fd34408186e4bbccfd4996cb3dc -> 
  custom:container-muxer-webm: aa71ff27fc2769a1b78a27578f13a17b -> 
  custom:container-demuxer-webm: 4f35f7cbe854078d1ac9338744f61a02 -> 
  custom:video-encoder-webm-vp8: eb34c28f22e8b96e1ab97ce403110664 -> 
  custom:audio-encoder-webm-vorbis: bf7c407c2cedff20999df2af8eb42d56 -> 
  custom:framework-win-MediaFoundation: 216162199b28c13a410421893ffa2e32 -> 
  custom:container-demuxer-ogg: 62fdf1f143b41e24485cea50d1cbac27 -> 
  custom:video-decoder-webm-vp8: 9c59270c3fd7afecdb556c50c9e8de78 -> 
  custom:audio-decoder-ogg-vorbis: bf7c407c2cedff20999df2af8eb42d56 -> 
========================================================================
Received Import Request.
  Time since last request: 751.355117 seconds.
  path: Assets/all_characters/Fox/Animations/Fox_Attack_Paws.fbx
  artifactKey: Guid(baae981a03a70004b9188fe1ac277200) Importer(815301076,1909f56bfc062723c751e8b465ee728b)
Start importing Assets/all_characters/Fox/Animations/Fox_Attack_Paws.fbx using Guid(baae981a03a70004b9188fe1ac277200) Importer(815301076,1909f56bfc062723c751e8b465ee728b)  -> (artifact id: '63671e22e381a1007eb304123ce06905') in 0.726006 seconds 
========================================================================
Received Import Request.
  Time since last request: 0.000082 seconds.
  path: Assets/all_characters/Fox/Animations/Fox_Sit1.fbx
  artifactKey: Guid(c59a20e486f80ba4e859d4ef9574f9bb) Importer(815301076,1909f56bfc062723c751e8b465ee728b)
Start importing Assets/all_characters/Fox/Animations/Fox_Sit1.fbx using Guid(c59a20e486f80ba4e859d4ef9574f9bb) Importer(815301076,1909f56bfc062723c751e8b465ee728b)  -> (artifact id: '4ed73698e6701fa9190dc842a510291d') in 0.282946 seconds 
========================================================================
Received Import Request.
  Time since last request: 0.000073 seconds.
  path: Assets/all_characters/Fox/Animations/Fox_Run.fbx
  artifactKey: Guid(70c4ef9204c08ce429fd08a494bb1033) Importer(815301076,1909f56bfc062723c751e8b465ee728b)
Start importing Assets/all_characters/Fox/Animations/Fox_Run.fbx using Guid(70c4ef9204c08ce429fd08a494bb1033) Importer(815301076,1909f56bfc062723c751e8b465ee728b)  -> (artifact id: '166cbecd094f0da03bb0693270089235') in 0.292989 seconds 
========================================================================
Received Import Request.
  Time since last request: 0.000069 seconds.
  path: Assets/all_characters/Fox/Animations/Fox_Jump.fbx
  artifactKey: Guid(8ca578f25a346e248800bad0f5224350) Importer(815301076,1909f56bfc062723c751e8b465ee728b)
Start importing Assets/all_characters/Fox/Animations/Fox_Jump.fbx using Guid(8ca578f25a346e248800bad0f5224350) Importer(815301076,1909f56bfc062723c751e8b465ee728b)  -> (artifact id: 'ea8003f8234aaff756d7ca76bfcdd28d') in 0.255352 seconds 
========================================================================
Received Import Request.
  Time since last request: 0.000054 seconds.
  path: Assets/all_characters/Fox/Animations/Fox_Run_Left_InPlace.fbx
  artifactKey: Guid(ba2500356de6e014d9477dc115771f94) Importer(815301076,1909f56bfc062723c751e8b465ee728b)
Start importing Assets/all_characters/Fox/Animations/Fox_Run_Left_InPlace.fbx using Guid(ba2500356de6e014d9477dc115771f94) Importer(815301076,1909f56bfc062723c751e8b465ee728b)  -> (artifact id: '41636f0271a891c7ae111b866aac134c') in 0.185095 seconds 
========================================================================
Received Import Request.
  Time since last request: 0.000044 seconds.
  path: Assets/all_characters/Fox/Animations/Fox_Walk_InPlace.fbx
  artifactKey: Guid(236b1614aa86e0f4db0792352a73d455) Importer(815301076,1909f56bfc062723c751e8b465ee728b)
Start importing Assets/all_characters/Fox/Animations/Fox_Walk_InPlace.fbx using Guid(236b1614aa86e0f4db0792352a73d455) Importer(815301076,1909f56bfc062723c751e8b465ee728b)  -> (artifact id: '876567bbea7e413460fca72444d11a44') in 0.187841 seconds 
========================================================================
Received Import Request.
  Time since last request: 0.000076 seconds.
  path: Assets/all_characters/Fox/Animations/Fox_Somersault.fbx
  artifactKey: Guid(ce33bd1fdecb0de4dba1419f7763a5b0) Importer(815301076,1909f56bfc062723c751e8b465ee728b)
Start importing Assets/all_characters/Fox/Animations/Fox_Somersault.fbx using Guid(ce33bd1fdecb0de4dba1419f7763a5b0) Importer(815301076,1909f56bfc062723c751e8b465ee728b)  -> (artifact id: '681a9633f81eb0e9e61086c9e4043397') in 0.193950 seconds 
========================================================================
Received Import Request.
  Time since last request: 0.000056 seconds.
  path: Assets/all_characters/Fox/Animations/Fox_Run_InPlace.fbx
  artifactKey: Guid(93da703632b047d43b8f3a2b0f902424) Importer(815301076,1909f56bfc062723c751e8b465ee728b)
Start importing Assets/all_characters/Fox/Animations/Fox_Run_InPlace.fbx using Guid(93da703632b047d43b8f3a2b0f902424) Importer(815301076,1909f56bfc062723c751e8b465ee728b)  -> (artifact id: '70583d14be6fcabb191ea3017e97ac50') in 0.201893 seconds 
========================================================================
Received Import Request.
  Time since last request: 0.000113 seconds.
  path: Assets/all_characters/Fox/Animations/Fox_Falling_Left.fbx
  artifactKey: Guid(9eb4afe5321a98247a4a1b7f9e0e5ee6) Importer(815301076,1909f56bfc062723c751e8b465ee728b)
Start importing Assets/all_characters/Fox/Animations/Fox_Falling_Left.fbx using Guid(9eb4afe5321a98247a4a1b7f9e0e5ee6) Importer(815301076,1909f56bfc062723c751e8b465ee728b)  -> (artifact id: 'd4a51c4142ed3c30b982338270c60b7b') in 0.229948 seconds 
========================================================================
Received Import Request.
  Time since last request: 0.000132 seconds.
  path: Assets/all_characters/Fox/Animations/Fox_Walk_Right.fbx
  artifactKey: Guid(8f0cf4218cd736142a75f73f2ce615ba) Importer(815301076,1909f56bfc062723c751e8b465ee728b)
Start importing Assets/all_characters/Fox/Animations/Fox_Walk_Right.fbx using Guid(8f0cf4218cd736142a75f73f2ce615ba) Importer(815301076,1909f56bfc062723c751e8b465ee728b)  -> (artifact id: '60983d2034eab7710376c8d2f556e651') in 0.442114 seconds 
========================================================================
Received Import Request.
  Time since last request: 0.000077 seconds.
  path: Assets/all_characters/Fox/Animations/Fox_Falling.fbx
  artifactKey: Guid(a07c42bf9096a064880415fc6125d716) Importer(815301076,1909f56bfc062723c751e8b465ee728b)
Start importing Assets/all_characters/Fox/Animations/Fox_Falling.fbx using Guid(a07c42bf9096a064880415fc6125d716) Importer(815301076,1909f56bfc062723c751e8b465ee728b)  -> (artifact id: 'f55d6c3868ffb02a40cf27830703c5b0') in 0.355113 seconds 
========================================================================
Received Import Request.
  Time since last request: 0.000079 seconds.
  path: Assets/all_characters/Fox/Animations/Fox_Walk_Back_InPlace.fbx
  artifactKey: Guid(90c44eee7e281954292e37471017ab8e) Importer(815301076,1909f56bfc062723c751e8b465ee728b)
Start importing Assets/all_characters/Fox/Animations/Fox_Walk_Back_InPlace.fbx using Guid(90c44eee7e281954292e37471017ab8e) Importer(815301076,1909f56bfc062723c751e8b465ee728b)  -> (artifact id: '75c4c24c35a46b50105096be69110e81') in 0.274048 seconds 
========================================================================
Received Import Request.
  Time since last request: 0.000095 seconds.
  path: Assets/all_characters/Fox/Animations/Fox_Walk_Left.fbx
  artifactKey: Guid(bc0cfd164a2579d41851505ba8332e40) Importer(815301076,1909f56bfc062723c751e8b465ee728b)
Start importing Assets/all_characters/Fox/Animations/Fox_Walk_Left.fbx using Guid(bc0cfd164a2579d41851505ba8332e40) Importer(815301076,1909f56bfc062723c751e8b465ee728b)  -> (artifact id: 'a3e3f7d6e0aa3ac69d7c14021b4884ce') in 0.247217 seconds 
========================================================================
Received Import Request.
  Time since last request: 0.000089 seconds.
  path: Assets/all_characters/Fox/Animations/Fox_Idle.fbx
  artifactKey: Guid(09884bf878afb4549bea8fb4f77e5ea0) Importer(815301076,1909f56bfc062723c751e8b465ee728b)
Start importing Assets/all_characters/Fox/Animations/Fox_Idle.fbx using Guid(09884bf878afb4549bea8fb4f77e5ea0) Importer(815301076,1909f56bfc062723c751e8b465ee728b)  -> (artifact id: '29f7c8cf1549a4e2669cfc9b56d574ac') in 0.180085 seconds 
========================================================================
Received Import Request.
  Time since last request: 0.000122 seconds.
  path: Assets/all_characters/Fox/Animations/Fox_Sit3_StandUp.fbx
  artifactKey: Guid(02d99976b4a0880419ef0381cb525dfe) Importer(815301076,1909f56bfc062723c751e8b465ee728b)
Start importing Assets/all_characters/Fox/Animations/Fox_Sit3_StandUp.fbx using Guid(02d99976b4a0880419ef0381cb525dfe) Importer(815301076,1909f56bfc062723c751e8b465ee728b)  -> (artifact id: '8a5764246337d8545596a146a9b9903b') in 0.082622 seconds 
========================================================================
Received Import Request.
  Time since last request: 0.000039 seconds.
  path: Assets/all_characters/Fox/Animations/Fox_Walk_Left_InPlace.fbx
  artifactKey: Guid(b2adcf57d666f76469d4ca24956e82b7) Importer(815301076,1909f56bfc062723c751e8b465ee728b)
Start importing Assets/all_characters/Fox/Animations/Fox_Walk_Left_InPlace.fbx using Guid(b2adcf57d666f76469d4ca24956e82b7) Importer(815301076,1909f56bfc062723c751e8b465ee728b)  -> (artifact id: 'd590be1d64c7437aee338c8296125a83') in 0.132557 seconds 
========================================================================
Received Import Request.
  Time since last request: 0.000042 seconds.
  path: Assets/all_characters/Fox/Animations/Fox_Walk_Back.fbx
  artifactKey: Guid(34bb4f81661abcd4fae58c9a9d6bdbe3) Importer(815301076,1909f56bfc062723c751e8b465ee728b)
Start importing Assets/all_characters/Fox/Animations/Fox_Walk_Back.fbx using Guid(34bb4f81661abcd4fae58c9a9d6bdbe3) Importer(815301076,1909f56bfc062723c751e8b465ee728b)  -> (artifact id: '27bd7aeb8fa991ee4ee41dc67c9e9f50') in 0.215619 seconds 
