Using pre-set license
Built from '2021.2/staging' branch; Version is '2021.2.8f1 (d0e5f0a7b06a) revision 13690352'; Using compiler version '192829333'; Build Type 'Release'
OS: 'Windows 10  (10.0.19044) 64bit Professional' Language: 'en' Physical Memory: 8066 MB
BatchMode: 1, IsHumanControllingUs: 0, StartBugReporterOnCrash: 0, Is64bit: 1, IsPro: 0

COMMAND LINE ARGUMENTS:
C:\Program Files\Unity\Hub\Editor\2021.2.8f1\Editor\Unity.exe
-adb2
-batchMode
-noUpm
-name
AssetImportWorker1
-projectPath
C:/Users/Lenovo/Desktop/project1/Project1-Game-Programming/Animals
-logFile
Logs/AssetImportWorker1.log
-srvPort
60972
Successfully changed project path to: C:/Users/Lenovo/Desktop/project1/Project1-Game-Programming/Animals
C:/Users/Lenovo/Desktop/project1/Project1-Game-Programming/Animals
[UnityMemory] Configuration Parameters - Can be set up in boot.config
    "memorysetup-bucket-allocator-granularity=16"
    "memorysetup-bucket-allocator-bucket-count=8"
    "memorysetup-bucket-allocator-block-size=33554432"
    "memorysetup-bucket-allocator-block-count=8"
    "memorysetup-main-allocator-block-size=16777216"
    "memorysetup-thread-allocator-block-size=16777216"
    "memorysetup-gfx-main-allocator-block-size=16777216"
    "memorysetup-gfx-thread-allocator-block-size=16777216"
    "memorysetup-cache-allocator-block-size=4194304"
    "memorysetup-typetree-allocator-block-size=2097152"
    "memorysetup-profiler-bucket-allocator-granularity=16"
    "memorysetup-profiler-bucket-allocator-bucket-count=8"
    "memorysetup-profiler-bucket-allocator-block-size=33554432"
    "memorysetup-profiler-bucket-allocator-block-count=8"
    "memorysetup-profiler-allocator-block-size=16777216"
    "memorysetup-profiler-editor-allocator-block-size=1048576"
    "memorysetup-temp-allocator-size-main=16777216"
    "memorysetup-job-temp-allocator-block-size=2097152"
    "memorysetup-job-temp-allocator-block-size-background=1048576"
    "memorysetup-job-temp-allocator-reduction-small-platforms=262144"
    "memorysetup-temp-allocator-size-background-worker=32768"
    "memorysetup-temp-allocator-size-job-worker=262144"
    "memorysetup-temp-allocator-size-preload-manager=33554432"
    "memorysetup-temp-allocator-size-nav-mesh-worker=65536"
    "memorysetup-temp-allocator-size-audio-worker=65536"
    "memorysetup-temp-allocator-size-cloud-worker=32768"
    "memorysetup-temp-allocator-size-gi-baking-worker=262144"
    "memorysetup-temp-allocator-size-gfx=262144"
Refreshing native plugins compatible for Editor in 299.29 ms, found 3 plugins.
Preloading 0 native plugins for Editor in 0.00 ms.
Initialize engine version: 2021.2.8f1 (d0e5f0a7b06a)
[Subsystems] Discovering subsystems at path C:/Program Files/Unity/Hub/Editor/2021.2.8f1/Editor/Data/Resources/UnitySubsystems
[Subsystems] Discovering subsystems at path C:/Users/Lenovo/Desktop/project1/Project1-Game-Programming/Animals/Assets
GfxDevice: creating device client; threaded=0; jobified=0
Direct3D:
    Version:  Direct3D 11.0 [level 11.1]
    Renderer: AMD Radeon(TM) 530 (ID=0x6900)
    Vendor:   ATI
    VRAM:     4087 MB
    Driver:   26.20.12026.2001
Shader 'Hidden/FXAA Preset 2': fallback shader 'Hidden/FXAA II' not found
Shader 'Hidden/FXAA Preset 3': fallback shader 'Hidden/FXAA II' not found
Initialize mono
Mono path[0] = 'C:/Program Files/Unity/Hub/Editor/2021.2.8f1/Editor/Data/Managed'
Mono path[1] = 'C:/Program Files/Unity/Hub/Editor/2021.2.8f1/Editor/Data/MonoBleedingEdge/lib/mono/unityjit-win32'
Mono config path = 'C:/Program Files/Unity/Hub/Editor/2021.2.8f1/Editor/Data/MonoBleedingEdge/etc'
Using monoOptions --debugger-agent=transport=dt_socket,embedding=1,server=y,suspend=n,address=127.0.0.1:56336
Begin MonoManager ReloadAssembly
Registering precompiled unity dll's ...
Register platform support module: C:/Program Files/Unity/Hub/Editor/2021.2.8f1/Editor/Data/PlaybackEngines/WindowsStandaloneSupport/UnityEditor.WindowsStandalone.Extensions.dll
Registered in 0.047156 seconds.
Native extension for WindowsStandalone target not found
Refreshing native plugins compatible for Editor in 141.84 ms, found 3 plugins.
Preloading 0 native plugins for Editor in 0.00 ms.
Mono: successfully reloaded assembly
- Completed reload, in  1.503 seconds
Domain Reload Profiling:
	ReloadAssembly (1504ms)
		BeginReloadAssembly (252ms)
			ExecutionOrderSort (0ms)
			DisableScriptedObjects (0ms)
			BackupInstance (0ms)
			ReleaseScriptingObjects (0ms)
			CreateAndSetChildDomain (2ms)
		EndReloadAssembly (962ms)
			LoadAssemblies (245ms)
			RebuildTransferFunctionScriptingTraits (0ms)
			SetupTypeCache (297ms)
			ReleaseScriptCaches (0ms)
			RebuildScriptCaches (110ms)
			SetupLoadedEditorAssemblies (422ms)
				LogAssemblyErrors (0ms)
				InitializePlatformSupportModulesInManaged (42ms)
				SetLoadedEditorAssemblies (0ms)
				RefreshPlugins (142ms)
				BeforeProcessingInitializeOnLoad (1ms)
				ProcessInitializeOnLoadAttributes (167ms)
				ProcessInitializeOnLoadMethodAttributes (69ms)
				AfterProcessingInitializeOnLoad (0ms)
				EditorAssembliesLoaded (0ms)
			ExecutionOrderSort2 (0ms)
			AwakeInstancesAfterBackupRestoration (0ms)
Platform modules already initialized, skipping
Registering precompiled user dll's ...
Registered in 0.026684 seconds.
Begin MonoManager ReloadAssembly
Symbol file LoadedFromMemory doesn't match image C:\Users\Lenovo\Desktop\project1\Project1-Game-Programming\Animals\Library\PackageCache\com.unity.visualscripting@1.7.7\Editor\VisualScripting.Core\Dependencies\YamlDotNet\Unity.VisualScripting.YamlDotNet.dll
Symbol file LoadedFromMemory doesn't match image C:\Users\Lenovo\Desktop\project1\Project1-Game-Programming\Animals\Library\PackageCache\com.unity.visualscripting@1.7.7\Editor\VisualScripting.Core\Dependencies\DotNetZip\Unity.VisualScripting.IonicZip.dll
Native extension for WindowsStandalone target not found
Refreshing native plugins compatible for Editor in 250.54 ms, found 3 plugins.
Preloading 0 native plugins for Editor in 0.00 ms.
Mono: successfully reloaded assembly
- Completed reload, in  2.354 seconds
Domain Reload Profiling:
	ReloadAssembly (2355ms)
		BeginReloadAssembly (165ms)
			ExecutionOrderSort (0ms)
			DisableScriptedObjects (7ms)
			BackupInstance (0ms)
			ReleaseScriptingObjects (0ms)
			CreateAndSetChildDomain (23ms)
		EndReloadAssembly (2074ms)
			LoadAssemblies (234ms)
			RebuildTransferFunctionScriptingTraits (0ms)
			SetupTypeCache (342ms)
			ReleaseScriptCaches (1ms)
			RebuildScriptCaches (70ms)
			SetupLoadedEditorAssemblies (1353ms)
				LogAssemblyErrors (0ms)
				InitializePlatformSupportModulesInManaged (15ms)
				SetLoadedEditorAssemblies (0ms)
				RefreshPlugins (251ms)
				BeforeProcessingInitializeOnLoad (305ms)
				ProcessInitializeOnLoadAttributes (707ms)
				ProcessInitializeOnLoadMethodAttributes (50ms)
				AfterProcessingInitializeOnLoad (24ms)
				EditorAssembliesLoaded (0ms)
			ExecutionOrderSort2 (0ms)
			AwakeInstancesAfterBackupRestoration (17ms)
Platform modules already initialized, skipping
========================================================================
Worker process is ready to serve import requests
Shader 'HDRP/TerrainLit': dependency 'BaseMapShader' shader 'Hidden/HDRP/TerrainLit_Basemap' not found
Shader 'HDRP/TerrainLit': dependency 'BaseMapGenShader' shader 'Hidden/HDRP/TerrainLit_BasemapGen' not found
Shader 'Toon/Lit Outline': fallback shader 'Toon/Lit' not found
WARNING: Shader Unsupported: 'Toon/Lit Outline' - All subshaders removed
WARNING: Shader Did you use #pragma only_renderers and omit this platform?
WARNING: Shader If subshaders removal was intentional, you may have forgotten turning Fallback off?
WARNING: Shader Unsupported: 'Toon/Lit Outline' - All subshaders removed
WARNING: Shader Did you use #pragma only_renderers and omit this platform?
WARNING: Shader If subshaders removal was intentional, you may have forgotten turning Fallback off?
Launched and connected shader compiler UnityShaderCompiler.exe after 0.14 seconds
Refreshing native plugins compatible for Editor in 2.00 ms, found 3 plugins.
Preloading 0 native plugins for Editor in 0.00 ms.
Unloading 6205 Unused Serialized files (Serialized files now loaded: 0)
Unloading 207 unused Assets / (17.6 MB). Loaded Objects now: 6487.
Memory consumption went from 261.9 MB to 244.4 MB.
Total: 17.605500 ms (FindLiveObjects: 1.019600 ms CreateObjectMapping: 1.009200 ms MarkObjects: 6.425800 ms  DeleteObjects: 9.147700 ms)

AssetImportParameters requested are different than current active one (requested -> active):
  custom:video-decoder-ogg-theora: a1e56fd34408186e4bbccfd4996cb3dc -> 
  custom:container-muxer-webm: aa71ff27fc2769a1b78a27578f13a17b -> 
  custom:container-demuxer-webm: 4f35f7cbe854078d1ac9338744f61a02 -> 
  custom:video-encoder-webm-vp8: eb34c28f22e8b96e1ab97ce403110664 -> 
  custom:audio-encoder-webm-vorbis: bf7c407c2cedff20999df2af8eb42d56 -> 
  custom:framework-win-MediaFoundation: 216162199b28c13a410421893ffa2e32 -> 
  custom:container-demuxer-ogg: 62fdf1f143b41e24485cea50d1cbac27 -> 
  custom:video-decoder-webm-vp8: 9c59270c3fd7afecdb556c50c9e8de78 -> 
  custom:audio-decoder-ogg-vorbis: bf7c407c2cedff20999df2af8eb42d56 -> 
========================================================================
Received Import Request.
  Time since last request: 20704.070157 seconds.
  path: Assets/Scenes
  artifactKey: Guid(6ea315d0fd7389c41b19996891e99ae3) Importer(815301076,1909f56bfc062723c751e8b465ee728b)
Start importing Assets/Scenes using Guid(6ea315d0fd7389c41b19996891e99ae3) Importer(815301076,1909f56bfc062723c751e8b465ee728b)  -> (artifact id: 'bc172811d573b296104adb4d2728db37') in 0.017939 seconds 
========================================================================
Received Import Request.
  Time since last request: 0.000072 seconds.
  path: Assets/Fence/FBX/fence_single.FBX
  artifactKey: Guid(86f105d9ae9ae1f4e9e6e171226cac7c) Importer(815301076,1909f56bfc062723c751e8b465ee728b)
Start importing Assets/Fence/FBX/fence_single.FBX using Guid(86f105d9ae9ae1f4e9e6e171226cac7c) Importer(815301076,1909f56bfc062723c751e8b465ee728b)  -> (artifact id: 'aa547f244c8685f43ddd14e39b00c658') in 0.683917 seconds 
========================================================================
Received Import Request.
  Time since last request: 0.000029 seconds.
  path: Assets/Fence/FBX/fence_double.FBX
  artifactKey: Guid(62fa28cbb204e4546a2ad5c1580ee188) Importer(815301076,1909f56bfc062723c751e8b465ee728b)
Start importing Assets/Fence/FBX/fence_double.FBX using Guid(62fa28cbb204e4546a2ad5c1580ee188) Importer(815301076,1909f56bfc062723c751e8b465ee728b)  -> (artifact id: '5ecaf686234c9960824b27e726483c6a') in 0.027896 seconds 
========================================================================
Received Import Request.
  Time since last request: 381.107743 seconds.
  path: Assets/StarterAssets/Environment/Art/Models/Ramp_Mesh.fbx
  artifactKey: Guid(426a2785f8a940049aac2c246661cf09) Importer(815301076,1909f56bfc062723c751e8b465ee728b)
Start importing Assets/StarterAssets/Environment/Art/Models/Ramp_Mesh.fbx using Guid(426a2785f8a940049aac2c246661cf09) Importer(815301076,1909f56bfc062723c751e8b465ee728b)  -> (artifact id: '576331aca38c3aa2a0c9c18a05ee9139') in 0.136305 seconds 
========================================================================
Received Import Request.
  Time since last request: 0.000085 seconds.
  path: Assets/all_characters/Fox/Animations/Fox_Walk_Right_InPlace.fbx
  artifactKey: Guid(bdbaf568193ceb44eb952bb2af5f3837) Importer(815301076,1909f56bfc062723c751e8b465ee728b)
Start importing Assets/all_characters/Fox/Animations/Fox_Walk_Right_InPlace.fbx using Guid(bdbaf568193ceb44eb952bb2af5f3837) Importer(815301076,1909f56bfc062723c751e8b465ee728b)  -> (artifact id: 'd6c8b7b24f80fef9601810e03f666ad2') in 0.150699 seconds 
========================================================================
Received Import Request.
  Time since last request: 0.000055 seconds.
  path: Assets/all_characters/Fox/Animations/Fox_Attack_Paws.fbx
  artifactKey: Guid(baae981a03a70004b9188fe1ac277200) Importer(815301076,1909f56bfc062723c751e8b465ee728b)
Start importing Assets/all_characters/Fox/Animations/Fox_Attack_Paws.fbx using Guid(baae981a03a70004b9188fe1ac277200) Importer(815301076,1909f56bfc062723c751e8b465ee728b)  -> (artifact id: 'ba73dc49a09bb33e3dd5b262df24306b') in 0.091581 seconds 
========================================================================
Received Import Request.
  Time since last request: 0.000055 seconds.
  path: Assets/all_characters/Fox/Animations/Fox_Walk_Left_InPlace.fbx
  artifactKey: Guid(b2adcf57d666f76469d4ca24956e82b7) Importer(815301076,1909f56bfc062723c751e8b465ee728b)
Start importing Assets/all_characters/Fox/Animations/Fox_Walk_Left_InPlace.fbx using Guid(b2adcf57d666f76469d4ca24956e82b7) Importer(815301076,1909f56bfc062723c751e8b465ee728b)  -> (artifact id: 'e8968244149db82155c4c96ffb2200c1') in 0.066586 seconds 
========================================================================
Received Import Request.
  Time since last request: 0.546997 seconds.
  path: Assets/all_characters/Fox/Animations/Fox_Walk_Back_InPlace.fbx
  artifactKey: Guid(90c44eee7e281954292e37471017ab8e) Importer(815301076,1909f56bfc062723c751e8b465ee728b)
Start importing Assets/all_characters/Fox/Animations/Fox_Walk_Back_InPlace.fbx using Guid(90c44eee7e281954292e37471017ab8e) Importer(815301076,1909f56bfc062723c751e8b465ee728b)  -> (artifact id: 'd58774473afe473b7488facedaface4e') in 0.054273 seconds 
========================================================================
Received Import Request.
  Time since last request: 0.153349 seconds.
  path: Assets/all_characters/Fox/Animations/Fox_Somersault_InPlace.fbx
  artifactKey: Guid(0473e26d90c4a994ead38f256c99c5b9) Importer(815301076,1909f56bfc062723c751e8b465ee728b)
Start importing Assets/all_characters/Fox/Animations/Fox_Somersault_InPlace.fbx using Guid(0473e26d90c4a994ead38f256c99c5b9) Importer(815301076,1909f56bfc062723c751e8b465ee728b)  -> (artifact id: '92907d395efdfe36ac60b809bd1c5470') in 0.057127 seconds 
========================================================================
Received Import Request.
  Time since last request: 0.000026 seconds.
  path: Assets/all_characters/Fox/Animations/Fox_Somersault.fbx
  artifactKey: Guid(ce33bd1fdecb0de4dba1419f7763a5b0) Importer(815301076,1909f56bfc062723c751e8b465ee728b)
Start importing Assets/all_characters/Fox/Animations/Fox_Somersault.fbx using Guid(ce33bd1fdecb0de4dba1419f7763a5b0) Importer(815301076,1909f56bfc062723c751e8b465ee728b)  -> (artifact id: '595fa028429db93e58a2a9c4b66d2ae0') in 0.074713 seconds 
========================================================================
Received Import Request.
  Time since last request: 0.243501 seconds.
  path: Assets/all_characters/Fox/Animations/Fox_Sit3_StandUp.fbx
  artifactKey: Guid(02d99976b4a0880419ef0381cb525dfe) Importer(815301076,1909f56bfc062723c751e8b465ee728b)
Start importing Assets/all_characters/Fox/Animations/Fox_Sit3_StandUp.fbx using Guid(02d99976b4a0880419ef0381cb525dfe) Importer(815301076,1909f56bfc062723c751e8b465ee728b)  -> (artifact id: 'bdd542ee39adb9a90b5c8206b28c6a85') in 0.047447 seconds 
========================================================================
Received Import Request.
  Time since last request: 0.000022 seconds.
  path: Assets/all_characters/Fox/Animations/Fox_Sit1.fbx
  artifactKey: Guid(c59a20e486f80ba4e859d4ef9574f9bb) Importer(815301076,1909f56bfc062723c751e8b465ee728b)
Start importing Assets/all_characters/Fox/Animations/Fox_Sit1.fbx using Guid(c59a20e486f80ba4e859d4ef9574f9bb) Importer(815301076,1909f56bfc062723c751e8b465ee728b)  -> (artifact id: '2cde73a120eed13162e44d4aabea1875') in 0.094850 seconds 
========================================================================
Received Import Request.
  Time since last request: 0.113838 seconds.
  path: Assets/all_characters/Fox/Animations/Fox_Sit2_Idle.fbx
  artifactKey: Guid(a2e546d7d9c06c5438e2982ef4737ce3) Importer(815301076,1909f56bfc062723c751e8b465ee728b)
Start importing Assets/all_characters/Fox/Animations/Fox_Sit2_Idle.fbx using Guid(a2e546d7d9c06c5438e2982ef4737ce3) Importer(815301076,1909f56bfc062723c751e8b465ee728b)  -> (artifact id: '82f05f22fb8a1d3b04fabde6e559b6d2') in 0.084221 seconds 
========================================================================
Received Import Request.
  Time since last request: 0.278421 seconds.
  path: Assets/all_characters/Fox/Animations/Fox_Idle.fbx
  artifactKey: Guid(09884bf878afb4549bea8fb4f77e5ea0) Importer(815301076,1909f56bfc062723c751e8b465ee728b)
Start importing Assets/all_characters/Fox/Animations/Fox_Idle.fbx using Guid(09884bf878afb4549bea8fb4f77e5ea0) Importer(815301076,1909f56bfc062723c751e8b465ee728b)  -> (artifact id: 'b0093fc55641feaf9510607df687c92f') in 0.077013 seconds 
========================================================================
Received Import Request.
  Time since last request: 0.000051 seconds.
  path: Assets/all_characters/Fox/Animations/Fox_Jump_InAir.fbx
  artifactKey: Guid(e004cd5a03acf764d911027f6ca2b528) Importer(815301076,1909f56bfc062723c751e8b465ee728b)
Start importing Assets/all_characters/Fox/Animations/Fox_Jump_InAir.fbx using Guid(e004cd5a03acf764d911027f6ca2b528) Importer(815301076,1909f56bfc062723c751e8b465ee728b)  -> (artifact id: '6db699f5a05626a6b0143f60e310e685') in 0.085361 seconds 
========================================================================
Received Import Request.
  Time since last request: 0.000046 seconds.
  path: Assets/all_characters/Fox/Animations/Fox_Jump_Pivot_InPlace.fbx
  artifactKey: Guid(2d694cd30f631174093a1111c4ed8895) Importer(815301076,1909f56bfc062723c751e8b465ee728b)
Start importing Assets/all_characters/Fox/Animations/Fox_Jump_Pivot_InPlace.fbx using Guid(2d694cd30f631174093a1111c4ed8895) Importer(815301076,1909f56bfc062723c751e8b465ee728b)  -> (artifact id: 'b8ee3191aee7e8a8fb3c755822dd98c3') in 0.074296 seconds 
========================================================================
Received Import Request.
  Time since last request: 0.266744 seconds.
  path: Assets/all_characters/Fox/Animations/Fox_Run_Left.fbx
  artifactKey: Guid(5ae8ff9eadf8f554688979fee65f0aef) Importer(815301076,1909f56bfc062723c751e8b465ee728b)
Start importing Assets/all_characters/Fox/Animations/Fox_Run_Left.fbx using Guid(5ae8ff9eadf8f554688979fee65f0aef) Importer(815301076,1909f56bfc062723c751e8b465ee728b)  -> (artifact id: '2b50ad44fdb3cbc8d986f2ae5cdda084') in 0.073422 seconds 
========================================================================
Received Import Request.
  Time since last request: 0.000043 seconds.
  path: Assets/all_characters/Fox/Animations/Fox_Run_Left_InPlace.fbx
  artifactKey: Guid(ba2500356de6e014d9477dc115771f94) Importer(815301076,1909f56bfc062723c751e8b465ee728b)
Start importing Assets/all_characters/Fox/Animations/Fox_Run_Left_InPlace.fbx using Guid(ba2500356de6e014d9477dc115771f94) Importer(815301076,1909f56bfc062723c751e8b465ee728b)  -> (artifact id: 'c6a03f0a3ca395bb7bb8f8301c43408d') in 0.087968 seconds 
========================================================================
Received Import Request.
  Time since last request: 0.000053 seconds.
  path: Assets/all_characters/Fox/Animations/Fox_Run_Right_InPlace.fbx
  artifactKey: Guid(490c9560e31fae748af6de79fbaecb10) Importer(815301076,1909f56bfc062723c751e8b465ee728b)
Start importing Assets/all_characters/Fox/Animations/Fox_Run_Right_InPlace.fbx using Guid(490c9560e31fae748af6de79fbaecb10) Importer(815301076,1909f56bfc062723c751e8b465ee728b)  -> (artifact id: 'e0795e33ed9e3e1c7f82a60c5a4ffc70') in 0.067828 seconds 
========================================================================
Received Import Request.
  Time since last request: 0.000050 seconds.
  path: Assets/Weapons/Models/Guns/assault1/assault1.mat
  artifactKey: Guid(de9f2367ced6a0d4e8570c708bf31673) Importer(815301076,1909f56bfc062723c751e8b465ee728b)
Start importing Assets/Weapons/Models/Guns/assault1/assault1.mat using Guid(de9f2367ced6a0d4e8570c708bf31673) Importer(815301076,1909f56bfc062723c751e8b465ee728b)  -> (artifact id: '254f89eec0da42deeb4fb81bbb3793ec') in 0.648424 seconds 
========================================================================
Received Import Request.
  Time since last request: 0.000154 seconds.
  path: Assets/Weapons/Models/Guns/assault1/Materials/assault1_diffuse.mat
  artifactKey: Guid(3390e1b48c940ba4fb79498aea08ae9e) Importer(815301076,1909f56bfc062723c751e8b465ee728b)
Start importing Assets/Weapons/Models/Guns/assault1/Materials/assault1_diffuse.mat using Guid(3390e1b48c940ba4fb79498aea08ae9e) Importer(815301076,1909f56bfc062723c751e8b465ee728b)  -> (artifact id: '2fcf5cb9fb0a5cea3b56f4c4c925080e') in 0.068872 seconds 
========================================================================
Received Import Request.
  Time since last request: 0.024886 seconds.
  path: Assets/Weapons/Models/Guns/assault2/assault2.mat
  artifactKey: Guid(35a5af17f562eb044a809af0526a562f) Importer(815301076,1909f56bfc062723c751e8b465ee728b)
Start importing Assets/Weapons/Models/Guns/assault2/assault2.mat using Guid(35a5af17f562eb044a809af0526a562f) Importer(815301076,1909f56bfc062723c751e8b465ee728b)  -> (artifact id: '1ac00d1dff8ea242d8876e371dc155d8') in 0.719390 seconds 
========================================================================
Received Import Request.
  Time since last request: 0.000050 seconds.
  path: Assets/NatureStarterKit2/Materials/bark01.mat
  artifactKey: Guid(429dd90a38598a6439cac85af03f10df) Importer(815301076,1909f56bfc062723c751e8b465ee728b)
Start importing Assets/NatureStarterKit2/Materials/bark01.mat using Guid(429dd90a38598a6439cac85af03f10df) Importer(815301076,1909f56bfc062723c751e8b465ee728b)  -> (artifact id: 'f107195a98fd0d817c0de13d82ab1210') in 1.009593 seconds 
========================================================================
Received Import Request.
  Time since last request: 0.000052 seconds.
  path: Assets/all_characters/Hunter/Animation/Hunter_walking.fbx
  artifactKey: Guid(bd38ffc1517ccdd4894e6ba4d2d1f3ca) Importer(815301076,1909f56bfc062723c751e8b465ee728b)
Start importing Assets/all_characters/Hunter/Animation/Hunter_walking.fbx using Guid(bd38ffc1517ccdd4894e6ba4d2d1f3ca) Importer(815301076,1909f56bfc062723c751e8b465ee728b)  -> (artifact id: '41c786c1d56ace9ed75c65abd81d8cba') in 1.348057 seconds 
========================================================================
Received Import Request.
  Time since last request: 0.000043 seconds.
  path: Assets/Weapons/Models/Guns/assault3/Materials/assault3_normal.mat
  artifactKey: Guid(c2319e631c0829d47b75915619da7e0c) Importer(815301076,1909f56bfc062723c751e8b465ee728b)
Start importing Assets/Weapons/Models/Guns/assault3/Materials/assault3_normal.mat using Guid(c2319e631c0829d47b75915619da7e0c) Importer(815301076,1909f56bfc062723c751e8b465ee728b)  -> (artifact id: '045db074011fa679cd44a21d5dd68c4f') in 0.030692 seconds 
========================================================================
Received Import Request.
  Time since last request: 0.000053 seconds.
  path: Assets/StarterAssets/Environment/Art/Materials/Blue_Mat.mat
  artifactKey: Guid(979aef027a1c86c42a15ce35fce366fa) Importer(815301076,1909f56bfc062723c751e8b465ee728b)
Start importing Assets/StarterAssets/Environment/Art/Materials/Blue_Mat.mat using Guid(979aef027a1c86c42a15ce35fce366fa) Importer(815301076,1909f56bfc062723c751e8b465ee728b)  -> (artifact id: '40bfeb21d9b42fdd15a7857918216db8') in 0.028552 seconds 
========================================================================
Received Import Request.
  Time since last request: 0.000041 seconds.
  path: Assets/all_characters/Hunter/Materials/Eye_MAT.mat
  artifactKey: Guid(3c87ed247209b4741a45de2587e12b07) Importer(815301076,1909f56bfc062723c751e8b465ee728b)
Start importing Assets/all_characters/Hunter/Materials/Eye_MAT.mat using Guid(3c87ed247209b4741a45de2587e12b07) Importer(815301076,1909f56bfc062723c751e8b465ee728b)  -> (artifact id: 'efd64da1edaddba9cd2d50f73a84c5cf') in 0.027377 seconds 
========================================================================
Received Import Request.
  Time since last request: 0.000037 seconds.
  path: Assets/StarterAssets/Environment/Art/Materials/Builtin_RP/BuiltInTriplanar_01_Mat.mat
  artifactKey: Guid(3300a5c4710bac244815734e484b3b90) Importer(815301076,1909f56bfc062723c751e8b465ee728b)
Start importing Assets/StarterAssets/Environment/Art/Materials/Builtin_RP/BuiltInTriplanar_01_Mat.mat using Guid(3300a5c4710bac244815734e484b3b90) Importer(815301076,1909f56bfc062723c751e8b465ee728b)  -> (artifact id: '62a3c13c06b143df7c5a3b19a7263eb4') in 0.762844 seconds 
========================================================================
Received Import Request.
  Time since last request: 0.108217 seconds.
  path: Assets/Fence/Materials/fence.mat
  artifactKey: Guid(d5b0020869170d14c9b2ca0c7248f0ef) Importer(815301076,1909f56bfc062723c751e8b465ee728b)
Start importing Assets/Fence/Materials/fence.mat using Guid(d5b0020869170d14c9b2ca0c7248f0ef) Importer(815301076,1909f56bfc062723c751e8b465ee728b)  -> (artifact id: '020f4f8e910de79cfd82b92ac344a14c') in 0.037033 seconds 
========================================================================
Received Import Request.
  Time since last request: 0.000039 seconds.
  path: Assets/NatureStarterKit2/Standard Assets/Effects/LightFlares/Materials/Flare50mm.mat
  artifactKey: Guid(a6dbb96b9d112024d000e929e39e7c39) Importer(815301076,1909f56bfc062723c751e8b465ee728b)
Start importing Assets/NatureStarterKit2/Standard Assets/Effects/LightFlares/Materials/Flare50mm.mat using Guid(a6dbb96b9d112024d000e929e39e7c39) Importer(815301076,1909f56bfc062723c751e8b465ee728b)  -> (artifact id: '09c2259404c9eeb3aa0797c62368486b') in 0.090178 seconds 
========================================================================
Received Import Request.
  Time since last request: 0.294971 seconds.
  path: Assets/StarterAssets/Environment/Art/Materials/GreyBlue_Mat.mat
  artifactKey: Guid(6b911390c5825014e8377183a7837d3f) Importer(815301076,1909f56bfc062723c751e8b465ee728b)
Start importing Assets/StarterAssets/Environment/Art/Materials/GreyBlue_Mat.mat using Guid(6b911390c5825014e8377183a7837d3f) Importer(815301076,1909f56bfc062723c751e8b465ee728b)  -> (artifact id: 'c41bb38d94af5fa51226e8100313724d') in 0.243335 seconds 
========================================================================
Received Import Request.
  Time since last request: 1.491262 seconds.
  path: Assets/StarterAssets/Environment/Art/Models/Ground_Mesh.fbx
  artifactKey: Guid(aa38d7b0e367ecc4aac915dcfe957879) Importer(815301076,1909f56bfc062723c751e8b465ee728b)
Start importing Assets/StarterAssets/Environment/Art/Models/Ground_Mesh.fbx using Guid(aa38d7b0e367ecc4aac915dcfe957879) Importer(815301076,1909f56bfc062723c751e8b465ee728b)  -> (artifact id: '8653ba6237d0e161b35b18ca644c91d6') in 0.047602 seconds 
========================================================================
Received Import Request.
  Time since last request: 0.114672 seconds.
  path: Assets/StarterAssets/Environment/Art/Materials/GridOrange_01_Mat.mat
  artifactKey: Guid(7ab977a21c92388468ee65ad1c0e5a78) Importer(815301076,1909f56bfc062723c751e8b465ee728b)
Start importing Assets/StarterAssets/Environment/Art/Materials/GridOrange_01_Mat.mat using Guid(7ab977a21c92388468ee65ad1c0e5a78) Importer(815301076,1909f56bfc062723c751e8b465ee728b)  -> (artifact id: 'd20dada7500619eba99ca317438ed844') in 0.225109 seconds 
========================================================================
Received Import Request.
  Time since last request: 0.000043 seconds.
  path: Assets/NatureStarterKit2/Standard Assets/Effects/Projectors/Materials/GridProjector.mat
  artifactKey: Guid(c7d1a73cf0f423947bae4e238665d9c5) Importer(815301076,1909f56bfc062723c751e8b465ee728b)
Start importing Assets/NatureStarterKit2/Standard Assets/Effects/Projectors/Materials/GridProjector.mat using Guid(c7d1a73cf0f423947bae4e238665d9c5) Importer(815301076,1909f56bfc062723c751e8b465ee728b)  -> (artifact id: '3c8399d2b321ec0eef9752a31a8e6848') in 0.026289 seconds 
========================================================================
Received Import Request.
  Time since last request: 0.000053 seconds.
  path: Assets/StarterAssets/Environment/Art/Models/Wall_Mesh.fbx
  artifactKey: Guid(ff02a0a00ab750f48b09459b1cafd1b8) Importer(815301076,1909f56bfc062723c751e8b465ee728b)
Start importing Assets/StarterAssets/Environment/Art/Models/Wall_Mesh.fbx using Guid(ff02a0a00ab750f48b09459b1cafd1b8) Importer(815301076,1909f56bfc062723c751e8b465ee728b)  -> (artifact id: '13b19600ac3dc7d5dee92887bd8ceea1') in 0.042229 seconds 
========================================================================
Received Import Request.
  Time since last request: 0.000043 seconds.
  path: Assets/Weapon_table/LODs/lod1.fbx
  artifactKey: Guid(ab55f17d1d8301c489b9b1781b5beb8d) Importer(815301076,1909f56bfc062723c751e8b465ee728b)
Start importing Assets/Weapon_table/LODs/lod1.fbx using Guid(ab55f17d1d8301c489b9b1781b5beb8d) Importer(815301076,1909f56bfc062723c751e8b465ee728b)  -> (artifact id: 'b69bec7f9ebab8bca6c0d863aa4f3e5e') in 0.063253 seconds 
========================================================================
Received Import Request.
  Time since last request: 0.000050 seconds.
  path: Assets/NatureStarterKit2/Nature/tree03.prefab
  artifactKey: Guid(4e2dd32c733005a44b50004d673dc653) Importer(815301076,1909f56bfc062723c751e8b465ee728b)
Start importing Assets/NatureStarterKit2/Nature/tree03.prefab using Guid(4e2dd32c733005a44b50004d673dc653) Importer(815301076,1909f56bfc062723c751e8b465ee728b)  -> (artifact id: 'b50b11baf327170cfb42184164c8bee6') in 1.051693 seconds 
========================================================================
Received Import Request.
  Time since last request: 0.000022 seconds.
  path: Assets/Weapons/Materials/Plane.mat
  artifactKey: Guid(e96fa539506a82f4097ae5999f559460) Importer(815301076,1909f56bfc062723c751e8b465ee728b)
Start importing Assets/Weapons/Materials/Plane.mat using Guid(e96fa539506a82f4097ae5999f559460) Importer(815301076,1909f56bfc062723c751e8b465ee728b)  -> (artifact id: 'bfb7a9336ae39c8eb31c1dcbed78640b') in 0.042187 seconds 
========================================================================
Received Import Request.
  Time since last request: 0.000055 seconds.
  path: Assets/NatureStarterKit2/Standard Assets/Effects/ToonShading/Materials/ToonBasic.mat
  artifactKey: Guid(84b9e1d19d11078d11005b9844295342) Importer(815301076,1909f56bfc062723c751e8b465ee728b)
Start importing Assets/NatureStarterKit2/Standard Assets/Effects/ToonShading/Materials/ToonBasic.mat using Guid(84b9e1d19d11078d11005b9844295342) Importer(815301076,1909f56bfc062723c751e8b465ee728b)  -> (artifact id: 'c5f7b0b281a6a9d92746c6fa0a25618c') in 0.015338 seconds 
========================================================================
Received Import Request.
  Time since last request: 0.000031 seconds.
  path: Assets/NatureStarterKit2/Standard Assets/Effects/Projectors/Materials/ShadowProjector.mat
  artifactKey: Guid(e30ff3588e719f34bbf0c66f22d97487) Importer(815301076,1909f56bfc062723c751e8b465ee728b)
Start importing Assets/NatureStarterKit2/Standard Assets/Effects/Projectors/Materials/ShadowProjector.mat using Guid(e30ff3588e719f34bbf0c66f22d97487) Importer(815301076,1909f56bfc062723c751e8b465ee728b)  -> (artifact id: '0b1916d7aa6a6c14fd7eac012acd8d50') in 0.013241 seconds 
========================================================================
Received Import Request.
  Time since last request: 0.000022 seconds.
  path: Assets/Weapon_table/LODs/lod3.fbx
  artifactKey: Guid(7ee05dc461bcd094e9cd88eba440548e) Importer(815301076,1909f56bfc062723c751e8b465ee728b)
Start importing Assets/Weapon_table/LODs/lod3.fbx using Guid(7ee05dc461bcd094e9cd88eba440548e) Importer(815301076,1909f56bfc062723c751e8b465ee728b)  -> (artifact id: 'ea6b01b4886c585f4342d894c2b9e5ea') in 0.046736 seconds 
========================================================================
Received Import Request.
  Time since last request: 0.000024 seconds.
  path: Assets/Weapons/Models/Guns/pistol4/Materials/pistol4_normal.mat
  artifactKey: Guid(2841ce8e76cc1694aa45d04c2295dae9) Importer(815301076,1909f56bfc062723c751e8b465ee728b)
Start importing Assets/Weapons/Models/Guns/pistol4/Materials/pistol4_normal.mat using Guid(2841ce8e76cc1694aa45d04c2295dae9) Importer(815301076,1909f56bfc062723c751e8b465ee728b)  -> (artifact id: '1fe41c1d11d42c0501bc53f3b6933b21') in 0.016188 seconds 
========================================================================
Received Import Request.
  Time since last request: 0.000019 seconds.
  path: Assets/StarterAssets/Environment/Art/Models/Box_350x250x200_Mesh.fbx
  artifactKey: Guid(c6a55ba99e9e99d41b7eef123e311a43) Importer(815301076,1909f56bfc062723c751e8b465ee728b)
Start importing Assets/StarterAssets/Environment/Art/Models/Box_350x250x200_Mesh.fbx using Guid(c6a55ba99e9e99d41b7eef123e311a43) Importer(815301076,1909f56bfc062723c751e8b465ee728b)  -> (artifact id: 'a860725728de3957a9464d6001f48eb0') in 0.054742 seconds 
========================================================================
Received Import Request.
  Time since last request: 0.000028 seconds.
  path: Assets/NatureStarterKit2/Standard Assets/Effects/Projectors/Materials/LightProjector.mat
  artifactKey: Guid(c8c80c5b03f5c7e40b07eb2170e667e5) Importer(815301076,1909f56bfc062723c751e8b465ee728b)
Start importing Assets/NatureStarterKit2/Standard Assets/Effects/Projectors/Materials/LightProjector.mat using Guid(c8c80c5b03f5c7e40b07eb2170e667e5) Importer(815301076,1909f56bfc062723c751e8b465ee728b)  -> (artifact id: 'c12082fc46c29f3d9bbe9c01b2814b49') in 0.011576 seconds 
========================================================================
Received Import Request.
  Time since last request: 0.000027 seconds.
  path: Assets/all_characters/Fox/Materials/M_Fox.mat
  artifactKey: Guid(4ad23863efbf001479d8ebd01ef00654) Importer(815301076,1909f56bfc062723c751e8b465ee728b)
Start importing Assets/all_characters/Fox/Materials/M_Fox.mat using Guid(4ad23863efbf001479d8ebd01ef00654) Importer(815301076,1909f56bfc062723c751e8b465ee728b)  -> (artifact id: '6bc689456f04cb486dcd82cd261d83bc') in 0.443752 seconds 
========================================================================
Received Import Request.
  Time since last request: 0.000044 seconds.
  path: Assets/Weapons/Models/Guns/pistol3/pistol3.fbx
  artifactKey: Guid(726e329e1719c8f42949342e6a5b42e3) Importer(815301076,1909f56bfc062723c751e8b465ee728b)
Start importing Assets/Weapons/Models/Guns/pistol3/pistol3.fbx using Guid(726e329e1719c8f42949342e6a5b42e3) Importer(815301076,1909f56bfc062723c751e8b465ee728b)  -> (artifact id: 'a0181c7c484cbd379cc457e01748370b') in 0.027756 seconds 
========================================================================
Received Import Request.
  Time since last request: 0.000026 seconds.
  path: Assets/Weapons/Models/Guns/pistol3/pistol3.mat
  artifactKey: Guid(41be456e0ecbed04dba9c27c3add980c) Importer(815301076,1909f56bfc062723c751e8b465ee728b)
Start importing Assets/Weapons/Models/Guns/pistol3/pistol3.mat using Guid(41be456e0ecbed04dba9c27c3add980c) Importer(815301076,1909f56bfc062723c751e8b465ee728b)  -> (artifact id: 'efc9b3e9e12234967c4009ceff9b0549') in 0.024658 seconds 
========================================================================
Received Import Request.
  Time since last request: 0.000029 seconds.
  path: Assets/Weapons/Models/Guns/pistol4/pistol4.fbx
  artifactKey: Guid(ca1c64f7c147fb0479f9ef03e264a372) Importer(815301076,1909f56bfc062723c751e8b465ee728b)
Start importing Assets/Weapons/Models/Guns/pistol4/pistol4.fbx using Guid(ca1c64f7c147fb0479f9ef03e264a372) Importer(815301076,1909f56bfc062723c751e8b465ee728b)  -> (artifact id: '0740798bbcc92439d0c8602f7dcea039') in 0.026875 seconds 
========================================================================
Received Import Request.
  Time since last request: 0.000030 seconds.
  path: Assets/StarterAssets/Environment/Art/Materials/URP_HDRP_ShaderGraph/ShaderGraphGrid_01_Mat.mat
  artifactKey: Guid(4589b87b8508f6e48b8fddb385924b16) Importer(815301076,1909f56bfc062723c751e8b465ee728b)
Start importing Assets/StarterAssets/Environment/Art/Materials/URP_HDRP_ShaderGraph/ShaderGraphGrid_01_Mat.mat using Guid(4589b87b8508f6e48b8fddb385924b16) Importer(815301076,1909f56bfc062723c751e8b465ee728b)  -> (artifact id: '99b464f243d34811b70777e3b66e7746') in 0.014540 seconds 
========================================================================
Received Import Request.
  Time since last request: 0.000021 seconds.
  path: Assets/StarterAssets/Environment/Art/Models/Ramp_100x100x200_Mesh.fbx
  artifactKey: Guid(bfff06aaff363a847ad37bf592364e6b) Importer(815301076,1909f56bfc062723c751e8b465ee728b)
Start importing Assets/StarterAssets/Environment/Art/Models/Ramp_100x100x200_Mesh.fbx using Guid(bfff06aaff363a847ad37bf592364e6b) Importer(815301076,1909f56bfc062723c751e8b465ee728b)  -> (artifact id: 'b1fa0d2724b75b241f0152526ce36307') in 0.067862 seconds 
========================================================================
Received Import Request.
  Time since last request: 0.000050 seconds.
  path: Assets/NatureStarterKit2/Standard Assets/Effects/ToonShading/Materials/ToonLitOutline.mat
  artifactKey: Guid(5d69df9d9d11e49d110086ba44295342) Importer(815301076,1909f56bfc062723c751e8b465ee728b)
Start importing Assets/NatureStarterKit2/Standard Assets/Effects/ToonShading/Materials/ToonLitOutline.mat using Guid(5d69df9d9d11e49d110086ba44295342) Importer(815301076,1909f56bfc062723c751e8b465ee728b)  -> (artifact id: '1d9a064c6bc016c6b99d1a4cc984a5d3') in 0.284480 seconds 
========================================================================
Received Import Request.
  Time since last request: 44.108419 seconds.
  path: Assets/NatureStarterKit2/Nature/tree04.prefab
  artifactKey: Guid(aae542b8a65f39b49b008fa689ce9804) Importer(815301076,1909f56bfc062723c751e8b465ee728b)
Start importing Assets/NatureStarterKit2/Nature/tree04.prefab using Guid(aae542b8a65f39b49b008fa689ce9804) Importer(815301076,1909f56bfc062723c751e8b465ee728b)  -> (artifact id: 'b4437fcb1f469fbb08df0936901247e5') in 0.081798 seconds 
========================================================================
Received Import Request.
  Time since last request: 633.752922 seconds.
  path: Assets/Weapons/Models/Guns/shotgun1/shotgun1.mat
  artifactKey: Guid(0c24ff3f078566f4d9d83ee8bd6a3f72) Importer(815301076,1909f56bfc062723c751e8b465ee728b)
Start importing Assets/Weapons/Models/Guns/shotgun1/shotgun1.mat using Guid(0c24ff3f078566f4d9d83ee8bd6a3f72) Importer(815301076,1909f56bfc062723c751e8b465ee728b)  -> (artifact id: '82056e4d26572d6e704c8634844b9251') in 0.065418 seconds 
========================================================================
Received Import Request.
  Time since last request: 0.000060 seconds.
  path: Assets/Weapons/Models/Guns/shotgun1/Materials/shotgun1_diffuse.mat
  artifactKey: Guid(8f1055693d3858444a7169fd897abe54) Importer(815301076,1909f56bfc062723c751e8b465ee728b)
Start importing Assets/Weapons/Models/Guns/shotgun1/Materials/shotgun1_diffuse.mat using Guid(8f1055693d3858444a7169fd897abe54) Importer(815301076,1909f56bfc062723c751e8b465ee728b)  -> (artifact id: 'fac77580d55deb9dd8460438ae5931ad') in 0.024151 seconds 
