Using pre-set license
Built from '2021.2/staging' branch; Version is '2021.2.8f1 (d0e5f0a7b06a) revision 13690352'; Using compiler version '192829333'; Build Type 'Release'
OS: 'Windows 10  (10.0.19041) 64bit Enterprise' Language: 'en' Physical Memory: 8078 MB
BatchMode: 1, IsHumanControllingUs: 0, StartBugReporterOnCrash: 0, Is64bit: 1, IsPro: 0

COMMAND LINE ARGUMENTS:
C:\Program Files\Unity\Hub\Editor\2021.2.8f1\Editor\Unity.exe
-adb2
-batchMode
-noUpm
-name
AssetImportWorker49
-projectPath
C:/Users/user/Desktop/Project1/Project1-Game-Programming/Animals
-logFile
Logs/AssetImportWorker49.log
-srvPort
58289
Successfully changed project path to: C:/Users/user/Desktop/Project1/Project1-Game-Programming/Animals
C:/Users/user/Desktop/Project1/Project1-Game-Programming/Animals
[UnityMemory] Configuration Parameters - Can be set up in boot.config
    "memorysetup-bucket-allocator-granularity=16"
    "memorysetup-bucket-allocator-bucket-count=8"
    "memorysetup-bucket-allocator-block-size=33554432"
    "memorysetup-bucket-allocator-block-count=8"
    "memorysetup-main-allocator-block-size=16777216"
    "memorysetup-thread-allocator-block-size=16777216"
    "memorysetup-gfx-main-allocator-block-size=16777216"
    "memorysetup-gfx-thread-allocator-block-size=16777216"
    "memorysetup-cache-allocator-block-size=4194304"
    "memorysetup-typetree-allocator-block-size=2097152"
    "memorysetup-profiler-bucket-allocator-granularity=16"
    "memorysetup-profiler-bucket-allocator-bucket-count=8"
    "memorysetup-profiler-bucket-allocator-block-size=33554432"
    "memorysetup-profiler-bucket-allocator-block-count=8"
    "memorysetup-profiler-allocator-block-size=16777216"
    "memorysetup-profiler-editor-allocator-block-size=1048576"
    "memorysetup-temp-allocator-size-main=16777216"
    "memorysetup-job-temp-allocator-block-size=2097152"
    "memorysetup-job-temp-allocator-block-size-background=1048576"
    "memorysetup-job-temp-allocator-reduction-small-platforms=262144"
    "memorysetup-temp-allocator-size-background-worker=32768"
    "memorysetup-temp-allocator-size-job-worker=262144"
    "memorysetup-temp-allocator-size-preload-manager=33554432"
    "memorysetup-temp-allocator-size-nav-mesh-worker=65536"
    "memorysetup-temp-allocator-size-audio-worker=65536"
    "memorysetup-temp-allocator-size-cloud-worker=32768"
    "memorysetup-temp-allocator-size-gi-baking-worker=262144"
    "memorysetup-temp-allocator-size-gfx=262144"
Refreshing native plugins compatible for Editor in 191.41 ms, found 0 plugins.
Preloading 0 native plugins for Editor in 0.00 ms.
Initialize engine version: 2021.2.8f1 (d0e5f0a7b06a)
[Subsystems] Discovering subsystems at path C:/Program Files/Unity/Hub/Editor/2021.2.8f1/Editor/Data/Resources/UnitySubsystems
[Subsystems] Discovering subsystems at path C:/Users/user/Desktop/Project1/Project1-Game-Programming/Animals/Assets
GfxDevice: creating device client; threaded=0; jobified=0
Direct3D:
    Version:  Direct3D 11.0 [level 11.0]
    Renderer: NVIDIA GeForce MX130 (ID=0x174d)
    Vendor:   NVIDIA
    VRAM:     4055 MB
    Driver:   26.21.14.3086
Initialize mono
Mono path[0] = 'C:/Program Files/Unity/Hub/Editor/2021.2.8f1/Editor/Data/Managed'
Mono path[1] = 'C:/Program Files/Unity/Hub/Editor/2021.2.8f1/Editor/Data/MonoBleedingEdge/lib/mono/unityjit-win32'
Mono config path = 'C:/Program Files/Unity/Hub/Editor/2021.2.8f1/Editor/Data/MonoBleedingEdge/etc'
Using monoOptions --debugger-agent=transport=dt_socket,embedding=1,server=y,suspend=n,address=127.0.0.1:56020
Begin MonoManager ReloadAssembly
Registering precompiled unity dll's ...
Register platform support module: C:/Program Files/Unity/Hub/Editor/2021.2.8f1/Editor/Data/PlaybackEngines/WindowsStandaloneSupport/UnityEditor.WindowsStandalone.Extensions.dll
Registered in 0.010439 seconds.
Native extension for WindowsStandalone target not found
Refreshing native plugins compatible for Editor in 197.77 ms, found 0 plugins.
Preloading 0 native plugins for Editor in 0.00 ms.
Mono: successfully reloaded assembly
- Completed reload, in  2.114 seconds
Domain Reload Profiling:
	ReloadAssembly (2115ms)
		BeginReloadAssembly (113ms)
			ExecutionOrderSort (0ms)
			DisableScriptedObjects (0ms)
			BackupInstance (0ms)
			ReleaseScriptingObjects (0ms)
			CreateAndSetChildDomain (1ms)
		EndReloadAssembly (1878ms)
			LoadAssemblies (110ms)
			RebuildTransferFunctionScriptingTraits (0ms)
			SetupTypeCache (142ms)
			ReleaseScriptCaches (0ms)
			RebuildScriptCaches (47ms)
			SetupLoadedEditorAssemblies (644ms)
				LogAssemblyErrors (0ms)
				InitializePlatformSupportModulesInManaged (174ms)
				SetLoadedEditorAssemblies (0ms)
				RefreshPlugins (198ms)
				BeforeProcessingInitializeOnLoad (1ms)
				ProcessInitializeOnLoadAttributes (196ms)
				ProcessInitializeOnLoadMethodAttributes (73ms)
				AfterProcessingInitializeOnLoad (0ms)
				EditorAssembliesLoaded (0ms)
			ExecutionOrderSort2 (0ms)
			AwakeInstancesAfterBackupRestoration (0ms)
Platform modules already initialized, skipping
Registering precompiled user dll's ...
Registered in 0.010889 seconds.
Required property 'name' not set (Packages/com.unity.visualeffectgraph/Editor/Unity.VisualEffectGraph.Editor.asmdef)
Required property 'name' not set (Packages/com.unity.ide.vscode/Editor/Unity.com.unity.vscode.Editor.asmdef)
Required property 'name' not set (Packages/com.unity.ide.visualstudio/Editor/com.unity.ide.visualstudio.asmdef)
Required property 'name' not set (Packages/com.unity.performance.profile-analyzer/Editor/Unity.Performance.Profile-Analyzer.Editor.asmdef)
Required property 'name' not set (Packages/com.unity.visualeffectgraph/Unity.VisualEffectGraph.Runtime.asmdef)
Required property 'name' not set (Packages/com.unity.test-framework/UnityEngine.TestRunner/UnityEngine.TestRunner.asmdef)
Required property 'name' not set (Packages/com.unity.timeline/Runtime/Unity.Timeline.asmdef)
Required property 'name' not set (Packages/com.unity.render-pipelines.high-definition/Runtime/Unity.RenderPipelines.HighDefinition.Runtime.asmdef)
Required property 'name' not set (Packages/com.unity.searcher/Editor/Unity.Searcher.Editor.asmdef)
Required property 'name' not set (Packages/com.unity.test-framework/UnityEditor.TestRunner/UnityEditor.TestRunner.asmdef)
Required property 'name' not set (Packages/com.unity.render-pipelines.core/Runtime/Unity.RenderPipelines.Core.Runtime.asmdef)
Required property 'name' not set (Packages/com.unity.render-pipelines.high-definition/Editor/Unity.RenderPipelines.HighDefinition.Editor.asmdef)
Required property 'name' not set (Packages/com.unity.ugui/Editor/UnityEditor.UI.asmdef)
Required property 'name' not set (Packages/com.unity.inputsystem/InputSystem/Unity.InputSystem.asmdef)
Required property 'name' not set (Packages/com.unity.timeline/DocCodeExamples/DocCodeExamples.asmdef)
Required property 'name' not set (Packages/com.unity.render-pipelines.core/ShaderLibrary/Unity.RenderPipelines.Core.ShaderLibrary.asmdef)
Required property 'name' not set (Packages/com.unity.ugui/Runtime/UnityEngine.UI.asmdef)
Required property 'name' not set (Packages/com.unity.editorcoroutines/Editor/Unity.EditorCoroutines.Editor.asmdef)
Required property 'name' not set (Packages/com.unity.shadergraph/Editor/Unity.ShaderGraph.Editor.asmdef)
Required property 'name' not set (Packages/com.unity.cinemachine/Runtime/com.unity.cinemachine.asmdef)
Required property 'name' not set (Packages/com.unity.cinemachine/Editor/com.unity.cinemachine.Editor.asmdef)
Required property 'name' not set (Packages/com.unity.settings-manager/Editor/Unity.Settings.Editor.asmdef)
Required property 'name' not set (Packages/com.unity.shadergraph/ShaderGraphLibrary/Unity.RenderPipelines.ShaderGraph.ShaderGraphLibrary.asmdef)
Required property 'name' not set (Packages/com.unity.timeline/Editor/Unity.Timeline.Editor.asmdef)
Required property 'name' not set (Packages/com.unity.render-pipelines.high-definition-config/Runtime/Unity.RenderPipelines.HighDefinition.Config.Runtime.asmdef)
Required property 'name' not set (Packages/com.unity.testtools.codecoverage/Editor/CodeCoverage.Editor.asmdef)
Required property 'name' not set (Packages/com.unity.render-pipelines.core/Editor/Unity.RenderPipelines.Core.Editor.asmdef)
Required property 'name' not set (Packages/com.unity.visualeffectgraph/Editor/Unity.VisualEffectGraph.Editor.asmdef)
Required property 'name' not set (Packages/com.unity.ide.vscode/Editor/Unity.com.unity.vscode.Editor.asmdef)
Required property 'name' not set (Packages/com.unity.ide.visualstudio/Editor/com.unity.ide.visualstudio.asmdef)
Required property 'name' not set (Packages/com.unity.performance.profile-analyzer/Editor/Unity.Performance.Profile-Analyzer.Editor.asmdef)
Required property 'name' not set (Packages/com.unity.visualeffectgraph/Unity.VisualEffectGraph.Runtime.asmdef)
Required property 'name' not set (Packages/com.unity.test-framework/UnityEngine.TestRunner/UnityEngine.TestRunner.asmdef)
Required property 'name' not set (Packages/com.unity.timeline/Runtime/Unity.Timeline.asmdef)
Required property 'name' not set (Packages/com.unity.render-pipelines.high-definition/Runtime/Unity.RenderPipelines.HighDefinition.Runtime.asmdef)
Required property 'name' not set (Packages/com.unity.searcher/Editor/Unity.Searcher.Editor.asmdef)
Required property 'name' not set (Packages/com.unity.test-framework/UnityEditor.TestRunner/UnityEditor.TestRunner.asmdef)
Required property 'name' not set (Packages/com.unity.render-pipelines.core/Runtime/Unity.RenderPipelines.Core.Runtime.asmdef)
Required property 'name' not set (Packages/com.unity.render-pipelines.high-definition/Editor/Unity.RenderPipelines.HighDefinition.Editor.asmdef)
Required property 'name' not set (Packages/com.unity.ugui/Editor/UnityEditor.UI.asmdef)
Required property 'name' not set (Packages/com.unity.inputsystem/InputSystem/Unity.InputSystem.asmdef)
Required property 'name' not set (Packages/com.unity.timeline/DocCodeExamples/DocCodeExamples.asmdef)
Required property 'name' not set (Packages/com.unity.render-pipelines.core/ShaderLibrary/Unity.RenderPipelines.Core.ShaderLibrary.asmdef)
Required property 'name' not set (Packages/com.unity.ugui/Runtime/UnityEngine.UI.asmdef)
Required property 'name' not set (Packages/com.unity.editorcoroutines/Editor/Unity.EditorCoroutines.Editor.asmdef)
Required property 'name' not set (Packages/com.unity.shadergraph/Editor/Unity.ShaderGraph.Editor.asmdef)
Required property 'name' not set (Packages/com.unity.cinemachine/Runtime/com.unity.cinemachine.asmdef)
Required property 'name' not set (Packages/com.unity.cinemachine/Editor/com.unity.cinemachine.Editor.asmdef)
Required property 'name' not set (Packages/com.unity.settings-manager/Editor/Unity.Settings.Editor.asmdef)
Required property 'name' not set (Packages/com.unity.shadergraph/ShaderGraphLibrary/Unity.RenderPipelines.ShaderGraph.ShaderGraphLibrary.asmdef)
Required property 'name' not set (Packages/com.unity.timeline/Editor/Unity.Timeline.Editor.asmdef)
Required property 'name' not set (Packages/com.unity.render-pipelines.high-definition-config/Runtime/Unity.RenderPipelines.HighDefinition.Config.Runtime.asmdef)
Required property 'name' not set (Packages/com.unity.testtools.codecoverage/Editor/CodeCoverage.Editor.asmdef)
Required property 'name' not set (Packages/com.unity.render-pipelines.core/Editor/Unity.RenderPipelines.Core.Editor.asmdef)
Begin MonoManager ReloadAssembly
