Using pre-set license
Built from '2021.2/staging' branch; Version is '2021.2.8f1 (d0e5f0a7b06a) revision 13690352'; Using compiler version '192829333'; Build Type 'Release'
OS: 'Windows 10  (10.0.19041) 64bit Enterprise' Language: 'en' Physical Memory: 8078 MB
BatchMode: 1, IsHumanControllingUs: 0, StartBugReporterOnCrash: 0, Is64bit: 1, IsPro: 0

COMMAND LINE ARGUMENTS:
C:\Program Files\Unity\Hub\Editor\2021.2.8f1\Editor\Unity.exe
-adb2
-batchMode
-noUpm
-name
AssetImportWorker2
-projectPath
C:/Users/user/Desktop/Project1/Project1-Game-Programming/Animals
-logFile
Logs/AssetImportWorker2.log
-srvPort
63531
Successfully changed project path to: C:/Users/user/Desktop/Project1/Project1-Game-Programming/Animals
C:/Users/user/Desktop/Project1/Project1-Game-Programming/Animals
[UnityMemory] Configuration Parameters - Can be set up in boot.config
    "memorysetup-bucket-allocator-granularity=16"
    "memorysetup-bucket-allocator-bucket-count=8"
    "memorysetup-bucket-allocator-block-size=33554432"
    "memorysetup-bucket-allocator-block-count=8"
    "memorysetup-main-allocator-block-size=16777216"
    "memorysetup-thread-allocator-block-size=16777216"
    "memorysetup-gfx-main-allocator-block-size=16777216"
    "memorysetup-gfx-thread-allocator-block-size=16777216"
    "memorysetup-cache-allocator-block-size=4194304"
    "memorysetup-typetree-allocator-block-size=2097152"
    "memorysetup-profiler-bucket-allocator-granularity=16"
    "memorysetup-profiler-bucket-allocator-bucket-count=8"
    "memorysetup-profiler-bucket-allocator-block-size=33554432"
    "memorysetup-profiler-bucket-allocator-block-count=8"
    "memorysetup-profiler-allocator-block-size=16777216"
    "memorysetup-profiler-editor-allocator-block-size=1048576"
    "memorysetup-temp-allocator-size-main=16777216"
    "memorysetup-job-temp-allocator-block-size=2097152"
    "memorysetup-job-temp-allocator-block-size-background=1048576"
    "memorysetup-job-temp-allocator-reduction-small-platforms=262144"
    "memorysetup-temp-allocator-size-background-worker=32768"
    "memorysetup-temp-allocator-size-job-worker=262144"
    "memorysetup-temp-allocator-size-preload-manager=33554432"
    "memorysetup-temp-allocator-size-nav-mesh-worker=65536"
    "memorysetup-temp-allocator-size-audio-worker=65536"
    "memorysetup-temp-allocator-size-cloud-worker=32768"
    "memorysetup-temp-allocator-size-gi-baking-worker=262144"
    "memorysetup-temp-allocator-size-gfx=262144"
Refreshing native plugins compatible for Editor in 121.90 ms, found 3 plugins.
Preloading 0 native plugins for Editor in 0.00 ms.
Initialize engine version: 2021.2.8f1 (d0e5f0a7b06a)
[Subsystems] Discovering subsystems at path C:/Program Files/Unity/Hub/Editor/2021.2.8f1/Editor/Data/Resources/UnitySubsystems
[Subsystems] Discovering subsystems at path C:/Users/user/Desktop/Project1/Project1-Game-Programming/Animals/Assets
GfxDevice: creating device client; threaded=0; jobified=0
Direct3D:
    Version:  Direct3D 11.0 [level 11.0]
    Renderer: NVIDIA GeForce MX130 (ID=0x174d)
    Vendor:   NVIDIA
    VRAM:     4055 MB
    Driver:   26.21.14.3086
Initialize mono
Mono path[0] = 'C:/Program Files/Unity/Hub/Editor/2021.2.8f1/Editor/Data/Managed'
Mono path[1] = 'C:/Program Files/Unity/Hub/Editor/2021.2.8f1/Editor/Data/MonoBleedingEdge/lib/mono/unityjit-win32'
Mono config path = 'C:/Program Files/Unity/Hub/Editor/2021.2.8f1/Editor/Data/MonoBleedingEdge/etc'
Using monoOptions --debugger-agent=transport=dt_socket,embedding=1,server=y,suspend=n,address=127.0.0.1:56644
Begin MonoManager ReloadAssembly
Registering precompiled unity dll's ...
Register platform support module: C:/Program Files/Unity/Hub/Editor/2021.2.8f1/Editor/Data/PlaybackEngines/WindowsStandaloneSupport/UnityEditor.WindowsStandalone.Extensions.dll
Registered in 0.007636 seconds.
Native extension for WindowsStandalone target not found
Refreshing native plugins compatible for Editor in 112.88 ms, found 3 plugins.
Preloading 0 native plugins for Editor in 0.00 ms.
Mono: successfully reloaded assembly
- Completed reload, in  0.769 seconds
Domain Reload Profiling:
	ReloadAssembly (769ms)
		BeginReloadAssembly (89ms)
			ExecutionOrderSort (0ms)
			DisableScriptedObjects (0ms)
			BackupInstance (0ms)
			ReleaseScriptingObjects (0ms)
			CreateAndSetChildDomain (1ms)
		EndReloadAssembly (579ms)
			LoadAssemblies (87ms)
			RebuildTransferFunctionScriptingTraits (0ms)
			SetupTypeCache (122ms)
			ReleaseScriptCaches (0ms)
			RebuildScriptCaches (32ms)
			SetupLoadedEditorAssemblies (347ms)
				LogAssemblyErrors (0ms)
				InitializePlatformSupportModulesInManaged (16ms)
				SetLoadedEditorAssemblies (0ms)
				RefreshPlugins (113ms)
				BeforeProcessingInitializeOnLoad (1ms)
				ProcessInitializeOnLoadAttributes (165ms)
				ProcessInitializeOnLoadMethodAttributes (50ms)
				AfterProcessingInitializeOnLoad (0ms)
				EditorAssembliesLoaded (0ms)
			ExecutionOrderSort2 (0ms)
			AwakeInstancesAfterBackupRestoration (0ms)
Platform modules already initialized, skipping
Registering precompiled user dll's ...
Registered in 0.007617 seconds.
Begin MonoManager ReloadAssembly
Symbol file LoadedFromMemory doesn't match image C:\Users\user\Desktop\Project1\Project1-Game-Programming\Animals\Library\PackageCache\com.unity.visualscripting@1.7.7\Editor\VisualScripting.Core\Dependencies\YamlDotNet\Unity.VisualScripting.YamlDotNet.dll
Symbol file LoadedFromMemory doesn't match image C:\Users\user\Desktop\Project1\Project1-Game-Programming\Animals\Library\PackageCache\com.unity.visualscripting@1.7.7\Editor\VisualScripting.Core\Dependencies\DotNetZip\Unity.VisualScripting.IonicZip.dll
Native extension for WindowsStandalone target not found
Refreshing native plugins compatible for Editor in 147.03 ms, found 3 plugins.
Preloading 0 native plugins for Editor in 0.00 ms.
Mono: successfully reloaded assembly
- Completed reload, in  3.273 seconds
Domain Reload Profiling:
	ReloadAssembly (3274ms)
		BeginReloadAssembly (208ms)
			ExecutionOrderSort (0ms)
			DisableScriptedObjects (12ms)
			BackupInstance (0ms)
			ReleaseScriptingObjects (0ms)
			CreateAndSetChildDomain (35ms)
		EndReloadAssembly (2888ms)
			LoadAssemblies (1267ms)
			RebuildTransferFunctionScriptingTraits (0ms)
			SetupTypeCache (446ms)
			ReleaseScriptCaches (1ms)
			RebuildScriptCaches (99ms)
			SetupLoadedEditorAssemblies (963ms)
				LogAssemblyErrors (0ms)
				InitializePlatformSupportModulesInManaged (17ms)
				SetLoadedEditorAssemblies (0ms)
				RefreshPlugins (147ms)
				BeforeProcessingInitializeOnLoad (112ms)
				ProcessInitializeOnLoadAttributes (531ms)
				ProcessInitializeOnLoadMethodAttributes (139ms)
				AfterProcessingInitializeOnLoad (16ms)
				EditorAssembliesLoaded (0ms)
			ExecutionOrderSort2 (0ms)
			AwakeInstancesAfterBackupRestoration (9ms)
Platform modules already initialized, skipping
========================================================================
Worker process is ready to serve import requests
Launched and connected shader compiler UnityShaderCompiler.exe after 0.84 seconds
Refreshing native plugins compatible for Editor in 0.76 ms, found 3 plugins.
Preloading 0 native plugins for Editor in 0.00 ms.
Unloading 3861 Unused Serialized files (Serialized files now loaded: 0)
Unloading 44 unused Assets / (483.6 KB). Loaded Objects now: 4317.
Memory consumption went from 154.1 MB to 153.6 MB.
Total: 3.735000 ms (FindLiveObjects: 0.330900 ms CreateObjectMapping: 0.263700 ms MarkObjects: 2.861500 ms  DeleteObjects: 0.277000 ms)

AssetImportParameters requested are different than current active one (requested -> active):
  custom:video-decoder-ogg-theora: a1e56fd34408186e4bbccfd4996cb3dc -> 
  custom:container-muxer-webm: aa71ff27fc2769a1b78a27578f13a17b -> 
  custom:container-demuxer-webm: 4f35f7cbe854078d1ac9338744f61a02 -> 
  custom:video-encoder-webm-vp8: eb34c28f22e8b96e1ab97ce403110664 -> 
  custom:audio-encoder-webm-vorbis: bf7c407c2cedff20999df2af8eb42d56 -> 
  custom:framework-win-MediaFoundation: 216162199b28c13a410421893ffa2e32 -> 
  custom:container-demuxer-ogg: 62fdf1f143b41e24485cea50d1cbac27 -> 
  custom:video-decoder-webm-vp8: 9c59270c3fd7afecdb556c50c9e8de78 -> 
  custom:audio-decoder-ogg-vorbis: bf7c407c2cedff20999df2af8eb42d56 -> 
========================================================================
Received Import Request.
  Time since last request: 3537878.211853 seconds.
  path: Assets/all_characters/Tiger/run.fbx
  artifactKey: Guid(fcd4de5ffa6d77f47a1da32a7f2fb699) Importer(815301076,1909f56bfc062723c751e8b465ee728b)
Start importing Assets/all_characters/Tiger/run.fbx using Guid(fcd4de5ffa6d77f47a1da32a7f2fb699) Importer(815301076,1909f56bfc062723c751e8b465ee728b)  -> (artifact id: '5d56b6b12a1ad549d622056f71f0b742') in 2.792363 seconds 
========================================================================
Received Import Request.
  Time since last request: 0.000049 seconds.
  path: Assets/all_characters/Tiger/tiger_idle.fbx
  artifactKey: Guid(0faaca137bc5a794098e6b71f8bb22f6) Importer(815301076,1909f56bfc062723c751e8b465ee728b)
Start importing Assets/all_characters/Tiger/tiger_idle.fbx using Guid(0faaca137bc5a794098e6b71f8bb22f6) Importer(815301076,1909f56bfc062723c751e8b465ee728b)  -> (artifact id: '6ae96a12479d108b0c7ba9b729d67af7') in 0.091232 seconds 
========================================================================
Received Import Request.
  Time since last request: 0.000031 seconds.
  path: Assets/all_characters/Tiger/Walk.fbx
  artifactKey: Guid(427f72e3e110e5145bf4956336b40f6f) Importer(815301076,1909f56bfc062723c751e8b465ee728b)
Start importing Assets/all_characters/Tiger/Walk.fbx using Guid(427f72e3e110e5145bf4956336b40f6f) Importer(815301076,1909f56bfc062723c751e8b465ee728b)  -> (artifact id: '6579eee28bebbd28e61a4186e8867e12') in 0.065928 seconds 
========================================================================
Received Import Request.
  Time since last request: 1104.812408 seconds.
  path: Assets/Scenes/InitialState.unity
  artifactKey: Guid(9fc0d4010bbf28b4594072e72b8655ab) Importer(815301076,1909f56bfc062723c751e8b465ee728b)
Start importing Assets/Scenes/InitialState.unity using Guid(9fc0d4010bbf28b4594072e72b8655ab) Importer(815301076,1909f56bfc062723c751e8b465ee728b)  -> (artifact id: '3951180177ff966e48afb39be7cb57db') in 0.007916 seconds 
========================================================================
Received Import Request.
  Time since last request: 566.252800 seconds.
  path: Assets/Weapons/Scripts
  artifactKey: Guid(b6c061788de12f54ea6672a16627499a) Importer(815301076,1909f56bfc062723c751e8b465ee728b)
Start importing Assets/Weapons/Scripts using Guid(b6c061788de12f54ea6672a16627499a) Importer(815301076,1909f56bfc062723c751e8b465ee728b)  -> (artifact id: 'f4d75d178550648bf92a976505450e98') in 0.056405 seconds 
========================================================================
Received Import Request.
  Time since last request: 1.776808 seconds.
  path: Assets/Weapons/Scripts/GunView.cs
  artifactKey: Guid(cc74bb52495beed45aa2ab2ba4b460ae) Importer(815301076,1909f56bfc062723c751e8b465ee728b)
Start importing Assets/Weapons/Scripts/GunView.cs using Guid(cc74bb52495beed45aa2ab2ba4b460ae) Importer(815301076,1909f56bfc062723c751e8b465ee728b)  -> (artifact id: 'a709fe11790191036b8f356bea374c0f') in 0.158919 seconds 
========================================================================
Received Import Request.
  Time since last request: 13.980693 seconds.
  path: Assets/Weapons/Scripts/GunsMenu.cs
  artifactKey: Guid(c859d416b6fab4749b7d8f1d9dc840eb) Importer(815301076,1909f56bfc062723c751e8b465ee728b)
Start importing Assets/Weapons/Scripts/GunsMenu.cs using Guid(c859d416b6fab4749b7d8f1d9dc840eb) Importer(815301076,1909f56bfc062723c751e8b465ee728b)  -> (artifact id: '8210cb73396aebc19b4b09caf39960e9') in 0.020900 seconds 
========================================================================
Received Import Request.
  Time since last request: 158.610935 seconds.
  path: Assets/Weapons/Scripts/Gun.cs
  artifactKey: Guid(a6e9755d13ad8954486e4753803f66d1) Importer(815301076,1909f56bfc062723c751e8b465ee728b)
Start importing Assets/Weapons/Scripts/Gun.cs using Guid(a6e9755d13ad8954486e4753803f66d1) Importer(815301076,1909f56bfc062723c751e8b465ee728b)  -> (artifact id: '521fd4604c79dbb6ee96c9614e5ddaa6') in 0.018140 seconds 
========================================================================
Received Prepare
Registering precompiled user dll's ...
Registered in 0.009970 seconds.
Begin MonoManager ReloadAssembly
Symbol file LoadedFromMemory doesn't match image C:\Users\user\Desktop\Project1\Project1-Game-Programming\Animals\Library\PackageCache\com.unity.visualscripting@1.7.7\Editor\VisualScripting.Core\Dependencies\YamlDotNet\Unity.VisualScripting.YamlDotNet.dll
Symbol file LoadedFromMemory doesn't match image C:\Users\user\Desktop\Project1\Project1-Game-Programming\Animals\Library\PackageCache\com.unity.visualscripting@1.7.7\Editor\VisualScripting.Core\Dependencies\DotNetZip\Unity.VisualScripting.IonicZip.dll
Native extension for WindowsStandalone target not found
Refreshing native plugins compatible for Editor in 1.78 ms, found 3 plugins.
Preloading 0 native plugins for Editor in 0.00 ms.
Mono: successfully reloaded assembly
- Completed reload, in  8.051 seconds
Domain Reload Profiling:
	ReloadAssembly (8052ms)
		BeginReloadAssembly (2993ms)
			ExecutionOrderSort (0ms)
			DisableScriptedObjects (9ms)
			BackupInstance (0ms)
			ReleaseScriptingObjects (0ms)
			CreateAndSetChildDomain (68ms)
		EndReloadAssembly (4498ms)
			LoadAssemblies (5108ms)
			RebuildTransferFunctionScriptingTraits (0ms)
			SetupTypeCache (453ms)
			ReleaseScriptCaches (2ms)
			RebuildScriptCaches (69ms)
			SetupLoadedEditorAssemblies (1345ms)
				LogAssemblyErrors (0ms)
				InitializePlatformSupportModulesInManaged (26ms)
				SetLoadedEditorAssemblies (1ms)
				RefreshPlugins (2ms)
				BeforeProcessingInitializeOnLoad (116ms)
				ProcessInitializeOnLoadAttributes (992ms)
				ProcessInitializeOnLoadMethodAttributes (195ms)
				AfterProcessingInitializeOnLoad (13ms)
				EditorAssembliesLoaded (0ms)
			ExecutionOrderSort2 (0ms)
			AwakeInstancesAfterBackupRestoration (10ms)
Platform modules already initialized, skipping
Refreshing native plugins compatible for Editor in 1.40 ms, found 3 plugins.
Preloading 0 native plugins for Editor in 0.00 ms.
Unloading 3781 Unused Serialized files (Serialized files now loaded: 0)
Unloading 25 unused Assets / (451.7 KB). Loaded Objects now: 4343.
Memory consumption went from 162.9 MB to 162.5 MB.
Total: 12.630600 ms (FindLiveObjects: 0.460500 ms CreateObjectMapping: 0.366500 ms MarkObjects: 11.439200 ms  DeleteObjects: 0.362300 ms)

AssetImportParameters requested are different than current active one (requested -> active):
  custom:video-decoder-ogg-theora: a1e56fd34408186e4bbccfd4996cb3dc -> 
  custom:container-muxer-webm: aa71ff27fc2769a1b78a27578f13a17b -> 
  custom:container-demuxer-webm: 4f35f7cbe854078d1ac9338744f61a02 -> 
  custom:video-encoder-webm-vp8: eb34c28f22e8b96e1ab97ce403110664 -> 
  custom:audio-encoder-webm-vorbis: bf7c407c2cedff20999df2af8eb42d56 -> 
  custom:framework-win-MediaFoundation: 216162199b28c13a410421893ffa2e32 -> 
  custom:container-demuxer-ogg: 62fdf1f143b41e24485cea50d1cbac27 -> 
  custom:video-decoder-webm-vp8: 9c59270c3fd7afecdb556c50c9e8de78 -> 
  custom:audio-decoder-ogg-vorbis: bf7c407c2cedff20999df2af8eb42d56 -> 
========================================================================
Received Import Request.
  Time since last request: 496.942769 seconds.
  path: Assets/Weapons/Scripts/Gun.cs
  artifactKey: Guid(a6e9755d13ad8954486e4753803f66d1) Importer(815301076,1909f56bfc062723c751e8b465ee728b)
Start importing Assets/Weapons/Scripts/Gun.cs using Guid(a6e9755d13ad8954486e4753803f66d1) Importer(815301076,1909f56bfc062723c751e8b465ee728b)  -> (artifact id: 'b7536d566c23fe820b1c1c1713d0f79c') in 0.018134 seconds 
========================================================================
Received Import Request.
  Time since last request: 163.883927 seconds.
  path: Assets/NewLayer 1.terrainlayer
  artifactKey: Guid(00ff5504fe3a87f4d98a23d02aa7b965) Importer(815301076,1909f56bfc062723c751e8b465ee728b)
Start importing Assets/NewLayer 1.terrainlayer using Guid(00ff5504fe3a87f4d98a23d02aa7b965) Importer(815301076,1909f56bfc062723c751e8b465ee728b)  -> (artifact id: '986e1d503e7ea17d3d0edbf25dcf7bbf') in 0.398469 seconds 
========================================================================
Received Import Request.
  Time since last request: 2.268477 seconds.
  path: Assets/all_characters/Fox
  artifactKey: Guid(c0a004383987dfa4d9f12312c85f34b5) Importer(815301076,1909f56bfc062723c751e8b465ee728b)
Start importing Assets/all_characters/Fox using Guid(c0a004383987dfa4d9f12312c85f34b5) Importer(815301076,1909f56bfc062723c751e8b465ee728b)  -> (artifact id: '6e62d33614a4420a163524787b57fb3b') in 0.010040 seconds 
========================================================================
Received Import Request.
  Time since last request: 3.916480 seconds.
  path: Assets/all_characters/Fox/Animations
  artifactKey: Guid(869b0f11ec8aeab4182700fd3ab87223) Importer(815301076,1909f56bfc062723c751e8b465ee728b)
Start importing Assets/all_characters/Fox/Animations using Guid(869b0f11ec8aeab4182700fd3ab87223) Importer(815301076,1909f56bfc062723c751e8b465ee728b)  -> (artifact id: '9eb56af3e6406271af8be55134300b23') in 0.014070 seconds 
========================================================================
Received Import Request.
  Time since last request: 0.254106 seconds.
  path: Assets/all_characters/Fox/Animations/Fox_Attack_Paws.fbx
  artifactKey: Guid(baae981a03a70004b9188fe1ac277200) Importer(815301076,1909f56bfc062723c751e8b465ee728b)
Start importing Assets/all_characters/Fox/Animations/Fox_Attack_Paws.fbx using Guid(baae981a03a70004b9188fe1ac277200) Importer(815301076,1909f56bfc062723c751e8b465ee728b)  -> (artifact id: 'fb859c1d6059e95404baead9461834da') in 0.398711 seconds 
========================================================================
Received Import Request.
  Time since last request: 0.000029 seconds.
  path: Assets/all_characters/Fox/Animations/Fox_Sit1.fbx
  artifactKey: Guid(c59a20e486f80ba4e859d4ef9574f9bb) Importer(815301076,1909f56bfc062723c751e8b465ee728b)
Start importing Assets/all_characters/Fox/Animations/Fox_Sit1.fbx using Guid(c59a20e486f80ba4e859d4ef9574f9bb) Importer(815301076,1909f56bfc062723c751e8b465ee728b)  -> (artifact id: '267cfcbdbfe1eecc1b6f74fa5e24a1a9') in 0.267433 seconds 
========================================================================
Received Import Request.
  Time since last request: 0.000038 seconds.
  path: Assets/all_characters/Fox/Animations/Fox_Run.fbx
  artifactKey: Guid(70c4ef9204c08ce429fd08a494bb1033) Importer(815301076,1909f56bfc062723c751e8b465ee728b)
Start importing Assets/all_characters/Fox/Animations/Fox_Run.fbx using Guid(70c4ef9204c08ce429fd08a494bb1033) Importer(815301076,1909f56bfc062723c751e8b465ee728b)  -> (artifact id: '30eedf1dbe6bc65d826309565161f880') in 0.123370 seconds 
========================================================================
Received Import Request.
  Time since last request: 0.000057 seconds.
  path: Assets/all_characters/Fox/Animations/Fox_Jump.fbx
  artifactKey: Guid(8ca578f25a346e248800bad0f5224350) Importer(815301076,1909f56bfc062723c751e8b465ee728b)
Start importing Assets/all_characters/Fox/Animations/Fox_Jump.fbx using Guid(8ca578f25a346e248800bad0f5224350) Importer(815301076,1909f56bfc062723c751e8b465ee728b)  -> (artifact id: 'ac6e7d34b15d1c1530483839f6ac4058') in 0.447907 seconds 
========================================================================
Received Import Request.
  Time since last request: 0.000027 seconds.
  path: Assets/all_characters/Fox/Animations/Fox_Run_Left_InPlace.fbx
  artifactKey: Guid(ba2500356de6e014d9477dc115771f94) Importer(815301076,1909f56bfc062723c751e8b465ee728b)
Start importing Assets/all_characters/Fox/Animations/Fox_Run_Left_InPlace.fbx using Guid(ba2500356de6e014d9477dc115771f94) Importer(815301076,1909f56bfc062723c751e8b465ee728b)  -> (artifact id: 'f3b9a018477a1b121ec8c610708a59bb') in 0.177647 seconds 
========================================================================
Received Import Request.
  Time since last request: 0.000027 seconds.
  path: Assets/all_characters/Fox/Animations/Fox_Walk_InPlace.fbx
  artifactKey: Guid(236b1614aa86e0f4db0792352a73d455) Importer(815301076,1909f56bfc062723c751e8b465ee728b)
Start importing Assets/all_characters/Fox/Animations/Fox_Walk_InPlace.fbx using Guid(236b1614aa86e0f4db0792352a73d455) Importer(815301076,1909f56bfc062723c751e8b465ee728b)  -> (artifact id: '90d18df2fe55c721b662feac5ef3198e') in 0.189438 seconds 
========================================================================
Received Import Request.
  Time since last request: 0.000018 seconds.
  path: Assets/all_characters/Fox/Animations/Fox_Walk_Right_InPlace.fbx
  artifactKey: Guid(bdbaf568193ceb44eb952bb2af5f3837) Importer(815301076,1909f56bfc062723c751e8b465ee728b)
Start importing Assets/all_characters/Fox/Animations/Fox_Walk_Right_InPlace.fbx using Guid(bdbaf568193ceb44eb952bb2af5f3837) Importer(815301076,1909f56bfc062723c751e8b465ee728b)  -> (artifact id: '0778d9b72cf169e5cb3571a3e91025cf') in 0.183940 seconds 
========================================================================
Received Import Request.
  Time since last request: 0.000047 seconds.
  path: Assets/all_characters/Fox/Animations/Fox_Run_InPlace.fbx
  artifactKey: Guid(93da703632b047d43b8f3a2b0f902424) Importer(815301076,1909f56bfc062723c751e8b465ee728b)
Start importing Assets/all_characters/Fox/Animations/Fox_Run_InPlace.fbx using Guid(93da703632b047d43b8f3a2b0f902424) Importer(815301076,1909f56bfc062723c751e8b465ee728b)  -> (artifact id: 'fbbe5d9d425e0f6d9afc00b5b1f364d5') in 0.136418 seconds 
========================================================================
Received Import Request.
  Time since last request: 0.000027 seconds.
  path: Assets/all_characters/Fox/Animations/Fox_Falling_Left.fbx
  artifactKey: Guid(9eb4afe5321a98247a4a1b7f9e0e5ee6) Importer(815301076,1909f56bfc062723c751e8b465ee728b)
Start importing Assets/all_characters/Fox/Animations/Fox_Falling_Left.fbx using Guid(9eb4afe5321a98247a4a1b7f9e0e5ee6) Importer(815301076,1909f56bfc062723c751e8b465ee728b)  -> (artifact id: '760561d944a49705d73aa56d1ddc9e06') in 0.094366 seconds 
========================================================================
Received Import Request.
  Time since last request: 0.000027 seconds.
  path: Assets/all_characters/Fox/Animations/Fox_Walk_Right.fbx
  artifactKey: Guid(8f0cf4218cd736142a75f73f2ce615ba) Importer(815301076,1909f56bfc062723c751e8b465ee728b)
Start importing Assets/all_characters/Fox/Animations/Fox_Walk_Right.fbx using Guid(8f0cf4218cd736142a75f73f2ce615ba) Importer(815301076,1909f56bfc062723c751e8b465ee728b)  -> (artifact id: '5b86493d79a8d212af1083bccd3e97f7') in 0.130497 seconds 
========================================================================
Received Import Request.
  Time since last request: 0.000036 seconds.
  path: Assets/all_characters/Fox/Animations/Fox_Run_Left.fbx
  artifactKey: Guid(5ae8ff9eadf8f554688979fee65f0aef) Importer(815301076,1909f56bfc062723c751e8b465ee728b)
Start importing Assets/all_characters/Fox/Animations/Fox_Run_Left.fbx using Guid(5ae8ff9eadf8f554688979fee65f0aef) Importer(815301076,1909f56bfc062723c751e8b465ee728b)  -> (artifact id: 'dbd159237b438e18bcde5795d596c243') in 0.159073 seconds 
========================================================================
Received Import Request.
  Time since last request: 0.000034 seconds.
  path: Assets/all_characters/Fox/Animations/Fox_Jump_InAir.fbx
  artifactKey: Guid(e004cd5a03acf764d911027f6ca2b528) Importer(815301076,1909f56bfc062723c751e8b465ee728b)
Start importing Assets/all_characters/Fox/Animations/Fox_Jump_InAir.fbx using Guid(e004cd5a03acf764d911027f6ca2b528) Importer(815301076,1909f56bfc062723c751e8b465ee728b)  -> (artifact id: 'c2a2eab0acc8a0b8f01d5e8b47b9be78') in 0.176160 seconds 
========================================================================
Received Import Request.
  Time since last request: 0.000016 seconds.
  path: Assets/all_characters/Fox/Animations/Fox_Idle.fbx
  artifactKey: Guid(09884bf878afb4549bea8fb4f77e5ea0) Importer(815301076,1909f56bfc062723c751e8b465ee728b)
Start importing Assets/all_characters/Fox/Animations/Fox_Idle.fbx using Guid(09884bf878afb4549bea8fb4f77e5ea0) Importer(815301076,1909f56bfc062723c751e8b465ee728b)  -> (artifact id: '2a50afc0f060dd198d3dd93a06e82617') in 0.141142 seconds 
========================================================================
Received Import Request.
  Time since last request: 0.000027 seconds.
  path: Assets/all_characters/Fox/Animations/Fox_Sit3_StandUp.fbx
  artifactKey: Guid(02d99976b4a0880419ef0381cb525dfe) Importer(815301076,1909f56bfc062723c751e8b465ee728b)
Start importing Assets/all_characters/Fox/Animations/Fox_Sit3_StandUp.fbx using Guid(02d99976b4a0880419ef0381cb525dfe) Importer(815301076,1909f56bfc062723c751e8b465ee728b)  -> (artifact id: '945dabe4cb9e8b14320f642b24211ed1') in 0.123403 seconds 
========================================================================
Received Import Request.
  Time since last request: 0.000024 seconds.
  path: Assets/all_characters/Fox/Animations/Fox_Walk_Left_InPlace.fbx
  artifactKey: Guid(b2adcf57d666f76469d4ca24956e82b7) Importer(815301076,1909f56bfc062723c751e8b465ee728b)
Start importing Assets/all_characters/Fox/Animations/Fox_Walk_Left_InPlace.fbx using Guid(b2adcf57d666f76469d4ca24956e82b7) Importer(815301076,1909f56bfc062723c751e8b465ee728b)  -> (artifact id: '4b0bf53e3a60592262adfb79ea4f8122') in 0.224280 seconds 
========================================================================
Received Import Request.
  Time since last request: 0.000023 seconds.
  path: Assets/all_characters/Fox/Animations/Fox_Walk_Back.fbx
  artifactKey: Guid(34bb4f81661abcd4fae58c9a9d6bdbe3) Importer(815301076,1909f56bfc062723c751e8b465ee728b)
Start importing Assets/all_characters/Fox/Animations/Fox_Walk_Back.fbx using Guid(34bb4f81661abcd4fae58c9a9d6bdbe3) Importer(815301076,1909f56bfc062723c751e8b465ee728b)  -> (artifact id: '197dd6b6a7e6c01dfcf836d56dbd92d7') in 0.141858 seconds 
========================================================================
Received Import Request.
  Time since last request: 0.000033 seconds.
  path: Assets/all_characters/Fox/FBXs
  artifactKey: Guid(498014d388626e04e984fe8843d85cef) Importer(815301076,1909f56bfc062723c751e8b465ee728b)
Start importing Assets/all_characters/Fox/FBXs using Guid(498014d388626e04e984fe8843d85cef) Importer(815301076,1909f56bfc062723c751e8b465ee728b)  -> (artifact id: 'd852401a2e3203c1dc70cb9ff382a544') in 0.010276 seconds 
========================================================================
Received Import Request.
  Time since last request: 0.000029 seconds.
  path: Assets/all_characters/Fox/Animations/Fox_Somersault_InPlace.fbx
  artifactKey: Guid(0473e26d90c4a994ead38f256c99c5b9) Importer(815301076,1909f56bfc062723c751e8b465ee728b)
Start importing Assets/all_characters/Fox/Animations/Fox_Somersault_InPlace.fbx using Guid(0473e26d90c4a994ead38f256c99c5b9) Importer(815301076,1909f56bfc062723c751e8b465ee728b)  -> (artifact id: '02a25a6ca098959aa0c9d7304af069b7') in 0.086212 seconds 
========================================================================
Received Import Request.
  Time since last request: 0.000029 seconds.
  path: Assets/all_characters/Fox/FBXs/Fox.fbx
  artifactKey: Guid(91e4778cdfb185d4d9bfe81556dc4333) Importer(815301076,1909f56bfc062723c751e8b465ee728b)
Start importing Assets/all_characters/Fox/FBXs/Fox.fbx using Guid(91e4778cdfb185d4d9bfe81556dc4333) Importer(815301076,1909f56bfc062723c751e8b465ee728b)  -> (artifact id: 'b29a562ee9993019a51f1ac6bcde8d83') in 0.383667 seconds 
========================================================================
Received Import Request.
  Time since last request: 1.374536 seconds.
  path: Assets/all_characters/Fox/Materials
  artifactKey: Guid(f6721ed8e51962840b55be3854982711) Importer(815301076,1909f56bfc062723c751e8b465ee728b)
Start importing Assets/all_characters/Fox/Materials using Guid(f6721ed8e51962840b55be3854982711) Importer(815301076,1909f56bfc062723c751e8b465ee728b)  -> (artifact id: 'f5439c54eff029c0acdd7c27e665f558') in 0.010845 seconds 
========================================================================
Received Import Request.
  Time since last request: 0.173504 seconds.
  path: Assets/all_characters/Fox/Materials/M_Fox.mat
  artifactKey: Guid(4ad23863efbf001479d8ebd01ef00654) Importer(815301076,1909f56bfc062723c751e8b465ee728b)
Start importing Assets/all_characters/Fox/Materials/M_Fox.mat using Guid(4ad23863efbf001479d8ebd01ef00654) Importer(815301076,1909f56bfc062723c751e8b465ee728b)  -> (artifact id: 'd4f96cbe05bf97a0f5b406fee2ad6cf0') in 1.290394 seconds 
========================================================================
Received Import Request.
  Time since last request: 1.167052 seconds.
  path: Assets/all_characters/Fox/Prefabs
  artifactKey: Guid(5111af2f92f2ed94dbebf7e19b2950f0) Importer(815301076,1909f56bfc062723c751e8b465ee728b)
Start importing Assets/all_characters/Fox/Prefabs using Guid(5111af2f92f2ed94dbebf7e19b2950f0) Importer(815301076,1909f56bfc062723c751e8b465ee728b)  -> (artifact id: '79c2cf762063fb266d748170ad31a32a') in 0.010858 seconds 
========================================================================
Received Import Request.
  Time since last request: 0.062128 seconds.
  path: Assets/all_characters/Fox/Prefabs/Fox.prefab
  artifactKey: Guid(9fedecbd1aa68924b816f15cb97e611a) Importer(815301076,1909f56bfc062723c751e8b465ee728b)
Start importing Assets/all_characters/Fox/Prefabs/Fox.prefab using Guid(9fedecbd1aa68924b816f15cb97e611a) Importer(815301076,1909f56bfc062723c751e8b465ee728b)  -> (artifact id: '770b3946acb733cfff15281a79739276') in 0.168395 seconds 
========================================================================
Received Import Request.
  Time since last request: 1.916173 seconds.
  path: Assets/all_characters/Fox/Scenes
  artifactKey: Guid(fdedc5eb6a8938a49bd72aff65fcc004) Importer(815301076,1909f56bfc062723c751e8b465ee728b)
Start importing Assets/all_characters/Fox/Scenes using Guid(fdedc5eb6a8938a49bd72aff65fcc004) Importer(815301076,1909f56bfc062723c751e8b465ee728b)  -> (artifact id: '1a90e364bc068c2fe477f471d10d2c07') in 0.011039 seconds 
========================================================================
Received Import Request.
  Time since last request: 2.049477 seconds.
  path: Assets/all_characters/Fox/Textures
  artifactKey: Guid(a2f87bcac00211a42b93067222815097) Importer(815301076,1909f56bfc062723c751e8b465ee728b)
Start importing Assets/all_characters/Fox/Textures using Guid(a2f87bcac00211a42b93067222815097) Importer(815301076,1909f56bfc062723c751e8b465ee728b)  -> (artifact id: '0ad1bb8bfd596812af7a7f520e881fb6') in 0.010516 seconds 
========================================================================
Received Import Request.
  Time since last request: 0.116940 seconds.
  path: Assets/all_characters/Fox/Textures/T_Fox_AO.png
  artifactKey: Guid(de207d8f5cd3bc944807063352ece8be) Importer(815301076,1909f56bfc062723c751e8b465ee728b)
Start importing Assets/all_characters/Fox/Textures/T_Fox_AO.png using Guid(de207d8f5cd3bc944807063352ece8be) Importer(815301076,1909f56bfc062723c751e8b465ee728b)  -> (artifact id: '619159c19eec9a480a3b80b3b24640cc') in 0.244742 seconds 
========================================================================
Received Import Request.
  Time since last request: 0.000028 seconds.
  path: Assets/all_characters/Fox/Textures/T_Fox_Normal.png
  artifactKey: Guid(928b919063a51c0419938a86dfc30832) Importer(815301076,1909f56bfc062723c751e8b465ee728b)
Start importing Assets/all_characters/Fox/Textures/T_Fox_Normal.png using Guid(928b919063a51c0419938a86dfc30832) Importer(815301076,1909f56bfc062723c751e8b465ee728b)  -> (artifact id: 'baa0a31b2dab468cdee4fc0392025f22') in 0.182027 seconds 
========================================================================
Received Import Request.
  Time since last request: 7.824424 seconds.
  path: Assets/all_characters/Fox/Scripts
  artifactKey: Guid(00a70f9f8ac4c1243a290449ae42de12) Importer(815301076,1909f56bfc062723c751e8b465ee728b)
Start importing Assets/all_characters/Fox/Scripts using Guid(00a70f9f8ac4c1243a290449ae42de12) Importer(815301076,1909f56bfc062723c751e8b465ee728b)  -> (artifact id: 'aacc46f310065e489dd06a63b11f41e8') in 0.006688 seconds 
========================================================================
Received Import Request.
  Time since last request: 9.221583 seconds.
  path: Assets/all_characters/Fox/Scripts/Target.cs
  artifactKey: Guid(bee66d987f4ffbf4cb6af151d6f11eaa) Importer(815301076,1909f56bfc062723c751e8b465ee728b)
Start importing Assets/all_characters/Fox/Scripts/Target.cs using Guid(bee66d987f4ffbf4cb6af151d6f11eaa) Importer(815301076,1909f56bfc062723c751e8b465ee728b)  -> (artifact id: '2a2473a0d20ef7a2be6cd66457b83ecb') in 0.012762 seconds 
========================================================================
Received Import Request.
  Time since last request: 242.680606 seconds.
  path: Assets/all_characters/Fox/Scripts/Target.cs
  artifactKey: Guid(bee66d987f4ffbf4cb6af151d6f11eaa) Importer(815301076,1909f56bfc062723c751e8b465ee728b)
Start importing Assets/all_characters/Fox/Scripts/Target.cs using Guid(bee66d987f4ffbf4cb6af151d6f11eaa) Importer(815301076,1909f56bfc062723c751e8b465ee728b)  -> (artifact id: '4d2a7f6ec98e1c64131765b36f83662d') in 0.007239 seconds 
========================================================================
Received Prepare
Registering precompiled user dll's ...
Registered in 0.007524 seconds.
Begin MonoManager ReloadAssembly
Symbol file LoadedFromMemory doesn't match image C:\Users\user\Desktop\Project1\Project1-Game-Programming\Animals\Library\PackageCache\com.unity.visualscripting@1.7.7\Editor\VisualScripting.Core\Dependencies\YamlDotNet\Unity.VisualScripting.YamlDotNet.dll
Symbol file LoadedFromMemory doesn't match image C:\Users\user\Desktop\Project1\Project1-Game-Programming\Animals\Library\PackageCache\com.unity.visualscripting@1.7.7\Editor\VisualScripting.Core\Dependencies\DotNetZip\Unity.VisualScripting.IonicZip.dll
Native extension for WindowsStandalone target not found
Refreshing native plugins compatible for Editor in 5.50 ms, found 3 plugins.
Preloading 0 native plugins for Editor in 0.00 ms.
Mono: successfully reloaded assembly
- Completed reload, in  6.572 seconds
Domain Reload Profiling:
	ReloadAssembly (6573ms)
		BeginReloadAssembly (189ms)
			ExecutionOrderSort (0ms)
			DisableScriptedObjects (6ms)
			BackupInstance (0ms)
			ReleaseScriptingObjects (0ms)
			CreateAndSetChildDomain (51ms)
		EndReloadAssembly (6122ms)
			LoadAssemblies (111ms)
			RebuildTransferFunctionScriptingTraits (0ms)
			SetupTypeCache (568ms)
			ReleaseScriptCaches (10ms)
			RebuildScriptCaches (639ms)
			SetupLoadedEditorAssemblies (3478ms)
				LogAssemblyErrors (0ms)
				InitializePlatformSupportModulesInManaged (181ms)
				SetLoadedEditorAssemblies (6ms)
				RefreshPlugins (6ms)
				BeforeProcessingInitializeOnLoad (992ms)
				ProcessInitializeOnLoadAttributes (2192ms)
				ProcessInitializeOnLoadMethodAttributes (76ms)
				AfterProcessingInitializeOnLoad (24ms)
				EditorAssembliesLoaded (0ms)
			ExecutionOrderSort2 (0ms)
			AwakeInstancesAfterBackupRestoration (36ms)
Platform modules already initialized, skipping
Refreshing native plugins compatible for Editor in 1.30 ms, found 3 plugins.
Preloading 0 native plugins for Editor in 0.00 ms.
Unloading 3783 Unused Serialized files (Serialized files now loaded: 0)
Unloading 25 unused Assets / (451.9 KB). Loaded Objects now: 4427.
Memory consumption went from 173.1 MB to 172.6 MB.
Total: 97.477900 ms (FindLiveObjects: 0.571300 ms CreateObjectMapping: 0.467500 ms MarkObjects: 96.005100 ms  DeleteObjects: 0.431600 ms)

AssetImportParameters requested are different than current active one (requested -> active):
  custom:video-decoder-ogg-theora: a1e56fd34408186e4bbccfd4996cb3dc -> 
  custom:container-muxer-webm: aa71ff27fc2769a1b78a27578f13a17b -> 
  custom:container-demuxer-webm: 4f35f7cbe854078d1ac9338744f61a02 -> 
  custom:video-encoder-webm-vp8: eb34c28f22e8b96e1ab97ce403110664 -> 
  custom:audio-encoder-webm-vorbis: bf7c407c2cedff20999df2af8eb42d56 -> 
  custom:framework-win-MediaFoundation: 216162199b28c13a410421893ffa2e32 -> 
  custom:container-demuxer-ogg: 62fdf1f143b41e24485cea50d1cbac27 -> 
  custom:video-decoder-webm-vp8: 9c59270c3fd7afecdb556c50c9e8de78 -> 
  custom:audio-decoder-ogg-vorbis: bf7c407c2cedff20999df2af8eb42d56 -> 
========================================================================
Received Prepare
Registering precompiled user dll's ...
Registered in 0.028880 seconds.
Begin MonoManager ReloadAssembly
Symbol file LoadedFromMemory doesn't match image C:\Users\user\Desktop\Project1\Project1-Game-Programming\Animals\Library\PackageCache\com.unity.visualscripting@1.7.7\Editor\VisualScripting.Core\Dependencies\YamlDotNet\Unity.VisualScripting.YamlDotNet.dll
Symbol file LoadedFromMemory doesn't match image C:\Users\user\Desktop\Project1\Project1-Game-Programming\Animals\Library\PackageCache\com.unity.visualscripting@1.7.7\Editor\VisualScripting.Core\Dependencies\DotNetZip\Unity.VisualScripting.IonicZip.dll
Native extension for WindowsStandalone target not found
Refreshing native plugins compatible for Editor in 1.85 ms, found 3 plugins.
Preloading 0 native plugins for Editor in 0.00 ms.
Mono: successfully reloaded assembly
- Completed reload, in  4.197 seconds
Domain Reload Profiling:
	ReloadAssembly (4199ms)
		BeginReloadAssembly (743ms)
			ExecutionOrderSort (0ms)
			DisableScriptedObjects (25ms)
			BackupInstance (0ms)
			ReleaseScriptingObjects (0ms)
			CreateAndSetChildDomain (336ms)
		EndReloadAssembly (2912ms)
			LoadAssemblies (316ms)
			RebuildTransferFunctionScriptingTraits (0ms)
			SetupTypeCache (934ms)
			ReleaseScriptCaches (2ms)
			RebuildScriptCaches (147ms)
			SetupLoadedEditorAssemblies (1399ms)
				LogAssemblyErrors (0ms)
				InitializePlatformSupportModulesInManaged (33ms)
				SetLoadedEditorAssemblies (1ms)
				RefreshPlugins (2ms)
				BeforeProcessingInitializeOnLoad (324ms)
				ProcessInitializeOnLoadAttributes (936ms)
				ProcessInitializeOnLoadMethodAttributes (82ms)
				AfterProcessingInitializeOnLoad (19ms)
				EditorAssembliesLoaded (0ms)
			ExecutionOrderSort2 (0ms)
			AwakeInstancesAfterBackupRestoration (28ms)
Platform modules already initialized, skipping
Refreshing native plugins compatible for Editor in 4.89 ms, found 3 plugins.
Preloading 0 native plugins for Editor in 0.00 ms.
Unloading 3781 Unused Serialized files (Serialized files now loaded: 0)
Unloading 25 unused Assets / (459.7 KB). Loaded Objects now: 4441.
Memory consumption went from 173.0 MB to 172.6 MB.
Total: 17.106100 ms (FindLiveObjects: 1.286600 ms CreateObjectMapping: 1.120000 ms MarkObjects: 13.606100 ms  DeleteObjects: 1.087900 ms)

AssetImportParameters requested are different than current active one (requested -> active):
  custom:video-decoder-ogg-theora: a1e56fd34408186e4bbccfd4996cb3dc -> 
  custom:container-muxer-webm: aa71ff27fc2769a1b78a27578f13a17b -> 
  custom:container-demuxer-webm: 4f35f7cbe854078d1ac9338744f61a02 -> 
  custom:video-encoder-webm-vp8: eb34c28f22e8b96e1ab97ce403110664 -> 
  custom:audio-encoder-webm-vorbis: bf7c407c2cedff20999df2af8eb42d56 -> 
  custom:framework-win-MediaFoundation: 216162199b28c13a410421893ffa2e32 -> 
  custom:container-demuxer-ogg: 62fdf1f143b41e24485cea50d1cbac27 -> 
  custom:video-decoder-webm-vp8: 9c59270c3fd7afecdb556c50c9e8de78 -> 
  custom:audio-decoder-ogg-vorbis: bf7c407c2cedff20999df2af8eb42d56 -> 
========================================================================
Received Import Request.
  Time since last request: 2285.753685 seconds.
  path: Assets/all_characters/Fox/Prefabs/Fox.prefab
  artifactKey: Guid(9fedecbd1aa68924b816f15cb97e611a) Importer(815301076,1909f56bfc062723c751e8b465ee728b)
Start importing Assets/all_characters/Fox/Prefabs/Fox.prefab using Guid(9fedecbd1aa68924b816f15cb97e611a) Importer(815301076,1909f56bfc062723c751e8b465ee728b)  -> (artifact id: '8dc1d674555b616bc6b354dcaefaaeb5') in 2.007320 seconds 
========================================================================
Received Prepare
Registering precompiled user dll's ...
Registered in 0.016639 seconds.
Begin MonoManager ReloadAssembly
Symbol file LoadedFromMemory doesn't match image C:\Users\user\Desktop\Project1\Project1-Game-Programming\Animals\Library\PackageCache\com.unity.visualscripting@1.7.7\Editor\VisualScripting.Core\Dependencies\YamlDotNet\Unity.VisualScripting.YamlDotNet.dll
Symbol file LoadedFromMemory doesn't match image C:\Users\user\Desktop\Project1\Project1-Game-Programming\Animals\Library\PackageCache\com.unity.visualscripting@1.7.7\Editor\VisualScripting.Core\Dependencies\DotNetZip\Unity.VisualScripting.IonicZip.dll
Native extension for WindowsStandalone target not found
Refreshing native plugins compatible for Editor in 2.03 ms, found 3 plugins.
Preloading 0 native plugins for Editor in 0.00 ms.
Mono: successfully reloaded assembly
- Completed reload, in  3.758 seconds
Domain Reload Profiling:
	ReloadAssembly (3760ms)
		BeginReloadAssembly (421ms)
			ExecutionOrderSort (0ms)
			DisableScriptedObjects (15ms)
			BackupInstance (0ms)
			ReleaseScriptingObjects (0ms)
			CreateAndSetChildDomain (121ms)
		EndReloadAssembly (3055ms)
			LoadAssemblies (270ms)
			RebuildTransferFunctionScriptingTraits (0ms)
			SetupTypeCache (1002ms)
			ReleaseScriptCaches (4ms)
			RebuildScriptCaches (150ms)
			SetupLoadedEditorAssemblies (1443ms)
				LogAssemblyErrors (0ms)
				InitializePlatformSupportModulesInManaged (42ms)
				SetLoadedEditorAssemblies (2ms)
				RefreshPlugins (2ms)
				BeforeProcessingInitializeOnLoad (222ms)
				ProcessInitializeOnLoadAttributes (1030ms)
				ProcessInitializeOnLoadMethodAttributes (108ms)
				AfterProcessingInitializeOnLoad (37ms)
				EditorAssembliesLoaded (1ms)
			ExecutionOrderSort2 (0ms)
			AwakeInstancesAfterBackupRestoration (47ms)
Platform modules already initialized, skipping
Refreshing native plugins compatible for Editor in 1.72 ms, found 3 plugins.
Preloading 0 native plugins for Editor in 0.00 ms.
Unloading 3781 Unused Serialized files (Serialized files now loaded: 0)
Unloading 25 unused Assets / (452.0 KB). Loaded Objects now: 4455.
Memory consumption went from 173.0 MB to 172.6 MB.
Total: 11.883900 ms (FindLiveObjects: 1.206200 ms CreateObjectMapping: 0.898800 ms MarkObjects: 8.710000 ms  DeleteObjects: 1.063700 ms)

AssetImportParameters requested are different than current active one (requested -> active):
  custom:video-decoder-ogg-theora: a1e56fd34408186e4bbccfd4996cb3dc -> 
  custom:container-muxer-webm: aa71ff27fc2769a1b78a27578f13a17b -> 
  custom:container-demuxer-webm: 4f35f7cbe854078d1ac9338744f61a02 -> 
  custom:video-encoder-webm-vp8: eb34c28f22e8b96e1ab97ce403110664 -> 
  custom:audio-encoder-webm-vorbis: bf7c407c2cedff20999df2af8eb42d56 -> 
  custom:framework-win-MediaFoundation: 216162199b28c13a410421893ffa2e32 -> 
  custom:container-demuxer-ogg: 62fdf1f143b41e24485cea50d1cbac27 -> 
  custom:video-decoder-webm-vp8: 9c59270c3fd7afecdb556c50c9e8de78 -> 
  custom:audio-decoder-ogg-vorbis: bf7c407c2cedff20999df2af8eb42d56 -> 
========================================================================
Received Import Request.
  Time since last request: 194.390193 seconds.
  path: Assets/Weapons/Models/Guns/assault1
  artifactKey: Guid(2c03c570c5f60624cbb156af8a7860e9) Importer(815301076,1909f56bfc062723c751e8b465ee728b)
Start importing Assets/Weapons/Models/Guns/assault1 using Guid(2c03c570c5f60624cbb156af8a7860e9) Importer(815301076,1909f56bfc062723c751e8b465ee728b)  -> (artifact id: 'bf472400f764b602daaecf85242586ac') in 0.060199 seconds 
========================================================================
Received Import Request.
  Time since last request: 0.000071 seconds.
  path: Assets/Weapons/Models/Guns/assault1/assault1_normal.png
  artifactKey: Guid(d92eaaf9c145ab841af277f086a57b37) Importer(815301076,1909f56bfc062723c751e8b465ee728b)
Start importing Assets/Weapons/Models/Guns/assault1/assault1_normal.png using Guid(d92eaaf9c145ab841af277f086a57b37) Importer(815301076,1909f56bfc062723c751e8b465ee728b)  -> (artifact id: 'd60faed062331e807c6eea490bb9af73') in 0.416957 seconds 
========================================================================
Received Import Request.
  Time since last request: 0.000073 seconds.
  path: Assets/Weapons/Models/Guns/assault1/assault1.mat
  artifactKey: Guid(de9f2367ced6a0d4e8570c708bf31673) Importer(815301076,1909f56bfc062723c751e8b465ee728b)
Start importing Assets/Weapons/Models/Guns/assault1/assault1.mat using Guid(de9f2367ced6a0d4e8570c708bf31673) Importer(815301076,1909f56bfc062723c751e8b465ee728b)  -> (artifact id: 'ba5f1519a2d53d5f2ea230842128f0b1') in 0.277668 seconds 
========================================================================
Received Import Request.
  Time since last request: 0.000051 seconds.
  path: Assets/Weapons/Models/Guns/assault1/assault1_diffuse.png
  artifactKey: Guid(a2debbaf53f2f414a8fc1afc3ff6c24b) Importer(815301076,1909f56bfc062723c751e8b465ee728b)
Start importing Assets/Weapons/Models/Guns/assault1/assault1_diffuse.png using Guid(a2debbaf53f2f414a8fc1afc3ff6c24b) Importer(815301076,1909f56bfc062723c751e8b465ee728b)  -> (artifact id: 'e8653df44af5de7ff55710587e1fe85b') in 0.166917 seconds 
========================================================================
Received Import Request.
  Time since last request: 5.427760 seconds.
  path: Assets/Weapons/Models/Guns/assault1/muzzleFlash.prefab
  artifactKey: Guid(89c6dbe5383fee64596c8fa7c68e9cf1) Importer(815301076,1909f56bfc062723c751e8b465ee728b)
Start importing Assets/Weapons/Models/Guns/assault1/muzzleFlash.prefab using Guid(89c6dbe5383fee64596c8fa7c68e9cf1) Importer(815301076,1909f56bfc062723c751e8b465ee728b)  -> (artifact id: '1e7067f2779a632c2508775a7c7eb3c5') in 0.591212 seconds 
========================================================================
Received Import Request.
  Time since last request: 6.982761 seconds.
  path: Assets/Weapons/Models/Guns/assault2
  artifactKey: Guid(16bc82123c94e4b4c8d845cf2517805a) Importer(815301076,1909f56bfc062723c751e8b465ee728b)
Start importing Assets/Weapons/Models/Guns/assault2 using Guid(16bc82123c94e4b4c8d845cf2517805a) Importer(815301076,1909f56bfc062723c751e8b465ee728b)  -> (artifact id: 'cf5b12fa3de45e7fee3cb17d4da3d7ff') in 0.020532 seconds 
========================================================================
Received Import Request.
  Time since last request: 0.266643 seconds.
  path: Assets/Weapons/Models/Guns/assault2/assault2.fbx
  artifactKey: Guid(6bea03a7115c5d748b18a7573d0d4d2b) Importer(815301076,1909f56bfc062723c751e8b465ee728b)
Start importing Assets/Weapons/Models/Guns/assault2/assault2.fbx using Guid(6bea03a7115c5d748b18a7573d0d4d2b) Importer(815301076,1909f56bfc062723c751e8b465ee728b)  -> (artifact id: '544f7deb4036b479ac56bf8c39721626') in 0.244195 seconds 
========================================================================
Received Import Request.
  Time since last request: 0.000081 seconds.
  path: Assets/Weapons/Models/Guns/assault2/assault2_diffuse.png
  artifactKey: Guid(f699987dc2b8fa147bed02b5fb7dd2c2) Importer(815301076,1909f56bfc062723c751e8b465ee728b)
Start importing Assets/Weapons/Models/Guns/assault2/assault2_diffuse.png using Guid(f699987dc2b8fa147bed02b5fb7dd2c2) Importer(815301076,1909f56bfc062723c751e8b465ee728b)  -> (artifact id: '325dcf0db7b533973124c2f106ca55d4') in 0.371281 seconds 
========================================================================
Received Import Request.
  Time since last request: 0.000061 seconds.
  path: Assets/Weapons/Models/Guns/assault2/assault2_normal.png
  artifactKey: Guid(f682931156928fc4e960b020752b0c9a) Importer(815301076,1909f56bfc062723c751e8b465ee728b)
Start importing Assets/Weapons/Models/Guns/assault2/assault2_normal.png using Guid(f682931156928fc4e960b020752b0c9a) Importer(815301076,1909f56bfc062723c751e8b465ee728b)  -> (artifact id: 'd1b4e154f31529fa44dfc531bceb883f') in 0.055970 seconds 
========================================================================
Received Import Request.
  Time since last request: 14.207637 seconds.
  path: Assets/Weapons/Models/Guns/assault2/muzzleFlash.prefab
  artifactKey: Guid(9aa55e0b94c6b5243a17b565569f8659) Importer(815301076,1909f56bfc062723c751e8b465ee728b)
Start importing Assets/Weapons/Models/Guns/assault2/muzzleFlash.prefab using Guid(9aa55e0b94c6b5243a17b565569f8659) Importer(815301076,1909f56bfc062723c751e8b465ee728b)  -> (artifact id: '8ed961ac468f2255a7c506d16969b299') in 0.048825 seconds 
========================================================================
Received Import Request.
  Time since last request: 3.069437 seconds.
  path: Assets/Weapons/Models/Guns/assault3
  artifactKey: Guid(6cc9c39df9ac3ea4f8c0c78917b47c41) Importer(815301076,1909f56bfc062723c751e8b465ee728b)
Start importing Assets/Weapons/Models/Guns/assault3 using Guid(6cc9c39df9ac3ea4f8c0c78917b47c41) Importer(815301076,1909f56bfc062723c751e8b465ee728b)  -> (artifact id: '91ffbc4ab18cdaa50541d8d43dc12ba1') in 0.030643 seconds 
========================================================================
Received Import Request.
  Time since last request: 0.267914 seconds.
  path: Assets/Weapons/Models/Guns/assault3/assault3.fbx
  artifactKey: Guid(e525d5c90c0df01498dca09570cfb5ec) Importer(815301076,1909f56bfc062723c751e8b465ee728b)
Start importing Assets/Weapons/Models/Guns/assault3/assault3.fbx using Guid(e525d5c90c0df01498dca09570cfb5ec) Importer(815301076,1909f56bfc062723c751e8b465ee728b)  -> (artifact id: 'c9045b5fc240f8d20c5adaf9f58c6dae') in 0.100234 seconds 
========================================================================
Received Import Request.
  Time since last request: 0.000074 seconds.
  path: Assets/Weapons/Models/Guns/assault3/assault3_normal.png
  artifactKey: Guid(246651ca5a975ad4998634d0c534516b) Importer(815301076,1909f56bfc062723c751e8b465ee728b)
Start importing Assets/Weapons/Models/Guns/assault3/assault3_normal.png using Guid(246651ca5a975ad4998634d0c534516b) Importer(815301076,1909f56bfc062723c751e8b465ee728b)  -> (artifact id: '3d5aa054b1827ce2e3d9641854768ee2') in 0.309671 seconds 
========================================================================
Received Import Request.
  Time since last request: 0.000073 seconds.
  path: Assets/Weapons/Models/Guns/assault3/assault3_diffuse.png
  artifactKey: Guid(a5d9ebfb627548d41ba3a8ec12550ce5) Importer(815301076,1909f56bfc062723c751e8b465ee728b)
Start importing Assets/Weapons/Models/Guns/assault3/assault3_diffuse.png using Guid(a5d9ebfb627548d41ba3a8ec12550ce5) Importer(815301076,1909f56bfc062723c751e8b465ee728b)  -> (artifact id: '76b65cdb1a098f83cd86fce22b2a0a4f') in 0.386605 seconds 
========================================================================
Received Import Request.
  Time since last request: 4.133606 seconds.
  path: Assets/Weapons/Models/Guns/assault3/muzzleFlash.prefab
  artifactKey: Guid(9201fe815f3e0ff4ca752ab742b71763) Importer(815301076,1909f56bfc062723c751e8b465ee728b)
Start importing Assets/Weapons/Models/Guns/assault3/muzzleFlash.prefab using Guid(9201fe815f3e0ff4ca752ab742b71763) Importer(815301076,1909f56bfc062723c751e8b465ee728b)  -> (artifact id: '38a13f767357d64dbf4926c5c24eeba6') in 0.239187 seconds 
========================================================================
Received Import Request.
  Time since last request: 2.902617 seconds.
  path: Assets/Weapons/Models/Guns/assault4
  artifactKey: Guid(1de49433baa7a284285deb1c2317f523) Importer(815301076,1909f56bfc062723c751e8b465ee728b)
Start importing Assets/Weapons/Models/Guns/assault4 using Guid(1de49433baa7a284285deb1c2317f523) Importer(815301076,1909f56bfc062723c751e8b465ee728b)  -> (artifact id: 'b8c3cacc147abdebd2c63f6f7871fc83') in 0.020732 seconds 
========================================================================
Received Import Request.
  Time since last request: 0.187003 seconds.
  path: Assets/Weapons/Models/Guns/assault4/assault4.fbx
  artifactKey: Guid(ffb3f5f9531da764c906b0baf3285c62) Importer(815301076,1909f56bfc062723c751e8b465ee728b)
Start importing Assets/Weapons/Models/Guns/assault4/assault4.fbx using Guid(ffb3f5f9531da764c906b0baf3285c62) Importer(815301076,1909f56bfc062723c751e8b465ee728b)  -> (artifact id: '62d991dbe155b32c405c2e4085676cbf') in 0.179573 seconds 
========================================================================
Received Import Request.
  Time since last request: 0.000092 seconds.
  path: Assets/Weapons/Models/Guns/assault4/assault4_normal.png
  artifactKey: Guid(d5baff63e2303fd46998bc9b9fc03166) Importer(815301076,1909f56bfc062723c751e8b465ee728b)
Start importing Assets/Weapons/Models/Guns/assault4/assault4_normal.png using Guid(d5baff63e2303fd46998bc9b9fc03166) Importer(815301076,1909f56bfc062723c751e8b465ee728b)  -> (artifact id: 'd4878f0a05aa9c46147ba0dc9f7e4fa6') in 0.172122 seconds 
========================================================================
Received Import Request.
  Time since last request: 3.510481 seconds.
  path: Assets/Weapons/Models/Guns/assault4/muzzleFlash.prefab
  artifactKey: Guid(f8dd84bd3354e5b48ae1231d169869e7) Importer(815301076,1909f56bfc062723c751e8b465ee728b)
Start importing Assets/Weapons/Models/Guns/assault4/muzzleFlash.prefab using Guid(f8dd84bd3354e5b48ae1231d169869e7) Importer(815301076,1909f56bfc062723c751e8b465ee728b)  -> (artifact id: 'efada39faf2c2bf15d0a680dd53f79cb') in 0.077992 seconds 
========================================================================
Received Import Request.
  Time since last request: 2.375811 seconds.
  path: Assets/Weapons/Models/Guns/pistol1
  artifactKey: Guid(31ccbdda4cd78614889413114a714ec0) Importer(815301076,1909f56bfc062723c751e8b465ee728b)
Start importing Assets/Weapons/Models/Guns/pistol1 using Guid(31ccbdda4cd78614889413114a714ec0) Importer(815301076,1909f56bfc062723c751e8b465ee728b)  -> (artifact id: '8290b5c3f2b73c128a656cb2b364603d') in 0.015578 seconds 
========================================================================
Received Import Request.
  Time since last request: 0.183831 seconds.
  path: Assets/Weapons/Models/Guns/pistol1/pistol1.fbx
  artifactKey: Guid(4df3ce82db8e66645afd54ab1d5b0262) Importer(815301076,1909f56bfc062723c751e8b465ee728b)
Start importing Assets/Weapons/Models/Guns/pistol1/pistol1.fbx using Guid(4df3ce82db8e66645afd54ab1d5b0262) Importer(815301076,1909f56bfc062723c751e8b465ee728b)  -> (artifact id: '6c69ffcc4519fd635e06a23be37eb73f') in 0.173515 seconds 
========================================================================
Received Import Request.
  Time since last request: 0.000061 seconds.
  path: Assets/Weapons/Models/Guns/pistol1/pistol1_diffuse.png
  artifactKey: Guid(0d6b1249a62d53f4e8900c84722db1f8) Importer(815301076,1909f56bfc062723c751e8b465ee728b)
Start importing Assets/Weapons/Models/Guns/pistol1/pistol1_diffuse.png using Guid(0d6b1249a62d53f4e8900c84722db1f8) Importer(815301076,1909f56bfc062723c751e8b465ee728b)  -> (artifact id: 'a95f4819ab2b681f4016e9a06b81802c') in 0.177068 seconds 
========================================================================
Received Import Request.
  Time since last request: 0.000097 seconds.
  path: Assets/Weapons/Models/Guns/pistol1/pistol1_normal.png
  artifactKey: Guid(a21b6f6faa594df4fa1cb1794a16a4b3) Importer(815301076,1909f56bfc062723c751e8b465ee728b)
Start importing Assets/Weapons/Models/Guns/pistol1/pistol1_normal.png using Guid(a21b6f6faa594df4fa1cb1794a16a4b3) Importer(815301076,1909f56bfc062723c751e8b465ee728b)  -> (artifact id: '23dbad119dfc657a7c3d04e6f80f333a') in 0.139912 seconds 
========================================================================
Received Import Request.
  Time since last request: 5.677609 seconds.
  path: Assets/Weapons/Models/Guns/pistol1/muzzleFlash.prefab
  artifactKey: Guid(4d5402bea9fcbd14aa8d54be6c6e855f) Importer(815301076,1909f56bfc062723c751e8b465ee728b)
Start importing Assets/Weapons/Models/Guns/pistol1/muzzleFlash.prefab using Guid(4d5402bea9fcbd14aa8d54be6c6e855f) Importer(815301076,1909f56bfc062723c751e8b465ee728b)  -> (artifact id: 'e205d13ad54020f6ff5cdc12d9c808d8') in 0.047263 seconds 
========================================================================
Received Import Request.
  Time since last request: 2.433835 seconds.
  path: Assets/Weapons/Models/Guns/pistol2
  artifactKey: Guid(4689db740f72bf84b9f80d7f4ae9ba1c) Importer(815301076,1909f56bfc062723c751e8b465ee728b)
Start importing Assets/Weapons/Models/Guns/pistol2 using Guid(4689db740f72bf84b9f80d7f4ae9ba1c) Importer(815301076,1909f56bfc062723c751e8b465ee728b)  -> (artifact id: 'a363ad7afe0c994faaa095e7eb8a58f0') in 0.020466 seconds 
========================================================================
Received Import Request.
  Time since last request: 0.053004 seconds.
  path: Assets/Weapons/Models/Guns/pistol2/pistol2.fbx
  artifactKey: Guid(8f9696fb6017be144a307b6586855ac0) Importer(815301076,1909f56bfc062723c751e8b465ee728b)
Start importing Assets/Weapons/Models/Guns/pistol2/pistol2.fbx using Guid(8f9696fb6017be144a307b6586855ac0) Importer(815301076,1909f56bfc062723c751e8b465ee728b)  -> (artifact id: 'd43ca1c47211c1cda0378fbb52a77bb0') in 0.189829 seconds 
========================================================================
Received Import Request.
  Time since last request: 0.000070 seconds.
  path: Assets/Weapons/Models/Guns/pistol2/pistol2_normal.png
  artifactKey: Guid(c575c41cb696525499503e0d1142dd63) Importer(815301076,1909f56bfc062723c751e8b465ee728b)
Start importing Assets/Weapons/Models/Guns/pistol2/pistol2_normal.png using Guid(c575c41cb696525499503e0d1142dd63) Importer(815301076,1909f56bfc062723c751e8b465ee728b)  -> (artifact id: 'b63a687f570edd31354fe768534055a2') in 0.277221 seconds 
========================================================================
Received Import Request.
  Time since last request: 3.921640 seconds.
  path: Assets/Weapons/Models/Guns/pistol2/muzzleFlash.prefab
  artifactKey: Guid(3864368eb8a5db8469892e3ae50fcb07) Importer(815301076,1909f56bfc062723c751e8b465ee728b)
Start importing Assets/Weapons/Models/Guns/pistol2/muzzleFlash.prefab using Guid(3864368eb8a5db8469892e3ae50fcb07) Importer(815301076,1909f56bfc062723c751e8b465ee728b)  -> (artifact id: '2c2d457bf8268a70927d3843d420d839') in 0.114182 seconds 
========================================================================
Received Import Request.
  Time since last request: 2.801294 seconds.
  path: Assets/Weapons/Models/Guns/pistol3
  artifactKey: Guid(8c4b1a0e1f2fca943bb327a9626dcf63) Importer(815301076,1909f56bfc062723c751e8b465ee728b)
Start importing Assets/Weapons/Models/Guns/pistol3 using Guid(8c4b1a0e1f2fca943bb327a9626dcf63) Importer(815301076,1909f56bfc062723c751e8b465ee728b)  -> (artifact id: '48b808f775371f8555a340c6f763b3f6') in 0.032860 seconds 
========================================================================
Received Import Request.
  Time since last request: 0.134907 seconds.
  path: Assets/Weapons/Models/Guns/pistol3/pistol3.fbx
  artifactKey: Guid(726e329e1719c8f42949342e6a5b42e3) Importer(815301076,1909f56bfc062723c751e8b465ee728b)
Start importing Assets/Weapons/Models/Guns/pistol3/pistol3.fbx using Guid(726e329e1719c8f42949342e6a5b42e3) Importer(815301076,1909f56bfc062723c751e8b465ee728b)  -> (artifact id: '0a1e2c58013814c71bed6560f170b350') in 0.184355 seconds 
========================================================================
Received Import Request.
  Time since last request: 0.000082 seconds.
  path: Assets/Weapons/Models/Guns/pistol3/pistol3_normal.png
  artifactKey: Guid(9faebeb1b9df87d4d845ea9e89fa5a20) Importer(815301076,1909f56bfc062723c751e8b465ee728b)
Start importing Assets/Weapons/Models/Guns/pistol3/pistol3_normal.png using Guid(9faebeb1b9df87d4d845ea9e89fa5a20) Importer(815301076,1909f56bfc062723c751e8b465ee728b)  -> (artifact id: '65228c17def6edf78dab4394f460bd9a') in 0.265592 seconds 
========================================================================
Received Import Request.
  Time since last request: 2.975356 seconds.
  path: Assets/Weapons/Models/Guns/pistol3/muzzleFlash.prefab
  artifactKey: Guid(5fb4efa816b531e4d94879628bd88e66) Importer(815301076,1909f56bfc062723c751e8b465ee728b)
Start importing Assets/Weapons/Models/Guns/pistol3/muzzleFlash.prefab using Guid(5fb4efa816b531e4d94879628bd88e66) Importer(815301076,1909f56bfc062723c751e8b465ee728b)  -> (artifact id: '4be0cb95075cef804e2283977151fe19') in 0.321705 seconds 
========================================================================
Received Import Request.
  Time since last request: 8.665399 seconds.
  path: Assets/Weapons/Models/Guns/pistol3/muzzleFlash 1.prefab
  artifactKey: Guid(25769aece444f2b4d832c299bed8bc8a) Importer(815301076,1909f56bfc062723c751e8b465ee728b)
Start importing Assets/Weapons/Models/Guns/pistol3/muzzleFlash 1.prefab using Guid(25769aece444f2b4d832c299bed8bc8a) Importer(815301076,1909f56bfc062723c751e8b465ee728b)  -> (artifact id: '4ed48fc26af36a2a21621481978cdea7') in 0.063653 seconds 
========================================================================
Received Import Request.
  Time since last request: 1.871949 seconds.
  path: Assets/Weapons/Models/Guns/pistol4
  artifactKey: Guid(26878358897625a43a78f81f84e98802) Importer(815301076,1909f56bfc062723c751e8b465ee728b)
Start importing Assets/Weapons/Models/Guns/pistol4 using Guid(26878358897625a43a78f81f84e98802) Importer(815301076,1909f56bfc062723c751e8b465ee728b)  -> (artifact id: '49da43d91e0fbc68e50cb14b4ac6d269') in 0.015040 seconds 
========================================================================
Received Import Request.
  Time since last request: 0.310935 seconds.
  path: Assets/Weapons/Models/Guns/pistol4/pistol4.fbx
  artifactKey: Guid(ca1c64f7c147fb0479f9ef03e264a372) Importer(815301076,1909f56bfc062723c751e8b465ee728b)
Start importing Assets/Weapons/Models/Guns/pistol4/pistol4.fbx using Guid(ca1c64f7c147fb0479f9ef03e264a372) Importer(815301076,1909f56bfc062723c751e8b465ee728b)  -> (artifact id: '7525ab365eb04cb43af3869b528218a9') in 0.219175 seconds 
========================================================================
Received Import Request.
  Time since last request: 0.000074 seconds.
  path: Assets/Weapons/Models/Guns/pistol4/pistol4_normal.png
  artifactKey: Guid(662ac7af64edac14388027a3cc79fe57) Importer(815301076,1909f56bfc062723c751e8b465ee728b)
Start importing Assets/Weapons/Models/Guns/pistol4/pistol4_normal.png using Guid(662ac7af64edac14388027a3cc79fe57) Importer(815301076,1909f56bfc062723c751e8b465ee728b)  -> (artifact id: 'fbdd1db05ffacfd1b757a8b62bc3937f') in 0.249821 seconds 
========================================================================
Received Import Request.
  Time since last request: 4.385152 seconds.
  path: Assets/Weapons/Models/Guns/pistol4/muzzleFlash.prefab
  artifactKey: Guid(82ecf28d20dfe9f42a5b9c1a6bd6bfd0) Importer(815301076,1909f56bfc062723c751e8b465ee728b)
Start importing Assets/Weapons/Models/Guns/pistol4/muzzleFlash.prefab using Guid(82ecf28d20dfe9f42a5b9c1a6bd6bfd0) Importer(815301076,1909f56bfc062723c751e8b465ee728b)  -> (artifact id: '486bb075f473f10609026da2a9b29ba0') in 0.160666 seconds 
========================================================================
Received Import Request.
  Time since last request: 2.112945 seconds.
  path: Assets/Weapons/Models/Guns/shotgun1
  artifactKey: Guid(583750b2fe53a6140a29b1ba373c342b) Importer(815301076,1909f56bfc062723c751e8b465ee728b)
Start importing Assets/Weapons/Models/Guns/shotgun1 using Guid(583750b2fe53a6140a29b1ba373c342b) Importer(815301076,1909f56bfc062723c751e8b465ee728b)  -> (artifact id: '793658c1af0acba1e6e3f95823a3ed5d') in 0.026774 seconds 
========================================================================
Received Import Request.
  Time since last request: 0.230717 seconds.
  path: Assets/Weapons/Models/Guns/shotgun1/shotgun1.fbx
  artifactKey: Guid(f62f7dc06bd890d4aab43b8fd635fe02) Importer(815301076,1909f56bfc062723c751e8b465ee728b)
Start importing Assets/Weapons/Models/Guns/shotgun1/shotgun1.fbx using Guid(f62f7dc06bd890d4aab43b8fd635fe02) Importer(815301076,1909f56bfc062723c751e8b465ee728b)  -> (artifact id: 'dd0e2a41f4d78dee9e6ce88a2436597f') in 0.169585 seconds 
========================================================================
Received Import Request.
  Time since last request: 0.000071 seconds.
  path: Assets/Weapons/Models/Guns/shotgun1/shotgun1_diffuse.png
  artifactKey: Guid(e781dc70aeb60d44f9dd7a4a02cfae58) Importer(815301076,1909f56bfc062723c751e8b465ee728b)
Start importing Assets/Weapons/Models/Guns/shotgun1/shotgun1_diffuse.png using Guid(e781dc70aeb60d44f9dd7a4a02cfae58) Importer(815301076,1909f56bfc062723c751e8b465ee728b)  -> (artifact id: '8a789836f873a7bc3399571c50ea253a') in 0.198491 seconds 
========================================================================
Received Import Request.
  Time since last request: 0.000090 seconds.
  path: Assets/Weapons/Models/Guns/shotgun1/shotgun1_normal.png
  artifactKey: Guid(34ba857ac0ec86642b16ca7d9553e349) Importer(815301076,1909f56bfc062723c751e8b465ee728b)
Start importing Assets/Weapons/Models/Guns/shotgun1/shotgun1_normal.png using Guid(34ba857ac0ec86642b16ca7d9553e349) Importer(815301076,1909f56bfc062723c751e8b465ee728b)  -> (artifact id: 'be9fdef6807bfba8b89c60acc55cab56') in 0.178190 seconds 
========================================================================
Received Import Request.
  Time since last request: 2.881113 seconds.
  path: Assets/Weapons/Models/Guns/shotgun1/muzzleFlash.prefab
  artifactKey: Guid(63d835cef45d5054787b4d524d2ca6d6) Importer(815301076,1909f56bfc062723c751e8b465ee728b)
Start importing Assets/Weapons/Models/Guns/shotgun1/muzzleFlash.prefab using Guid(63d835cef45d5054787b4d524d2ca6d6) Importer(815301076,1909f56bfc062723c751e8b465ee728b)  -> (artifact id: 'f8a76a19738defd4f4512b48b38f0022') in 0.079788 seconds 
========================================================================
Received Import Request.
  Time since last request: 2.314261 seconds.
  path: Assets/Weapons/Models/Guns/shotgun2
  artifactKey: Guid(c9d7cd93a7465e045bac78b0a535b575) Importer(815301076,1909f56bfc062723c751e8b465ee728b)
Start importing Assets/Weapons/Models/Guns/shotgun2 using Guid(c9d7cd93a7465e045bac78b0a535b575) Importer(815301076,1909f56bfc062723c751e8b465ee728b)  -> (artifact id: 'c04d3b4175ff40374bf456b3ff1c9f52') in 0.024633 seconds 
========================================================================
Received Import Request.
  Time since last request: 0.285527 seconds.
  path: Assets/Weapons/Models/Guns/shotgun2/shotgun2.fbx
  artifactKey: Guid(8b36fb41929fc22429f0083d817b8040) Importer(815301076,1909f56bfc062723c751e8b465ee728b)
Start importing Assets/Weapons/Models/Guns/shotgun2/shotgun2.fbx using Guid(8b36fb41929fc22429f0083d817b8040) Importer(815301076,1909f56bfc062723c751e8b465ee728b)  -> (artifact id: 'f8218746673dfb217678750a3be958ea') in 0.140274 seconds 
========================================================================
Received Import Request.
  Time since last request: 0.000062 seconds.
  path: Assets/Weapons/Models/Guns/shotgun2/shotgun2_normal.png
  artifactKey: Guid(a76206909af6a3f4a9a63824a9908939) Importer(815301076,1909f56bfc062723c751e8b465ee728b)
Start importing Assets/Weapons/Models/Guns/shotgun2/shotgun2_normal.png using Guid(a76206909af6a3f4a9a63824a9908939) Importer(815301076,1909f56bfc062723c751e8b465ee728b)  -> (artifact id: '0880c841942c1ddb3cf5a2d5dd971c36') in 0.298090 seconds 
========================================================================
Received Import Request.
  Time since last request: 2.936671 seconds.
  path: Assets/Weapons/Models/Guns/shotgun2/muzzleFlash.prefab
  artifactKey: Guid(982e93fc46d85fa4bb5ebb184f18a24a) Importer(815301076,1909f56bfc062723c751e8b465ee728b)
Start importing Assets/Weapons/Models/Guns/shotgun2/muzzleFlash.prefab using Guid(982e93fc46d85fa4bb5ebb184f18a24a) Importer(815301076,1909f56bfc062723c751e8b465ee728b)  -> (artifact id: '49fddb35153d41083595d3adf83b84cc') in 0.120430 seconds 
========================================================================
Received Import Request.
  Time since last request: 3.590458 seconds.
  path: Assets/Weapons/Models/Guns/smg1
  artifactKey: Guid(b8f119f50416b17459ef06ed7f2c7af2) Importer(815301076,1909f56bfc062723c751e8b465ee728b)
Start importing Assets/Weapons/Models/Guns/smg1 using Guid(b8f119f50416b17459ef06ed7f2c7af2) Importer(815301076,1909f56bfc062723c751e8b465ee728b)  -> (artifact id: '76e861f94d5f8b1e5fc0ca5bf0a69fb7') in 0.028638 seconds 
========================================================================
Received Import Request.
  Time since last request: 0.294921 seconds.
  path: Assets/Weapons/Models/Guns/smg1/smg1.fbx
  artifactKey: Guid(2cf10fa706c7a4d42b5927d8e730f4e2) Importer(815301076,1909f56bfc062723c751e8b465ee728b)
Start importing Assets/Weapons/Models/Guns/smg1/smg1.fbx using Guid(2cf10fa706c7a4d42b5927d8e730f4e2) Importer(815301076,1909f56bfc062723c751e8b465ee728b)  -> (artifact id: '43e0df6846f51e1f6ee03b5d8557be0c') in 0.769787 seconds 
========================================================================
Received Import Request.
  Time since last request: 3.590239 seconds.
  path: Assets/Weapons/Models/Guns/smg1/muzzleFlash.prefab
  artifactKey: Guid(6f21a3db885495845bb600045fe9841c) Importer(815301076,1909f56bfc062723c751e8b465ee728b)
Start importing Assets/Weapons/Models/Guns/smg1/muzzleFlash.prefab using Guid(6f21a3db885495845bb600045fe9841c) Importer(815301076,1909f56bfc062723c751e8b465ee728b)  -> (artifact id: '1f39269115b00187bf203938402178aa') in 0.062753 seconds 
========================================================================
Received Import Request.
  Time since last request: 3.389667 seconds.
  path: Assets/Weapons/Models/Guns/smg2
  artifactKey: Guid(ea6bfa59f20761845b335f254e678645) Importer(815301076,1909f56bfc062723c751e8b465ee728b)
Start importing Assets/Weapons/Models/Guns/smg2 using Guid(ea6bfa59f20761845b335f254e678645) Importer(815301076,1909f56bfc062723c751e8b465ee728b)  -> (artifact id: 'f9bb36509854b502635def3e068bc6f1') in 0.016966 seconds 
========================================================================
Received Import Request.
  Time since last request: 0.326666 seconds.
  path: Assets/Weapons/Models/Guns/smg2/smg2.fbx
  artifactKey: Guid(a957639d15248134a9be03d5ae4fed7f) Importer(815301076,1909f56bfc062723c751e8b465ee728b)
Start importing Assets/Weapons/Models/Guns/smg2/smg2.fbx using Guid(a957639d15248134a9be03d5ae4fed7f) Importer(815301076,1909f56bfc062723c751e8b465ee728b)  -> (artifact id: 'f1a09cc7ebd54bf8953a963e6c33f6a9') in 0.185431 seconds 
========================================================================
Received Import Request.
  Time since last request: 0.000076 seconds.
  path: Assets/Weapons/Models/Guns/smg2/smg2_normal.png
  artifactKey: Guid(d4458d5a783bd964196b77be1b5986be) Importer(815301076,1909f56bfc062723c751e8b465ee728b)
Start importing Assets/Weapons/Models/Guns/smg2/smg2_normal.png using Guid(d4458d5a783bd964196b77be1b5986be) Importer(815301076,1909f56bfc062723c751e8b465ee728b)  -> (artifact id: 'a620c9ebb50249cc302f57f856709912') in 0.332187 seconds 
========================================================================
Received Import Request.
  Time since last request: 3.169178 seconds.
  path: Assets/Weapons/Models/Guns/smg2/muzzleFlash.prefab
  artifactKey: Guid(f67d28a0b2449e9438083c10d1133e90) Importer(815301076,1909f56bfc062723c751e8b465ee728b)
Start importing Assets/Weapons/Models/Guns/smg2/muzzleFlash.prefab using Guid(f67d28a0b2449e9438083c10d1133e90) Importer(815301076,1909f56bfc062723c751e8b465ee728b)  -> (artifact id: '786070df58a63eae857c95b5743b0644') in 0.034664 seconds 
