Using pre-set license
Built from '2021.2/staging' branch; Version is '2021.2.8f1 (d0e5f0a7b06a) revision 13690352'; Using compiler version '192829333'; Build Type 'Release'
OS: 'Windows 10  (10.0.19041) 64bit Enterprise' Language: 'en' Physical Memory: 8078 MB
BatchMode: 1, IsHumanControllingUs: 0, StartBugReporterOnCrash: 0, Is64bit: 1, IsPro: 0

COMMAND LINE ARGUMENTS:
C:\Program Files\Unity\Hub\Editor\2021.2.8f1\Editor\Unity.exe
-adb2
-batchMode
-noUpm
-name
AssetImportWorker2
-projectPath
C:/Users/user/Desktop/Project1/Project1-Game-Programming/Animals
-logFile
Logs/AssetImportWorker2.log
-srvPort
64638
Successfully changed project path to: C:/Users/user/Desktop/Project1/Project1-Game-Programming/Animals
C:/Users/user/Desktop/Project1/Project1-Game-Programming/Animals
[UnityMemory] Configuration Parameters - Can be set up in boot.config
    "memorysetup-bucket-allocator-granularity=16"
    "memorysetup-bucket-allocator-bucket-count=8"
    "memorysetup-bucket-allocator-block-size=33554432"
    "memorysetup-bucket-allocator-block-count=8"
    "memorysetup-main-allocator-block-size=16777216"
    "memorysetup-thread-allocator-block-size=16777216"
    "memorysetup-gfx-main-allocator-block-size=16777216"
    "memorysetup-gfx-thread-allocator-block-size=16777216"
    "memorysetup-cache-allocator-block-size=4194304"
    "memorysetup-typetree-allocator-block-size=2097152"
    "memorysetup-profiler-bucket-allocator-granularity=16"
    "memorysetup-profiler-bucket-allocator-bucket-count=8"
    "memorysetup-profiler-bucket-allocator-block-size=33554432"
    "memorysetup-profiler-bucket-allocator-block-count=8"
    "memorysetup-profiler-allocator-block-size=16777216"
    "memorysetup-profiler-editor-allocator-block-size=1048576"
    "memorysetup-temp-allocator-size-main=16777216"
    "memorysetup-job-temp-allocator-block-size=2097152"
    "memorysetup-job-temp-allocator-block-size-background=1048576"
    "memorysetup-job-temp-allocator-reduction-small-platforms=262144"
    "memorysetup-temp-allocator-size-background-worker=32768"
    "memorysetup-temp-allocator-size-job-worker=262144"
    "memorysetup-temp-allocator-size-preload-manager=33554432"
    "memorysetup-temp-allocator-size-nav-mesh-worker=65536"
    "memorysetup-temp-allocator-size-audio-worker=65536"
    "memorysetup-temp-allocator-size-cloud-worker=32768"
    "memorysetup-temp-allocator-size-gi-baking-worker=262144"
    "memorysetup-temp-allocator-size-gfx=262144"
Refreshing native plugins compatible for Editor in 165.27 ms, found 3 plugins.
Preloading 0 native plugins for Editor in 0.00 ms.
Initialize engine version: 2021.2.8f1 (d0e5f0a7b06a)
[Subsystems] Discovering subsystems at path C:/Program Files/Unity/Hub/Editor/2021.2.8f1/Editor/Data/Resources/UnitySubsystems
[Subsystems] Discovering subsystems at path C:/Users/user/Desktop/Project1/Project1-Game-Programming/Animals/Assets
GfxDevice: creating device client; threaded=0; jobified=0
Direct3D:
    Version:  Direct3D 11.0 [level 11.0]
    Renderer: NVIDIA GeForce MX130 (ID=0x174d)
    Vendor:   NVIDIA
    VRAM:     4055 MB
    Driver:   26.21.14.3086
Initialize mono
Mono path[0] = 'C:/Program Files/Unity/Hub/Editor/2021.2.8f1/Editor/Data/Managed'
Mono path[1] = 'C:/Program Files/Unity/Hub/Editor/2021.2.8f1/Editor/Data/MonoBleedingEdge/lib/mono/unityjit-win32'
Mono config path = 'C:/Program Files/Unity/Hub/Editor/2021.2.8f1/Editor/Data/MonoBleedingEdge/etc'
Using monoOptions --debugger-agent=transport=dt_socket,embedding=1,server=y,suspend=n,address=127.0.0.1:56644
Begin MonoManager ReloadAssembly
Registering precompiled unity dll's ...
Register platform support module: C:/Program Files/Unity/Hub/Editor/2021.2.8f1/Editor/Data/PlaybackEngines/WindowsStandaloneSupport/UnityEditor.WindowsStandalone.Extensions.dll
Registered in 0.011334 seconds.
Native extension for WindowsStandalone target not found
Refreshing native plugins compatible for Editor in 200.01 ms, found 3 plugins.
Preloading 0 native plugins for Editor in 0.00 ms.
Mono: successfully reloaded assembly
- Completed reload, in  1.067 seconds
Domain Reload Profiling:
	ReloadAssembly (1067ms)
		BeginReloadAssembly (79ms)
			ExecutionOrderSort (0ms)
			DisableScriptedObjects (0ms)
			BackupInstance (0ms)
			ReleaseScriptingObjects (0ms)
			CreateAndSetChildDomain (1ms)
		EndReloadAssembly (851ms)
			LoadAssemblies (77ms)
			RebuildTransferFunctionScriptingTraits (0ms)
			SetupTypeCache (182ms)
			ReleaseScriptCaches (0ms)
			RebuildScriptCaches (49ms)
			SetupLoadedEditorAssemblies (535ms)
				LogAssemblyErrors (0ms)
				InitializePlatformSupportModulesInManaged (25ms)
				SetLoadedEditorAssemblies (0ms)
				RefreshPlugins (200ms)
				BeforeProcessingInitializeOnLoad (2ms)
				ProcessInitializeOnLoadAttributes (242ms)
				ProcessInitializeOnLoadMethodAttributes (66ms)
				AfterProcessingInitializeOnLoad (0ms)
				EditorAssembliesLoaded (0ms)
			ExecutionOrderSort2 (0ms)
			AwakeInstancesAfterBackupRestoration (0ms)
Platform modules already initialized, skipping
Registering precompiled user dll's ...
Registered in 0.013315 seconds.
Begin MonoManager ReloadAssembly
Native extension for WindowsStandalone target not found
Refreshing native plugins compatible for Editor in 215.68 ms, found 3 plugins.
Preloading 0 native plugins for Editor in 0.00 ms.
Mono: successfully reloaded assembly
- Completed reload, in  3.835 seconds
Domain Reload Profiling:
	ReloadAssembly (3837ms)
		BeginReloadAssembly (198ms)
			ExecutionOrderSort (0ms)
			DisableScriptedObjects (10ms)
			BackupInstance (0ms)
			ReleaseScriptingObjects (0ms)
			CreateAndSetChildDomain (33ms)
		EndReloadAssembly (3363ms)
			LoadAssemblies (1549ms)
			RebuildTransferFunctionScriptingTraits (0ms)
			SetupTypeCache (482ms)
			ReleaseScriptCaches (1ms)
			RebuildScriptCaches (102ms)
			SetupLoadedEditorAssemblies (1156ms)
				LogAssemblyErrors (0ms)
				InitializePlatformSupportModulesInManaged (14ms)
				SetLoadedEditorAssemblies (0ms)
				RefreshPlugins (216ms)
				BeforeProcessingInitializeOnLoad (216ms)
				ProcessInitializeOnLoadAttributes (522ms)
				ProcessInitializeOnLoadMethodAttributes (160ms)
				AfterProcessingInitializeOnLoad (28ms)
				EditorAssembliesLoaded (0ms)
			ExecutionOrderSort2 (0ms)
			AwakeInstancesAfterBackupRestoration (17ms)
Platform modules already initialized, skipping
========================================================================
Worker process is ready to serve import requests
Launched and connected shader compiler UnityShaderCompiler.exe after 1.15 seconds
Refreshing native plugins compatible for Editor in 3.95 ms, found 3 plugins.
Preloading 0 native plugins for Editor in 0.00 ms.
Unloading 6205 Unused Serialized files (Serialized files now loaded: 0)
Unloading 207 unused Assets / (17.5 MB). Loaded Objects now: 6487.
Memory consumption went from 261.8 MB to 244.3 MB.
Total: 13.023900 ms (FindLiveObjects: 0.870100 ms CreateObjectMapping: 0.634800 ms MarkObjects: 3.938200 ms  DeleteObjects: 7.578800 ms)

AssetImportParameters requested are different than current active one (requested -> active):
  custom:video-decoder-ogg-theora: a1e56fd34408186e4bbccfd4996cb3dc -> 
  custom:container-muxer-webm: aa71ff27fc2769a1b78a27578f13a17b -> 
  custom:container-demuxer-webm: 4f35f7cbe854078d1ac9338744f61a02 -> 
  custom:video-encoder-webm-vp8: eb34c28f22e8b96e1ab97ce403110664 -> 
  custom:audio-encoder-webm-vorbis: bf7c407c2cedff20999df2af8eb42d56 -> 
  custom:framework-win-MediaFoundation: 216162199b28c13a410421893ffa2e32 -> 
  custom:container-demuxer-ogg: 62fdf1f143b41e24485cea50d1cbac27 -> 
  custom:video-decoder-webm-vp8: 9c59270c3fd7afecdb556c50c9e8de78 -> 
  custom:audio-decoder-ogg-vorbis: bf7c407c2cedff20999df2af8eb42d56 -> 
========================================================================
Received Import Request.
  Time since last request: 3691463.162357 seconds.
  path: Assets/NewLayer 1.terrainlayer
  artifactKey: Guid(00ff5504fe3a87f4d98a23d02aa7b965) Importer(815301076,1909f56bfc062723c751e8b465ee728b)
Start importing Assets/NewLayer 1.terrainlayer using Guid(00ff5504fe3a87f4d98a23d02aa7b965) Importer(815301076,1909f56bfc062723c751e8b465ee728b)  -> (artifact id: '986e1d503e7ea17d3d0edbf25dcf7bbf') in 1.349903 seconds 
========================================================================
Received Import Request.
  Time since last request: 32.972349 seconds.
  path: Assets/Scenes/InitialState.unity
  artifactKey: Guid(9fc0d4010bbf28b4594072e72b8655ab) Importer(815301076,1909f56bfc062723c751e8b465ee728b)
Start importing Assets/Scenes/InitialState.unity using Guid(9fc0d4010bbf28b4594072e72b8655ab) Importer(815301076,1909f56bfc062723c751e8b465ee728b)  -> (artifact id: '24c215100128a2883e2aa21748d34d23') in 0.009714 seconds 
========================================================================
Received Import Request.
  Time since last request: 88.251058 seconds.
  path: Assets/Torch/Material/fire_mat.mat
  artifactKey: Guid(b1650fec0ee1ec948bdf1b901bff7dee) Importer(815301076,1909f56bfc062723c751e8b465ee728b)
Start importing Assets/Torch/Material/fire_mat.mat using Guid(b1650fec0ee1ec948bdf1b901bff7dee) Importer(815301076,1909f56bfc062723c751e8b465ee728b)  -> (artifact id: '06dc88a10ee940f4ac3bc5efefa4672f') in 4.854941 seconds 
========================================================================
Received Import Request.
  Time since last request: 13.703971 seconds.
  path: Assets/StarterAssets/Readme.asset
  artifactKey: Guid(4181bfe715a83e843b7538d750dc57cc) Importer(815301076,1909f56bfc062723c751e8b465ee728b)
Start importing Assets/StarterAssets/Readme.asset using Guid(4181bfe715a83e843b7538d750dc57cc) Importer(815301076,1909f56bfc062723c751e8b465ee728b)  -> (artifact id: 'a7c240a163ca87681e969725a8f64932') in 0.014876 seconds 
========================================================================
Received Import Request.
  Time since last request: 5.622338 seconds.
  path: Assets/Fence/Materials
  artifactKey: Guid(36e1052eb90a8da42ab311e743201f5b) Importer(815301076,1909f56bfc062723c751e8b465ee728b)
Start importing Assets/Fence/Materials using Guid(36e1052eb90a8da42ab311e743201f5b) Importer(815301076,1909f56bfc062723c751e8b465ee728b)  -> (artifact id: 'e368f40a9fbf27c19780d59a9cdf7833') in 0.045293 seconds 
========================================================================
Received Import Request.
  Time since last request: 0.071011 seconds.
  path: Assets/Fence/Materials/fence.mat
  artifactKey: Guid(d5b0020869170d14c9b2ca0c7248f0ef) Importer(815301076,1909f56bfc062723c751e8b465ee728b)
Start importing Assets/Fence/Materials/fence.mat using Guid(d5b0020869170d14c9b2ca0c7248f0ef) Importer(815301076,1909f56bfc062723c751e8b465ee728b)  -> (artifact id: '815f28035c2402c8ca582dae501c0de1') in 1.782633 seconds 
========================================================================
Received Import Request.
  Time since last request: 0.164593 seconds.
  path: Assets/Fence/Textures/fence.jpg
  artifactKey: Guid(4ff06bf91a9349745a6da55061e30a7a) Importer(815301076,1909f56bfc062723c751e8b465ee728b)
Start importing Assets/Fence/Textures/fence.jpg using Guid(4ff06bf91a9349745a6da55061e30a7a) Importer(815301076,1909f56bfc062723c751e8b465ee728b)  -> (artifact id: 'ba138a69ebf11a497211b5aa881cfa45') in 1.397920 seconds 
========================================================================
Received Import Request.
  Time since last request: 0.000038 seconds.
  path: Assets/Fence/FBX/fence_single.FBX
  artifactKey: Guid(86f105d9ae9ae1f4e9e6e171226cac7c) Importer(815301076,1909f56bfc062723c751e8b465ee728b)
Start importing Assets/Fence/FBX/fence_single.FBX using Guid(86f105d9ae9ae1f4e9e6e171226cac7c) Importer(815301076,1909f56bfc062723c751e8b465ee728b)  -> (artifact id: 'bd3c542e701b98b9744eb3770b69535a') in 1.220671 seconds 
========================================================================
Received Import Request.
  Time since last request: 0.000057 seconds.
  path: Assets/Fence/FBX/fence_gate.FBX
  artifactKey: Guid(815743f2babbfe1428e2b1b7a62745fc) Importer(815301076,1909f56bfc062723c751e8b465ee728b)
Start importing Assets/Fence/FBX/fence_gate.FBX using Guid(815743f2babbfe1428e2b1b7a62745fc) Importer(815301076,1909f56bfc062723c751e8b465ee728b)  -> (artifact id: '951eb3677d73e71ba7da481a734e4c0d') in 0.233403 seconds 
========================================================================
Received Import Request.
  Time since last request: 8.589140 seconds.
  path: Assets/Torch/MedievalTorch.fbx
  artifactKey: Guid(e6a569e8c06ed4b479b7f9fc6c616456) Importer(815301076,1909f56bfc062723c751e8b465ee728b)
Start importing Assets/Torch/MedievalTorch.fbx using Guid(e6a569e8c06ed4b479b7f9fc6c616456) Importer(815301076,1909f56bfc062723c751e8b465ee728b)  -> (artifact id: 'b46006a865b0d63ba40872409c8184e9') in 0.326531 seconds 
========================================================================
Received Import Request.
  Time since last request: 12.255532 seconds.
  path: Assets/Torch/fire_torch.prefab
  artifactKey: Guid(489a0dacc00612f4caf42ef84bd9cbd8) Importer(815301076,1909f56bfc062723c751e8b465ee728b)
Start importing Assets/Torch/fire_torch.prefab using Guid(489a0dacc00612f4caf42ef84bd9cbd8) Importer(815301076,1909f56bfc062723c751e8b465ee728b)  -> (artifact id: '5a3c7c79102eda32b67dabb6669323e0') in 0.033799 seconds 
========================================================================
Received Import Request.
  Time since last request: 69.364297 seconds.
  path: Assets/Torch/fire_torch 1.prefab
  artifactKey: Guid(cc623e679a870ad4eb63c7c27a86b38b) Importer(815301076,1909f56bfc062723c751e8b465ee728b)
Start importing Assets/Torch/fire_torch 1.prefab using Guid(cc623e679a870ad4eb63c7c27a86b38b) Importer(815301076,1909f56bfc062723c751e8b465ee728b)  -> (artifact id: '80ac243a098c6b8ad0f7a7e8dd684bb1') in 0.054017 seconds 
========================================================================
Received Import Request.
  Time since last request: 93.352336 seconds.
  path: Assets/Torch/MedievalTorch.prefab
  artifactKey: Guid(be8977d5b7f126b408e463dcd51d669b) Importer(815301076,1909f56bfc062723c751e8b465ee728b)
Start importing Assets/Torch/MedievalTorch.prefab using Guid(be8977d5b7f126b408e463dcd51d669b) Importer(815301076,1909f56bfc062723c751e8b465ee728b)  -> (artifact id: 'ac53fff46e18e89dce1e2a439edb3ffd') in 0.067792 seconds 
========================================================================
Received Import Request.
  Time since last request: 14.901993 seconds.
  path: Assets/Torch/MedievalTorch.prefab
  artifactKey: Guid(be8977d5b7f126b408e463dcd51d669b) Importer(815301076,1909f56bfc062723c751e8b465ee728b)
Start importing Assets/Torch/MedievalTorch.prefab using Guid(be8977d5b7f126b408e463dcd51d669b) Importer(815301076,1909f56bfc062723c751e8b465ee728b)  -> (artifact id: '01e69a149797ada9ccdab87ca14b5746') in 0.051235 seconds 
========================================================================
Received Import Request.
  Time since last request: 36.392831 seconds.
  path: Assets/Weapon_table/Table.dae
  artifactKey: Guid(b2bcbad51bc015344895f2331470066a) Importer(815301076,1909f56bfc062723c751e8b465ee728b)
Start importing Assets/Weapon_table/Table.dae using Guid(b2bcbad51bc015344895f2331470066a) Importer(815301076,1909f56bfc062723c751e8b465ee728b)  -> (artifact id: 'bf08df0e30d17fb89528547486b9f927') in 0.125018 seconds 
========================================================================
Received Import Request.
  Time since last request: 0.000044 seconds.
  path: Assets/Weapon_table/Table_orig.fbx
  artifactKey: Guid(6d23c9d076c41c747aaf66ce9a678388) Importer(815301076,1909f56bfc062723c751e8b465ee728b)
Start importing Assets/Weapon_table/Table_orig.fbx using Guid(6d23c9d076c41c747aaf66ce9a678388) Importer(815301076,1909f56bfc062723c751e8b465ee728b)  -> (artifact id: '6f821fda1d8581b623c40fbc88ff887f') in 0.269305 seconds 
========================================================================
Received Import Request.
  Time since last request: 5.611336 seconds.
  path: Assets/Torch/MedievalTorch.prefab
  artifactKey: Guid(be8977d5b7f126b408e463dcd51d669b) Importer(815301076,1909f56bfc062723c751e8b465ee728b)
Start importing Assets/Torch/MedievalTorch.prefab using Guid(be8977d5b7f126b408e463dcd51d669b) Importer(815301076,1909f56bfc062723c751e8b465ee728b)  -> (artifact id: 'dd2816ea7facfda0797eab3f285ad4f6') in 0.006201 seconds 
========================================================================
Received Import Request.
  Time since last request: 3.448540 seconds.
  path: Assets/Torch/MedievalTorch.prefab
  artifactKey: Guid(be8977d5b7f126b408e463dcd51d669b) Importer(815301076,1909f56bfc062723c751e8b465ee728b)
Start importing Assets/Torch/MedievalTorch.prefab using Guid(be8977d5b7f126b408e463dcd51d669b) Importer(815301076,1909f56bfc062723c751e8b465ee728b)  -> (artifact id: '801545a4c3b511213bfb87c930c8210f') in 0.070353 seconds 
========================================================================
Received Import Request.
  Time since last request: 64.077938 seconds.
  path: Assets/Torch/Texture
  artifactKey: Guid(b6b4b0f327dd990409cb8f8a08259f77) Importer(815301076,1909f56bfc062723c751e8b465ee728b)
Start importing Assets/Torch/Texture using Guid(b6b4b0f327dd990409cb8f8a08259f77) Importer(815301076,1909f56bfc062723c751e8b465ee728b)  -> (artifact id: '9ab7917b161ecbca3286ade1d474a791') in 0.037782 seconds 
========================================================================
Received Import Request.
  Time since last request: 2688.997952 seconds.
  path: Assets/Torch/Material/torch_color.mat
  artifactKey: Guid(b2cb9c9c0335f7849983e968c6ac4508) Importer(815301076,1909f56bfc062723c751e8b465ee728b)
Start importing Assets/Torch/Material/torch_color.mat using Guid(b2cb9c9c0335f7849983e968c6ac4508) Importer(815301076,1909f56bfc062723c751e8b465ee728b)  -> (artifact id: 'b56af72fa52727829e89767f19602731') in 1.751974 seconds 
